 2023-05-08 00:00:01.305 [TaskEngine-pool-1] INFO  com.gzw.kd.scheduletask.ScheduleTaskTwo - ------------------------------- gzw -------- timeTask-----------------------------------
 2023-05-08 00:00:06.310 [TaskEngine-pool-1] INFO  com.gzw.kd.scheduletask.ScheduleTaskTwo - ------------------------------- gzw -------- timeTask-----------------------------------
 2023-05-08 00:00:11.314 [TaskEngine-pool-1] INFO  com.gzw.kd.scheduletask.ScheduleTaskTwo - ------------------------------- gzw -------- timeTask-----------------------------------
 2023-05-08 00:00:16.315 [TaskEngine-pool-1] INFO  com.gzw.kd.scheduletask.ScheduleTaskTwo - ------------------------------- gzw -------- timeTask-----------------------------------
 2023-05-08 00:00:21.317 [TaskEngine-pool-1] INFO  com.gzw.kd.scheduletask.ScheduleTaskTwo - ------------------------------- gzw -------- timeTask-----------------------------------
 2023-05-08 00:00:26.319 [TaskEngine-pool-1] INFO  com.gzw.kd.scheduletask.ScheduleTaskTwo - ------------------------------- gzw -------- timeTask-----------------------------------
 2023-05-08 00:00:31.323 [TaskEngine-pool-1] INFO  com.gzw.kd.scheduletask.ScheduleTaskTwo - ------------------------------- gzw -------- timeTask-----------------------------------
 2023-05-08 00:00:36.325 [TaskEngine-pool-1] INFO  com.gzw.kd.scheduletask.ScheduleTaskTwo - ------------------------------- gzw -------- timeTask-----------------------------------
 2023-05-08 00:00:41.327 [TaskEngine-pool-1] INFO  com.gzw.kd.scheduletask.ScheduleTaskTwo - ------------------------------- gzw -------- timeTask-----------------------------------
 2023-05-08 00:00:46.329 [TaskEngine-pool-1] INFO  com.gzw.kd.scheduletask.ScheduleTaskTwo - ------------------------------- gzw -------- timeTask-----------------------------------
 2023-05-08 00:00:51.330 [TaskEngine-pool-1] INFO  com.gzw.kd.scheduletask.ScheduleTaskTwo - ------------------------------- gzw -------- timeTask-----------------------------------
 2023-05-08 00:00:56.330 [TaskEngine-pool-1] INFO  com.gzw.kd.scheduletask.ScheduleTaskTwo - ------------------------------- gzw -------- timeTask-----------------------------------
 2023-05-08 00:01:01.335 [TaskEngine-pool-1] INFO  com.gzw.kd.scheduletask.ScheduleTaskTwo - ------------------------------- gzw -------- timeTask-----------------------------------
 2023-05-08 00:01:06.335 [TaskEngine-pool-1] INFO  com.gzw.kd.scheduletask.ScheduleTaskTwo - ------------------------------- gzw -------- timeTask-----------------------------------
 2023-05-08 00:01:11.338 [TaskEngine-pool-1] INFO  com.gzw.kd.scheduletask.ScheduleTaskTwo - ------------------------------- gzw -------- timeTask-----------------------------------
 2023-05-08 00:01:16.338 [TaskEngine-pool-1] INFO  com.gzw.kd.scheduletask.ScheduleTaskTwo - ------------------------------- gzw -------- timeTask-----------------------------------
 2023-05-08 00:01:21.343 [TaskEngine-pool-1] INFO  com.gzw.kd.scheduletask.ScheduleTaskTwo - ------------------------------- gzw -------- timeTask-----------------------------------
 2023-05-08 00:01:26.346 [TaskEngine-pool-1] INFO  com.gzw.kd.scheduletask.ScheduleTaskTwo - ------------------------------- gzw -------- timeTask-----------------------------------
 2023-05-08 00:01:31.349 [TaskEngine-pool-1] INFO  com.gzw.kd.scheduletask.ScheduleTaskTwo - ------------------------------- gzw -------- timeTask-----------------------------------
 2023-05-08 00:01:36.354 [TaskEngine-pool-1] INFO  com.gzw.kd.scheduletask.ScheduleTaskTwo - ------------------------------- gzw -------- timeTask-----------------------------------
 2023-05-08 00:01:41.356 [TaskEngine-pool-1] INFO  com.gzw.kd.scheduletask.ScheduleTaskTwo - ------------------------------- gzw -------- timeTask-----------------------------------
 2023-05-08 00:01:46.360 [TaskEngine-pool-1] INFO  com.gzw.kd.scheduletask.ScheduleTaskTwo - ------------------------------- gzw -------- timeTask-----------------------------------
 2023-05-08 00:01:51.360 [TaskEngine-pool-1] INFO  com.gzw.kd.scheduletask.ScheduleTaskTwo - ------------------------------- gzw -------- timeTask-----------------------------------
 2023-05-08 00:01:56.360 [TaskEngine-pool-1] INFO  com.gzw.kd.scheduletask.ScheduleTaskTwo - ------------------------------- gzw -------- timeTask-----------------------------------
 2023-05-08 00:02:01.360 [TaskEngine-pool-1] INFO  com.gzw.kd.scheduletask.ScheduleTaskTwo - ------------------------------- gzw -------- timeTask-----------------------------------
 2023-05-08 00:02:06.364 [TaskEngine-pool-1] INFO  com.gzw.kd.scheduletask.ScheduleTaskTwo - ------------------------------- gzw -------- timeTask-----------------------------------
 2023-05-08 00:02:11.364 [TaskEngine-pool-1] INFO  com.gzw.kd.scheduletask.ScheduleTaskTwo - ------------------------------- gzw -------- timeTask-----------------------------------
 2023-05-08 00:02:11.690 [Thread-9] WARN  com.alibaba.nacos.common.notify.NotifyCenter - [NotifyCenter] Start destroying Publisher
 2023-05-08 00:02:11.700 [Export-executor-shutdown-hook-thread] INFO  com.gzw.kd.export.AsyncTaskExecutorService - Export executor closing...
 2023-05-08 00:02:11.691 [Thread-12] WARN  com.alibaba.nacos.common.http.HttpClientBeanHolder - [HttpClientBeanHolder] Start destroying common HttpClient
 2023-05-08 00:02:11.724 [Export-executor-shutdown-hook-thread] INFO  com.gzw.kd.export.AsyncTaskExecutorService - Export executor closed
 2023-05-08 00:02:11.731 [Thread-9] WARN  com.alibaba.nacos.common.notify.NotifyCenter - [NotifyCenter] Destruction of the end
 2023-05-08 00:02:11.745 [Thread-12] WARN  com.alibaba.nacos.common.http.HttpClientBeanHolder - [HttpClientBeanHolder] Destruction of the end
