 2023-04-27 00:18:43.087 [main] DEBUG org.mybatis.spring.mapper.ClassPathMapperScanner - Identified candidate component class: file [/Users/gaozhiwei/kd/target/classes/com/gzw/kd/mapper/AsyncTasksLogMapper.class]
 2023-04-27 00:18:43.089 [main] DEBUG org.mybatis.spring.mapper.ClassPathMapperScanner - Ignored because not a concrete top-level class: file [/Users/gaozhiwei/kd/target/classes/com/gzw/kd/mapper/CommonEsMapper.class]
 2023-04-27 00:18:43.089 [main] DEBUG org.mybatis.spring.mapper.ClassPathMapperScanner - Identified candidate component class: file [/Users/gaozhiwei/kd/target/classes/com/gzw/kd/mapper/ConfigMapper.class]
 2023-04-27 00:18:43.089 [main] DEBUG org.mybatis.spring.mapper.ClassPathMapperScanner - Identified candidate component class: file [/Users/gaozhiwei/kd/target/classes/com/gzw/kd/mapper/CronTriggerMapper.class]
 2023-04-27 00:18:43.089 [main] DEBUG org.mybatis.spring.mapper.ClassPathMapperScanner - Identified candidate component class: file [/Users/gaozhiwei/kd/target/classes/com/gzw/kd/mapper/CustomerMapper.class]
 2023-04-27 00:18:43.090 [main] DEBUG org.mybatis.spring.mapper.ClassPathMapperScanner - Identified candidate component class: file [/Users/gaozhiwei/kd/target/classes/com/gzw/kd/mapper/DocMapper.class]
 2023-04-27 00:18:43.090 [main] DEBUG org.mybatis.spring.mapper.ClassPathMapperScanner - Ignored because not a concrete top-level class: file [/Users/gaozhiwei/kd/target/classes/com/gzw/kd/mapper/EsMapper.class]
 2023-04-27 00:18:43.090 [main] DEBUG org.mybatis.spring.mapper.ClassPathMapperScanner - Identified candidate component class: file [/Users/gaozhiwei/kd/target/classes/com/gzw/kd/mapper/JobDetailMapper.class]
 2023-04-27 00:18:43.090 [main] DEBUG org.mybatis.spring.mapper.ClassPathMapperScanner - Ignored because not a concrete top-level class: file [/Users/gaozhiwei/kd/target/classes/com/gzw/kd/mapper/LogEsMapper.class]
 2023-04-27 00:18:43.090 [main] DEBUG org.mybatis.spring.mapper.ClassPathMapperScanner - Identified candidate component class: file [/Users/gaozhiwei/kd/target/classes/com/gzw/kd/mapper/LogMapper.class]
 2023-04-27 00:18:43.090 [main] DEBUG org.mybatis.spring.mapper.ClassPathMapperScanner - Identified candidate component class: file [/Users/gaozhiwei/kd/target/classes/com/gzw/kd/mapper/SystemOperationLogMapper.class]
 2023-04-27 00:18:43.090 [main] DEBUG org.mybatis.spring.mapper.ClassPathMapperScanner - Identified candidate component class: file [/Users/gaozhiwei/kd/target/classes/com/gzw/kd/mapper/TemplateMapper.class]
 2023-04-27 00:18:43.090 [main] DEBUG org.mybatis.spring.mapper.ClassPathMapperScanner - Identified candidate component class: file [/Users/gaozhiwei/kd/target/classes/com/gzw/kd/mapper/TriggerMapper.class]
 2023-04-27 00:18:43.090 [main] DEBUG org.mybatis.spring.mapper.ClassPathMapperScanner - Identified candidate component class: file [/Users/gaozhiwei/kd/target/classes/com/gzw/kd/mapper/UserMapper.class]
 2023-04-27 00:18:43.090 [main] DEBUG org.mybatis.spring.mapper.ClassPathMapperScanner - Identified candidate component class: file [/Users/gaozhiwei/kd/target/classes/com/gzw/kd/mapper/WxUserMapper.class]
 2023-04-27 00:18:43.091 [main] DEBUG org.mybatis.spring.mapper.ClassPathMapperScanner - Creating MapperFactoryBean with name 'asyncTasksLogMapper' and 'com.gzw.kd.mapper.AsyncTasksLogMapper' mapperInterface
 2023-04-27 00:18:43.095 [main] DEBUG org.mybatis.spring.mapper.ClassPathMapperScanner - Enabling autowire by type for MapperFactoryBean with name 'asyncTasksLogMapper'.
 2023-04-27 00:18:43.095 [main] DEBUG org.mybatis.spring.mapper.ClassPathMapperScanner - Creating MapperFactoryBean with name 'configMapper' and 'com.gzw.kd.mapper.ConfigMapper' mapperInterface
 2023-04-27 00:18:43.096 [main] DEBUG org.mybatis.spring.mapper.ClassPathMapperScanner - Enabling autowire by type for MapperFactoryBean with name 'configMapper'.
 2023-04-27 00:18:43.096 [main] DEBUG org.mybatis.spring.mapper.ClassPathMapperScanner - Creating MapperFactoryBean with name 'cronTriggerMapper' and 'com.gzw.kd.mapper.CronTriggerMapper' mapperInterface
 2023-04-27 00:18:43.096 [main] DEBUG org.mybatis.spring.mapper.ClassPathMapperScanner - Enabling autowire by type for MapperFactoryBean with name 'cronTriggerMapper'.
 2023-04-27 00:18:43.097 [main] DEBUG org.mybatis.spring.mapper.ClassPathMapperScanner - Creating MapperFactoryBean with name 'customerMapper' and 'com.gzw.kd.mapper.CustomerMapper' mapperInterface
 2023-04-27 00:18:43.097 [main] DEBUG org.mybatis.spring.mapper.ClassPathMapperScanner - Enabling autowire by type for MapperFactoryBean with name 'customerMapper'.
 2023-04-27 00:18:43.097 [main] DEBUG org.mybatis.spring.mapper.ClassPathMapperScanner - Creating MapperFactoryBean with name 'docMapper' and 'com.gzw.kd.mapper.DocMapper' mapperInterface
 2023-04-27 00:18:43.098 [main] DEBUG org.mybatis.spring.mapper.ClassPathMapperScanner - Enabling autowire by type for MapperFactoryBean with name 'docMapper'.
 2023-04-27 00:18:43.098 [main] DEBUG org.mybatis.spring.mapper.ClassPathMapperScanner - Creating MapperFactoryBean with name 'jobDetailMapper' and 'com.gzw.kd.mapper.JobDetailMapper' mapperInterface
 2023-04-27 00:18:43.098 [main] DEBUG org.mybatis.spring.mapper.ClassPathMapperScanner - Enabling autowire by type for MapperFactoryBean with name 'jobDetailMapper'.
 2023-04-27 00:18:43.098 [main] DEBUG org.mybatis.spring.mapper.ClassPathMapperScanner - Creating MapperFactoryBean with name 'logMapper' and 'com.gzw.kd.mapper.LogMapper' mapperInterface
 2023-04-27 00:18:43.098 [main] DEBUG org.mybatis.spring.mapper.ClassPathMapperScanner - Enabling autowire by type for MapperFactoryBean with name 'logMapper'.
 2023-04-27 00:18:43.099 [main] DEBUG org.mybatis.spring.mapper.ClassPathMapperScanner - Creating MapperFactoryBean with name 'systemOperationLogMapper' and 'com.gzw.kd.mapper.SystemOperationLogMapper' mapperInterface
 2023-04-27 00:18:43.099 [main] DEBUG org.mybatis.spring.mapper.ClassPathMapperScanner - Enabling autowire by type for MapperFactoryBean with name 'systemOperationLogMapper'.
 2023-04-27 00:18:43.099 [main] DEBUG org.mybatis.spring.mapper.ClassPathMapperScanner - Creating MapperFactoryBean with name 'templateMapper' and 'com.gzw.kd.mapper.TemplateMapper' mapperInterface
 2023-04-27 00:18:43.099 [main] DEBUG org.mybatis.spring.mapper.ClassPathMapperScanner - Enabling autowire by type for MapperFactoryBean with name 'templateMapper'.
 2023-04-27 00:18:43.100 [main] DEBUG org.mybatis.spring.mapper.ClassPathMapperScanner - Creating MapperFactoryBean with name 'triggerMapper' and 'com.gzw.kd.mapper.TriggerMapper' mapperInterface
 2023-04-27 00:18:43.100 [main] DEBUG org.mybatis.spring.mapper.ClassPathMapperScanner - Enabling autowire by type for MapperFactoryBean with name 'triggerMapper'.
 2023-04-27 00:18:43.100 [main] DEBUG org.mybatis.spring.mapper.ClassPathMapperScanner - Creating MapperFactoryBean with name 'userMapper' and 'com.gzw.kd.mapper.UserMapper' mapperInterface
 2023-04-27 00:18:43.100 [main] DEBUG org.mybatis.spring.mapper.ClassPathMapperScanner - Enabling autowire by type for MapperFactoryBean with name 'userMapper'.
 2023-04-27 00:18:43.101 [main] DEBUG org.mybatis.spring.mapper.ClassPathMapperScanner - Creating MapperFactoryBean with name 'wxUserMapper' and 'com.gzw.kd.mapper.WxUserMapper' mapperInterface
 2023-04-27 00:18:43.101 [main] DEBUG org.mybatis.spring.mapper.ClassPathMapperScanner - Enabling autowire by type for MapperFactoryBean with name 'wxUserMapper'.
 2023-04-27 00:18:47.322 [main] DEBUG org.mybatis.spring.SqlSessionFactoryBean - Parsed mapper file: 'file [/Users/gaozhiwei/kd/target/classes/mapper/AsyncTaskLogMapper.xml]'
 2023-04-27 00:18:47.347 [main] DEBUG org.mybatis.spring.SqlSessionFactoryBean - Parsed mapper file: 'file [/Users/gaozhiwei/kd/target/classes/mapper/CronTriggerMapper.xml]'
 2023-04-27 00:18:47.361 [main] DEBUG org.mybatis.spring.SqlSessionFactoryBean - Parsed mapper file: 'file [/Users/gaozhiwei/kd/target/classes/mapper/CustomerMapper.xml]'
 2023-04-27 00:18:47.375 [main] DEBUG org.mybatis.spring.SqlSessionFactoryBean - Parsed mapper file: 'file [/Users/gaozhiwei/kd/target/classes/mapper/DocMapper.xml]'
 2023-04-27 00:18:47.395 [main] DEBUG org.mybatis.spring.SqlSessionFactoryBean - Parsed mapper file: 'file [/Users/gaozhiwei/kd/target/classes/mapper/JobDetailMapper.xml]'
 2023-04-27 00:18:47.403 [main] DEBUG org.mybatis.spring.SqlSessionFactoryBean - Parsed mapper file: 'file [/Users/gaozhiwei/kd/target/classes/mapper/LogMapper.xml]'
 2023-04-27 00:18:47.411 [main] DEBUG org.mybatis.spring.SqlSessionFactoryBean - Parsed mapper file: 'file [/Users/gaozhiwei/kd/target/classes/mapper/SystemOperatorLogMapper.xml]'
 2023-04-27 00:18:47.416 [main] DEBUG org.mybatis.spring.SqlSessionFactoryBean - Parsed mapper file: 'file [/Users/gaozhiwei/kd/target/classes/mapper/TemplateMapper.xml]'
 2023-04-27 00:18:47.435 [main] DEBUG org.mybatis.spring.SqlSessionFactoryBean - Parsed mapper file: 'file [/Users/gaozhiwei/kd/target/classes/mapper/TriggerMapper.xml]'
 2023-04-27 00:18:47.446 [main] DEBUG org.mybatis.spring.SqlSessionFactoryBean - Parsed mapper file: 'file [/Users/gaozhiwei/kd/target/classes/mapper/UserMapper.xml]'
 2023-04-27 00:18:47.456 [main] DEBUG org.mybatis.spring.SqlSessionFactoryBean - Parsed mapper file: 'file [/Users/gaozhiwei/kd/target/classes/mapper/WxUserMapper.xml]'
kd.0207a21a95a94d50 2023-04-27 00:19:20.586 [http-nio-8092-exec-9] DEBUG org.mybatis.spring.SqlSessionUtils - Creating a new SqlSession
kd.0207a21a95a94d50 2023-04-27 00:19:20.592 [http-nio-8092-exec-9] DEBUG org.mybatis.spring.SqlSessionUtils - SqlSession [org.apache.ibatis.session.defaults.DefaultSqlSession@224d100f] was not registered for synchronization because synchronization is not active
kd.0207a21a95a94d50 2023-04-27 00:19:20.594 [http-nio-8092-exec-9] DEBUG o.m.spring.transaction.SpringManagedTransaction - JDBC Connection [com.mysql.cj.jdbc.ConnectionImpl@544327e1] will not be managed by Spring
kd.0207a21a95a94d50 2023-04-27 00:19:20.600 [http-nio-8092-exec-9] DEBUG org.mybatis.spring.SqlSessionUtils - Closing non transactional SqlSession [org.apache.ibatis.session.defaults.DefaultSqlSession@224d100f]
kd.0207a21a95a94d50 2023-04-27 00:19:20.919 [http-nio-8092-exec-9] DEBUG org.mybatis.spring.SqlSessionUtils - Creating a new SqlSession
kd.0207a21a95a94d50 2023-04-27 00:19:20.919 [http-nio-8092-exec-9] DEBUG org.mybatis.spring.SqlSessionUtils - SqlSession [org.apache.ibatis.session.defaults.DefaultSqlSession@dcc81f9] was not registered for synchronization because synchronization is not active
kd.0207a21a95a94d50 2023-04-27 00:19:20.919 [http-nio-8092-exec-9] DEBUG o.m.spring.transaction.SpringManagedTransaction - JDBC Connection [com.mysql.cj.jdbc.ConnectionImpl@544327e1] will not be managed by Spring
kd.0207a21a95a94d50 2023-04-27 00:19:20.925 [http-nio-8092-exec-9] DEBUG org.mybatis.spring.SqlSessionUtils - Closing non transactional SqlSession [org.apache.ibatis.session.defaults.DefaultSqlSession@dcc81f9]
kd.fb28648bc17446ed 2023-04-27 00:19:21.115 [http-nio-8092-exec-1] DEBUG org.mybatis.spring.SqlSessionUtils - Creating a new SqlSession
kd.fb28648bc17446ed 2023-04-27 00:19:21.115 [http-nio-8092-exec-1] DEBUG org.mybatis.spring.SqlSessionUtils - SqlSession [org.apache.ibatis.session.defaults.DefaultSqlSession@3507e34c] was not registered for synchronization because synchronization is not active
kd.fb28648bc17446ed 2023-04-27 00:19:21.115 [http-nio-8092-exec-1] DEBUG o.m.spring.transaction.SpringManagedTransaction - JDBC Connection [com.mysql.cj.jdbc.ConnectionImpl@544327e1] will not be managed by Spring
kd.fb28648bc17446ed 2023-04-27 00:19:21.116 [http-nio-8092-exec-1] DEBUG org.mybatis.spring.SqlSessionUtils - Closing non transactional SqlSession [org.apache.ibatis.session.defaults.DefaultSqlSession@3507e34c]
kd.4331b0edd8d0441f 2023-04-27 00:19:53.371 [http-nio-8092-exec-4] DEBUG org.mybatis.spring.SqlSessionUtils - Creating a new SqlSession
kd.4331b0edd8d0441f 2023-04-27 00:19:53.372 [http-nio-8092-exec-4] DEBUG org.mybatis.spring.SqlSessionUtils - SqlSession [org.apache.ibatis.session.defaults.DefaultSqlSession@4e3da204] was not registered for synchronization because synchronization is not active
kd.4331b0edd8d0441f 2023-04-27 00:19:53.372 [http-nio-8092-exec-4] DEBUG o.m.spring.transaction.SpringManagedTransaction - JDBC Connection [com.mysql.cj.jdbc.ConnectionImpl@544327e1] will not be managed by Spring
kd.4331b0edd8d0441f 2023-04-27 00:19:53.379 [http-nio-8092-exec-4] DEBUG org.mybatis.spring.SqlSessionUtils - Closing non transactional SqlSession [org.apache.ibatis.session.defaults.DefaultSqlSession@4e3da204]
kd.4331b0edd8d0441f 2023-04-27 00:19:53.413 [http-nio-8092-exec-4] DEBUG org.mybatis.spring.SqlSessionUtils - Creating a new SqlSession
kd.4331b0edd8d0441f 2023-04-27 00:19:53.413 [http-nio-8092-exec-4] DEBUG org.mybatis.spring.SqlSessionUtils - SqlSession [org.apache.ibatis.session.defaults.DefaultSqlSession@4a55cc04] was not registered for synchronization because synchronization is not active
kd.4331b0edd8d0441f 2023-04-27 00:19:53.413 [http-nio-8092-exec-4] DEBUG o.m.spring.transaction.SpringManagedTransaction - JDBC Connection [com.mysql.cj.jdbc.ConnectionImpl@544327e1] will not be managed by Spring
kd.4331b0edd8d0441f 2023-04-27 00:19:53.417 [http-nio-8092-exec-4] DEBUG org.mybatis.spring.SqlSessionUtils - Closing non transactional SqlSession [org.apache.ibatis.session.defaults.DefaultSqlSession@4a55cc04]
 2023-04-27 00:20:00.014 [pool-7-thread-1] DEBUG org.mybatis.spring.SqlSessionUtils - Creating a new SqlSession
 2023-04-27 00:20:00.017 [pool-7-thread-1] DEBUG org.mybatis.spring.SqlSessionUtils - SqlSession [org.apache.ibatis.session.defaults.DefaultSqlSession@454bd589] was not registered for synchronization because synchronization is not active
 2023-04-27 00:20:00.020 [pool-7-thread-1] DEBUG o.m.spring.transaction.SpringManagedTransaction - JDBC Connection [com.mysql.cj.jdbc.ConnectionImpl@544327e1] will not be managed by Spring
 2023-04-27 00:20:00.029 [pool-7-thread-1] DEBUG org.mybatis.spring.SqlSessionUtils - Closing non transactional SqlSession [org.apache.ibatis.session.defaults.DefaultSqlSession@454bd589]
