 2023-04-18 11:52:41.960 [main] INFO  org.springframework.boot.SpringApplication - 

   ___              ____          __      __
  / __|     o O O  |_  /     o O O\ \    / /
 | (_ |    o        / /     o      \ \/\/ /
  \___|   TS__[O]  /___|   TS__[O]  \_/\_/
_|"""""| {======|_|"""""| {======|_|"""""|
"`-0-0-'./o--000'"`-0-0-'./o--000'"`-0-0-'

B+树 https://www.cs.usfca.edu/~galles/visualization/BPlusTree.html

kd version 0.0.1
Spring Boot Version: 2.7.4 (v2.7.4) >>>欢迎使用后台管理系统 大道至简 代码玄学<<<



 2023-04-18 11:52:42.055 [background-preinit] INFO  org.hibernate.validator.internal.util.Version - HV000001: Hibernate Validator 6.2.5.Final
 2023-04-18 11:52:42.104 [main] INFO  com.gzw.kd.KdApplication - Starting KdApplication using Java 1.8.0_181 on gaozhiwei.local with PID 7861 (/Users/gaozhiwei/kd/target/classes started by gaozhiwei in /Users/gaozhiwei/kd)
 2023-04-18 11:52:42.105 [main] INFO  com.gzw.kd.KdApplication - The following 1 profile is active: "dev"
 2023-04-18 11:52:44.470 [main] INFO  o.s.d.r.config.RepositoryConfigurationDelegate - Multiple Spring Data modules found, entering strict repository configuration mode
 2023-04-18 11:52:44.475 [main] INFO  o.s.d.r.config.RepositoryConfigurationDelegate - Bootstrapping Spring Data Redis repositories in DEFAULT mode.
 2023-04-18 11:52:44.544 [main] INFO  o.s.d.r.config.RepositoryConfigurationDelegate - Finished Spring Data repository scanning in 46 ms. Found 0 Redis repository interfaces.
 2023-04-18 11:52:45.116 [main] INFO  o.springframework.cloud.context.scope.GenericScope - BeanFactory id=eba8df4b-1afa-3cc5-945e-3864c19c0e59
 2023-04-18 11:52:46.685 [main] INFO  o.s.boot.web.embedded.tomcat.TomcatWebServer - Tomcat initialized with port(s): 8092 (http)
 2023-04-18 11:52:46.702 [main] INFO  org.apache.coyote.http11.Http11NioProtocol - Initializing ProtocolHandler ["http-nio-8092"]
 2023-04-18 11:52:46.703 [main] INFO  org.apache.catalina.core.StandardService - Starting service [Tomcat]
 2023-04-18 11:52:46.703 [main] INFO  org.apache.catalina.core.StandardEngine - Starting Servlet engine: [Apache Tomcat/9.0.65]
 2023-04-18 11:52:47.150 [main] INFO  o.a.c.core.ContainerBase.[Tomcat].[localhost].[/] - Initializing Spring embedded WebApplicationContext
 2023-04-18 11:52:47.150 [main] INFO  o.s.b.w.s.c.ServletWebServerApplicationContext - Root WebApplicationContext: initialization completed in 4944 ms
 2023-04-18 11:52:47.300 [main] INFO  o.a.c.core.ContainerBase.[Tomcat].[localhost].[/] - Set web app root system property: 'webapp.root' = [/private/var/folders/8q/l6vbl9k173lftyjksgtf0_6m0000gn/T/tomcat-docbase.8092.3817103105339610488/]
 2023-04-18 11:52:47.366 [main] INFO  com.gzw.kd.config.ElasticsearchConfiguration - restHighLevelClient build 正在创建 ------------------------------------------------------
 2023-04-18 11:52:47.415 [main] INFO  com.gzw.kd.config.ElasticsearchConfiguration - restHighLevelClient build 创建成功 ------------------------------------------------------
 2023-04-18 11:52:49.671 [main] INFO  com.alibaba.druid.pool.DruidDataSource - {dataSource-1} inited
 2023-04-18 11:52:49.760 [main] INFO  com.alibaba.druid.pool.DruidDataSource - {dataSource-2} inited
 2023-04-18 11:52:49.808 [main] INFO  com.alibaba.druid.pool.DruidDataSource - {dataSource-3} inited
 2023-04-18 11:52:50.353 [main] INFO  org.flywaydb.core.internal.license.VersionPrinter - Flyway Community Edition 6.4.4 by Redgate
 2023-04-18 11:52:50.422 [main] INFO  o.flywaydb.core.internal.database.DatabaseFactory - Database: jdbc:mysql://127.0.0.1:3306/doc (MySQL 8.0)
 2023-04-18 11:52:50.611 [main] INFO  org.flywaydb.core.internal.command.DbValidate - Successfully validated 6 migrations (execution time 00:00.067s)
 2023-04-18 11:52:50.623 [main] INFO  org.flywaydb.core.internal.command.DbMigrate - Current version of schema `doc`: 1.0.5
 2023-04-18 11:52:50.624 [main] INFO  org.flywaydb.core.internal.command.DbMigrate - Schema `doc` is up to date. No migration necessary.
 2023-04-18 11:52:51.509 [main] INFO  com.gzw.kd.common.utils.AESCrypt - 初始化成功了
 2023-04-18 11:52:51.712 [main] INFO  com.gzw.kd.common.utils.HttpClientUtil - http client init success ....................
 2023-04-18 11:52:51.803 [main] INFO  org.quartz.impl.StdSchedulerFactory - Using default implementation for ThreadExecutor
 2023-04-18 11:52:51.807 [main] INFO  org.quartz.simpl.SimpleThreadPool - Job execution threads will use class loader of thread: main
 2023-04-18 11:52:51.825 [main] INFO  org.quartz.core.SchedulerSignalerImpl - Initialized Scheduler Signaller of type: class org.quartz.core.SchedulerSignalerImpl
 2023-04-18 11:52:51.826 [main] INFO  org.quartz.core.QuartzScheduler - Quartz Scheduler v.2.3.2 created.
 2023-04-18 11:52:51.827 [main] INFO  org.quartz.impl.jdbcjobstore.JobStoreTX - Using thread monitor-based data access locking (synchronization).
 2023-04-18 11:52:51.828 [main] INFO  org.quartz.impl.jdbcjobstore.JobStoreTX - JobStoreTX initialized.
 2023-04-18 11:52:51.829 [main] INFO  org.quartz.core.QuartzScheduler - Scheduler meta-data: Quartz Scheduler (v2.3.2) 'kd_DefaultQuartzScheduler' with instanceId 'NON_CLUSTERED'
  Scheduler class: 'org.quartz.core.QuartzScheduler' - running locally.
  NOT STARTED.
  Currently in standby mode.
  Number of jobs executed: 0
  Using thread pool 'org.quartz.simpl.SimpleThreadPool' - with 5 threads.
  Using job-store 'org.quartz.impl.jdbcjobstore.JobStoreTX' - which supports persistence. and is not clustered.

 2023-04-18 11:52:51.829 [main] INFO  org.quartz.impl.StdSchedulerFactory - Quartz scheduler 'kd_DefaultQuartzScheduler' initialized from an externally provided properties instance.
 2023-04-18 11:52:51.829 [main] INFO  org.quartz.impl.StdSchedulerFactory - Quartz scheduler version: 2.3.2
 2023-04-18 11:52:51.831 [main] INFO  org.quartz.core.QuartzScheduler - JobFactory set to: org.springframework.scheduling.quartz.AdaptableJobFactory@17fa25f1
 2023-04-18 11:52:52.172 [main] INFO  com.gzw.kd.scheduletask.AsyncTaskJobHandler - Async task impl list: [com.gzw.kd.export.service.LogExportAsyncTask@1f50fe84]
 2023-04-18 11:52:52.935 [main] INFO  com.gzw.kd.config.ExecutorConfiguration - start asyncTaskExecutor
 2023-04-18 11:52:52.989 [main] INFO  com.netflix.config.sources.URLConfigurationSource - To enable URLs as dynamic configuration sources, define System property archaius.configurationSource.additionalUrls or make config.properties available on classpath.
 2023-04-18 11:52:53.002 [main] INFO  com.netflix.config.sources.URLConfigurationSource - To enable URLs as dynamic configuration sources, define System property archaius.configurationSource.additionalUrls or make config.properties available on classpath.
 2023-04-18 11:52:53.819 [main] INFO  o.f.s.b.a.AppEngineAutoConfiguration$$EnhancerBySpringCGLIB$$9d5f6c3c - No deployment resources were found for autodeployment
 2023-04-18 11:52:53.997 [main] INFO  o.f.s.b.ProcessEngineAutoConfiguration$$EnhancerBySpringCGLIB$$c57cb3e1 - No deployment resources were found for autodeployment
 2023-04-18 11:52:54.290 [main] INFO  o.f.s.b.c.CmmnEngineAutoConfiguration$$EnhancerBySpringCGLIB$$edf67482 - No deployment resources were found for autodeployment
 2023-04-18 11:52:54.456 [main] INFO  o.f.s.b.d.DmnEngineAutoConfiguration$$EnhancerBySpringCGLIB$$4577b674 - No deployment resources were found for autodeployment
 2023-04-18 11:52:54.547 [main] INFO  o.f.s.b.f.FormEngineAutoConfiguration$$EnhancerBySpringCGLIB$$899d30e2 - No deployment resources were found for autodeployment
 2023-04-18 11:52:54.669 [main] INFO  o.f.common.engine.impl.AbstractEngineConfiguration - Found 6 Engine Configurators in total:
 2023-04-18 11:52:54.670 [main] INFO  o.f.common.engine.impl.AbstractEngineConfiguration - class org.flowable.engine.spring.configurator.SpringProcessEngineConfigurator (priority:50000)
 2023-04-18 11:52:54.670 [main] INFO  o.f.common.engine.impl.AbstractEngineConfiguration - class org.flowable.idm.spring.configurator.SpringIdmEngineConfigurator (priority:100000)
 2023-04-18 11:52:54.670 [main] INFO  o.f.common.engine.impl.AbstractEngineConfiguration - class org.flowable.dmn.spring.configurator.SpringDmnEngineConfigurator (priority:200000)
 2023-04-18 11:52:54.670 [main] INFO  o.f.common.engine.impl.AbstractEngineConfiguration - class org.flowable.form.spring.configurator.SpringFormEngineConfigurator (priority:300000)
 2023-04-18 11:52:54.671 [main] INFO  o.f.common.engine.impl.AbstractEngineConfiguration - class org.flowable.content.spring.configurator.SpringContentEngineConfigurator (priority:400000)
 2023-04-18 11:52:54.671 [main] INFO  o.f.common.engine.impl.AbstractEngineConfiguration - class org.flowable.cmmn.spring.configurator.SpringCmmnEngineConfigurator (priority:500000)
 2023-04-18 11:52:54.671 [main] INFO  o.f.common.engine.impl.AbstractEngineConfiguration - Executing beforeInit() of class org.flowable.engine.spring.configurator.SpringProcessEngineConfigurator (priority:50000)
 2023-04-18 11:52:54.678 [main] INFO  o.f.common.engine.impl.AbstractEngineConfiguration - Executing beforeInit() of class org.flowable.idm.spring.configurator.SpringIdmEngineConfigurator (priority:100000)
 2023-04-18 11:52:54.682 [main] INFO  o.f.common.engine.impl.AbstractEngineConfiguration - Executing beforeInit() of class org.flowable.dmn.spring.configurator.SpringDmnEngineConfigurator (priority:200000)
 2023-04-18 11:52:54.686 [main] INFO  o.f.common.engine.impl.AbstractEngineConfiguration - Executing beforeInit() of class org.flowable.form.spring.configurator.SpringFormEngineConfigurator (priority:300000)
 2023-04-18 11:52:54.690 [main] INFO  o.f.common.engine.impl.AbstractEngineConfiguration - Executing beforeInit() of class org.flowable.content.spring.configurator.SpringContentEngineConfigurator (priority:400000)
 2023-04-18 11:52:54.695 [main] INFO  o.f.common.engine.impl.AbstractEngineConfiguration - Executing beforeInit() of class org.flowable.cmmn.spring.configurator.SpringCmmnEngineConfigurator (priority:500000)
 2023-04-18 11:52:55.979 [main] INFO  o.f.common.engine.impl.AbstractEngineConfiguration - Executing configure() of class org.flowable.engine.spring.configurator.SpringProcessEngineConfigurator (priority:50000)
 2023-04-18 11:52:56.328 [main] INFO  org.flowable.engine.impl.ProcessEngineImpl - ProcessEngine default created
 2023-04-18 11:52:56.344 [main] INFO  o.f.j.s.impl.asyncexecutor.AbstractAsyncExecutor - Starting up the async job executor [org.flowable.spring.job.service.SpringAsyncExecutor].
 2023-04-18 11:52:56.346 [Thread-5] INFO  o.f.j.s.i.a.AcquireAsyncJobsDueRunnable - starting to acquire async jobs due
 2023-04-18 11:52:56.346 [Thread-6] INFO  o.f.j.s.i.asyncexecutor.AcquireTimerJobsRunnable - starting to acquire async jobs due
 2023-04-18 11:52:56.346 [Thread-7] INFO  o.f.j.s.i.asyncexecutor.ResetExpiredJobsRunnable - starting to reset expired jobs
 2023-04-18 11:52:56.396 [main] INFO  org.flowable.engine.impl.cmd.ValidateV5EntitiesCmd - Total of v5 deployments found: 0
 2023-04-18 11:52:56.404 [main] INFO  o.f.common.engine.impl.AbstractEngineConfiguration - Executing configure() of class org.flowable.idm.spring.configurator.SpringIdmEngineConfigurator (priority:100000)
 2023-04-18 11:52:56.436 [main] INFO  org.flowable.idm.engine.impl.IdmEngineImpl - IdmEngine default created
 2023-04-18 11:52:56.438 [main] INFO  o.f.common.engine.impl.AbstractEngineConfiguration - Executing configure() of class org.flowable.dmn.spring.configurator.SpringDmnEngineConfigurator (priority:200000)
 2023-04-18 11:52:57.513 [main] INFO  liquibase.lockservice - Successfully acquired change log lock
 2023-04-18 11:52:58.606 [main] INFO  liquibase.changelog - Reading from doc.ACT_DMN_DATABASECHANGELOG
 2023-04-18 11:52:59.584 [main] INFO  liquibase.lockservice - Successfully released change log lock
 2023-04-18 11:52:59.586 [main] INFO  org.flowable.dmn.engine.impl.DmnEngineImpl - DmnEngine default created
 2023-04-18 11:52:59.590 [main] INFO  o.f.common.engine.impl.AbstractEngineConfiguration - Executing configure() of class org.flowable.form.spring.configurator.SpringFormEngineConfigurator (priority:300000)
 2023-04-18 11:52:59.679 [main] INFO  liquibase.lockservice - Successfully acquired change log lock
 2023-04-18 11:53:00.187 [main] INFO  liquibase.changelog - Reading from doc.ACT_FO_DATABASECHANGELOG
 2023-04-18 11:53:00.290 [main] INFO  liquibase.lockservice - Successfully released change log lock
 2023-04-18 11:53:00.291 [main] INFO  org.flowable.form.engine.impl.FormEngineImpl - FormEngine default created
 2023-04-18 11:53:00.294 [main] INFO  o.f.common.engine.impl.AbstractEngineConfiguration - Executing configure() of class org.flowable.content.spring.configurator.SpringContentEngineConfigurator (priority:400000)
 2023-04-18 11:53:00.310 [main] INFO  o.f.content.engine.ContentEngineConfiguration - Content file system root : /Users/gaozhiwei/content
 2023-04-18 11:53:00.362 [main] INFO  liquibase.lockservice - Successfully acquired change log lock
 2023-04-18 11:53:00.716 [main] INFO  liquibase.changelog - Reading from doc.ACT_CO_DATABASECHANGELOG
 2023-04-18 11:53:00.751 [main] INFO  liquibase.lockservice - Successfully released change log lock
 2023-04-18 11:53:00.753 [main] INFO  org.flowable.content.engine.impl.ContentEngineImpl - ContentEngine default created
 2023-04-18 11:53:00.755 [main] INFO  o.f.common.engine.impl.AbstractEngineConfiguration - Executing configure() of class org.flowable.cmmn.spring.configurator.SpringCmmnEngineConfigurator (priority:500000)
 2023-04-18 11:53:00.936 [main] INFO  liquibase.lockservice - Successfully acquired change log lock
 2023-04-18 11:53:01.218 [main] INFO  liquibase.changelog - Reading from doc.ACT_CMMN_DATABASECHANGELOG
 2023-04-18 11:53:01.274 [main] INFO  liquibase.lockservice - Successfully released change log lock
 2023-04-18 11:53:01.275 [main] INFO  org.flowable.cmmn.engine.impl.CmmnEngineImpl - CmmnEngine default created
 2023-04-18 11:53:01.470 [main] INFO  liquibase.lockservice - Successfully acquired change log lock
 2023-04-18 11:53:01.875 [main] INFO  liquibase.changelog - Reading from doc.ACT_APP_DATABASECHANGELOG
 2023-04-18 11:53:01.966 [main] INFO  liquibase.lockservice - Successfully released change log lock
 2023-04-18 11:53:01.967 [main] INFO  org.flowable.app.engine.impl.AppEngineImpl - AppEngine default created
 2023-04-18 11:53:04.372 [main] INFO  org.springframework.cloud.commons.util.InetUtils - Cannot determine local hostname
 2023-04-18 11:53:04.712 [main] INFO  c.a.n.p.auth.spi.client.ClientAuthPluginManager - [ClientAuthPluginManager] Load ClientAuthService com.alibaba.nacos.client.auth.impl.NacosClientAuthServiceImpl success.
 2023-04-18 11:53:04.712 [main] INFO  c.a.n.p.auth.spi.client.ClientAuthPluginManager - [ClientAuthPluginManager] Load ClientAuthService com.alibaba.nacos.client.auth.ram.RamClientAuthServiceImpl success.
 2023-04-18 11:53:06.568 [main] INFO  org.apache.coyote.http11.Http11NioProtocol - Starting ProtocolHandler ["http-nio-8092"]
 2023-04-18 11:53:06.589 [main] INFO  o.s.boot.web.embedded.tomcat.TomcatWebServer - Tomcat started on port(s): 8092 (http) with context path ''
 2023-04-18 11:53:06.615 [main] INFO  c.a.cloud.nacos.registry.NacosServiceRegistry - nacos registry, DEFAULT_GROUP gzw-kd 192.168.31.197:8092 register finished
 2023-04-18 11:53:07.061 [main] INFO  o.s.scheduling.quartz.SchedulerFactoryBean - Starting Quartz Scheduler now
 2023-04-18 11:53:07.069 [main] INFO  com.alibaba.druid.pool.DruidDataSource - {dataSource-4} inited
 2023-04-18 11:53:07.174 [main] INFO  org.quartz.impl.jdbcjobstore.JobStoreTX - Freed 0 triggers from 'acquired' / 'blocked' state.
 2023-04-18 11:53:07.186 [main] INFO  org.quartz.impl.jdbcjobstore.JobStoreTX - Recovering 0 jobs that were in-progress at the time of the last shut-down.
 2023-04-18 11:53:07.186 [main] INFO  org.quartz.impl.jdbcjobstore.JobStoreTX - Recovery complete.
 2023-04-18 11:53:07.187 [main] INFO  org.quartz.impl.jdbcjobstore.JobStoreTX - Removed 0 'complete' triggers.
 2023-04-18 11:53:07.189 [main] INFO  org.quartz.impl.jdbcjobstore.JobStoreTX - Removed 0 stale fired job entries.
 2023-04-18 11:53:07.190 [main] INFO  org.quartz.core.QuartzScheduler - Scheduler kd_DefaultQuartzScheduler_$_NON_CLUSTERED started.
 2023-04-18 11:53:07.206 [canalClient-thread] INFO  com.gzw.kd.canal.component.CanalClient - =============> Start to connect destination: canaltest <=============
 2023-04-18 11:53:07.218 [canalClient-thread] INFO  com.gzw.kd.canal.component.CanalClient - =============> Disconnect instance: canaltest <=============
 2023-04-18 11:53:07.227 [main] INFO  o.s.s.a.ScheduledAnnotationBeanPostProcessor - No TaskScheduler/ScheduledExecutorService bean found for scheduled processing
 2023-04-18 11:53:07.290 [main] INFO  com.gzw.kd.KdApplication - Started KdApplication in 26.488 seconds (JVM running for 27.665)
 2023-04-18 11:53:10.308 [TaskEngine-pool-1] INFO  com.gzw.kd.scheduletask.ScheduleTaskTwo - ------------------------------- gzw -------- timeTask-----------------------------------
 2023-04-18 11:53:15.308 [TaskEngine-pool-1] INFO  com.gzw.kd.scheduletask.ScheduleTaskTwo - ------------------------------- gzw -------- timeTask-----------------------------------
 2023-04-18 11:53:20.309 [TaskEngine-pool-1] INFO  com.gzw.kd.scheduletask.ScheduleTaskTwo - ------------------------------- gzw -------- timeTask-----------------------------------
 2023-04-18 11:53:25.313 [TaskEngine-pool-1] INFO  com.gzw.kd.scheduletask.ScheduleTaskTwo - ------------------------------- gzw -------- timeTask-----------------------------------
 2023-04-18 11:53:30.313 [TaskEngine-pool-1] INFO  com.gzw.kd.scheduletask.ScheduleTaskTwo - ------------------------------- gzw -------- timeTask-----------------------------------
 2023-04-18 11:53:31.357 [Export-executor-shutdown-hook-thread] INFO  com.gzw.kd.export.AsyncTaskExecutorService - Export executor closing...
 2023-04-18 11:53:31.358 [Export-executor-shutdown-hook-thread] INFO  com.gzw.kd.export.AsyncTaskExecutorService - Export executor closed
 2023-04-18 11:53:31.395 [SpringApplicationShutdownHook] INFO  org.quartz.core.QuartzScheduler - Scheduler kd_DefaultQuartzScheduler_$_NON_CLUSTERED paused.
 2023-04-18 11:53:31.460 [SpringApplicationShutdownHook] INFO  o.f.j.s.impl.asyncexecutor.AbstractAsyncExecutor - Shutting down the async job executor [org.flowable.spring.job.service.SpringAsyncExecutor].
 2023-04-18 11:53:31.462 [flowable-acquire-timer-jobs] INFO  o.f.j.s.i.asyncexecutor.AcquireTimerJobsRunnable - stopped async job due acquisition
 2023-04-18 11:53:31.462 [flowable-acquire-async-jobs] INFO  o.f.j.s.i.a.AcquireAsyncJobsDueRunnable - stopped async job due acquisition
 2023-04-18 11:53:31.462 [flowable-reset-expired-jobs] INFO  o.f.j.s.i.asyncexecutor.ResetExpiredJobsRunnable - stopped resetting expired jobs
 2023-04-18 11:53:31.472 [SpringApplicationShutdownHook] INFO  c.a.cloud.nacos.registry.NacosServiceRegistry - De-registering from Nacos Server now...
 2023-04-18 11:53:31.503 [SpringApplicationShutdownHook] INFO  c.a.cloud.nacos.registry.NacosServiceRegistry - De-registration finished.
 2023-04-18 11:54:40.853 [main] INFO  org.springframework.boot.SpringApplication - 

   ___              ____          __      __
  / __|     o O O  |_  /     o O O\ \    / /
 | (_ |    o        / /     o      \ \/\/ /
  \___|   TS__[O]  /___|   TS__[O]  \_/\_/
_|"""""| {======|_|"""""| {======|_|"""""|
"`-0-0-'./o--000'"`-0-0-'./o--000'"`-0-0-'

B+树 https://www.cs.usfca.edu/~galles/visualization/BPlusTree.html

kd version 0.0.1
Spring Boot Version: 2.7.4 (v2.7.4) >>>欢迎使用后台管理系统 大道至简 代码玄学<<<



 2023-04-18 11:54:40.943 [background-preinit] INFO  org.hibernate.validator.internal.util.Version - HV000001: Hibernate Validator 6.2.5.Final
 2023-04-18 11:54:41.010 [main] INFO  com.gzw.kd.KdApplication - Starting KdApplication using Java 1.8.0_181 on gaozhiwei.local with PID 8868 (/Users/gaozhiwei/kd/target/classes started by gaozhiwei in /Users/gaozhiwei/kd)
 2023-04-18 11:54:41.011 [main] INFO  com.gzw.kd.KdApplication - The following 1 profile is active: "dev"
 2023-04-18 11:54:43.214 [main] INFO  o.s.d.r.config.RepositoryConfigurationDelegate - Multiple Spring Data modules found, entering strict repository configuration mode
 2023-04-18 11:54:43.217 [main] INFO  o.s.d.r.config.RepositoryConfigurationDelegate - Bootstrapping Spring Data Redis repositories in DEFAULT mode.
 2023-04-18 11:54:43.272 [main] INFO  o.s.d.r.config.RepositoryConfigurationDelegate - Finished Spring Data repository scanning in 37 ms. Found 0 Redis repository interfaces.
 2023-04-18 11:54:43.768 [main] INFO  o.springframework.cloud.context.scope.GenericScope - BeanFactory id=eba8df4b-1afa-3cc5-945e-3864c19c0e59
 2023-04-18 11:54:44.942 [main] INFO  o.s.boot.web.embedded.tomcat.TomcatWebServer - Tomcat initialized with port(s): 8092 (http)
 2023-04-18 11:54:44.956 [main] INFO  org.apache.coyote.http11.Http11NioProtocol - Initializing ProtocolHandler ["http-nio-8092"]
 2023-04-18 11:54:44.957 [main] INFO  org.apache.catalina.core.StandardService - Starting service [Tomcat]
 2023-04-18 11:54:44.957 [main] INFO  org.apache.catalina.core.StandardEngine - Starting Servlet engine: [Apache Tomcat/9.0.65]
 2023-04-18 11:54:45.272 [main] INFO  o.a.c.core.ContainerBase.[Tomcat].[localhost].[/] - Initializing Spring embedded WebApplicationContext
 2023-04-18 11:54:45.272 [main] INFO  o.s.b.w.s.c.ServletWebServerApplicationContext - Root WebApplicationContext: initialization completed in 4115 ms
 2023-04-18 11:54:45.408 [main] INFO  o.a.c.core.ContainerBase.[Tomcat].[localhost].[/] - Set web app root system property: 'webapp.root' = [/private/var/folders/8q/l6vbl9k173lftyjksgtf0_6m0000gn/T/tomcat-docbase.8092.7461399849539247757/]
 2023-04-18 11:54:45.462 [main] INFO  com.gzw.kd.config.ElasticsearchConfiguration - restHighLevelClient build 正在创建 ------------------------------------------------------
 2023-04-18 11:54:45.503 [main] INFO  com.gzw.kd.config.ElasticsearchConfiguration - restHighLevelClient build 创建成功 ------------------------------------------------------
 2023-04-18 11:54:47.325 [main] INFO  com.alibaba.druid.pool.DruidDataSource - {dataSource-1} inited
 2023-04-18 11:54:47.415 [main] INFO  com.alibaba.druid.pool.DruidDataSource - {dataSource-2} inited
 2023-04-18 11:54:47.470 [main] INFO  com.alibaba.druid.pool.DruidDataSource - {dataSource-3} inited
 2023-04-18 11:54:47.940 [main] INFO  org.flywaydb.core.internal.license.VersionPrinter - Flyway Community Edition 6.4.4 by Redgate
 2023-04-18 11:54:48.003 [main] INFO  o.flywaydb.core.internal.database.DatabaseFactory - Database: jdbc:mysql://127.0.0.1:3306/doc (MySQL 8.0)
 2023-04-18 11:54:48.103 [main] INFO  org.flywaydb.core.internal.command.DbValidate - Successfully validated 6 migrations (execution time 00:00.055s)
 2023-04-18 11:54:48.116 [main] INFO  org.flywaydb.core.internal.command.DbMigrate - Current version of schema `doc`: 1.0.5
 2023-04-18 11:54:48.117 [main] INFO  org.flywaydb.core.internal.command.DbMigrate - Schema `doc` is up to date. No migration necessary.
 2023-04-18 11:54:49.058 [main] INFO  com.gzw.kd.common.utils.AESCrypt - 初始化成功了
 2023-04-18 11:54:49.234 [main] INFO  com.gzw.kd.common.utils.HttpClientUtil - http client init success ....................
 2023-04-18 11:54:49.317 [main] INFO  org.quartz.impl.StdSchedulerFactory - Using default implementation for ThreadExecutor
 2023-04-18 11:54:49.321 [main] INFO  org.quartz.simpl.SimpleThreadPool - Job execution threads will use class loader of thread: main
 2023-04-18 11:54:49.336 [main] INFO  org.quartz.core.SchedulerSignalerImpl - Initialized Scheduler Signaller of type: class org.quartz.core.SchedulerSignalerImpl
 2023-04-18 11:54:49.336 [main] INFO  org.quartz.core.QuartzScheduler - Quartz Scheduler v.2.3.2 created.
 2023-04-18 11:54:49.337 [main] INFO  org.quartz.impl.jdbcjobstore.JobStoreTX - Using thread monitor-based data access locking (synchronization).
 2023-04-18 11:54:49.338 [main] INFO  org.quartz.impl.jdbcjobstore.JobStoreTX - JobStoreTX initialized.
 2023-04-18 11:54:49.339 [main] INFO  org.quartz.core.QuartzScheduler - Scheduler meta-data: Quartz Scheduler (v2.3.2) 'kd_DefaultQuartzScheduler' with instanceId 'NON_CLUSTERED'
  Scheduler class: 'org.quartz.core.QuartzScheduler' - running locally.
  NOT STARTED.
  Currently in standby mode.
  Number of jobs executed: 0
  Using thread pool 'org.quartz.simpl.SimpleThreadPool' - with 5 threads.
  Using job-store 'org.quartz.impl.jdbcjobstore.JobStoreTX' - which supports persistence. and is not clustered.

 2023-04-18 11:54:49.339 [main] INFO  org.quartz.impl.StdSchedulerFactory - Quartz scheduler 'kd_DefaultQuartzScheduler' initialized from an externally provided properties instance.
 2023-04-18 11:54:49.339 [main] INFO  org.quartz.impl.StdSchedulerFactory - Quartz scheduler version: 2.3.2
 2023-04-18 11:54:49.342 [main] INFO  org.quartz.core.QuartzScheduler - JobFactory set to: org.springframework.scheduling.quartz.AdaptableJobFactory@1545ef47
 2023-04-18 11:54:49.674 [main] INFO  com.gzw.kd.scheduletask.AsyncTaskJobHandler - Async task impl list: [com.gzw.kd.export.service.LogExportAsyncTask@4d1a763c]
 2023-04-18 11:54:50.402 [main] INFO  com.gzw.kd.config.ExecutorConfiguration - start asyncTaskExecutor
 2023-04-18 11:54:50.454 [main] INFO  com.netflix.config.sources.URLConfigurationSource - To enable URLs as dynamic configuration sources, define System property archaius.configurationSource.additionalUrls or make config.properties available on classpath.
 2023-04-18 11:54:50.465 [main] INFO  com.netflix.config.sources.URLConfigurationSource - To enable URLs as dynamic configuration sources, define System property archaius.configurationSource.additionalUrls or make config.properties available on classpath.
 2023-04-18 11:54:51.202 [main] INFO  o.f.s.b.a.AppEngineAutoConfiguration$$EnhancerBySpringCGLIB$$bf223ed1 - No deployment resources were found for autodeployment
 2023-04-18 11:54:51.368 [main] INFO  o.f.s.b.ProcessEngineAutoConfiguration$$EnhancerBySpringCGLIB$$e73f8676 - No deployment resources were found for autodeployment
 2023-04-18 11:54:51.630 [main] INFO  o.f.s.b.c.CmmnEngineAutoConfiguration$$EnhancerBySpringCGLIB$$fb94717 - No deployment resources were found for autodeployment
 2023-04-18 11:54:51.790 [main] INFO  o.f.s.b.d.DmnEngineAutoConfiguration$$EnhancerBySpringCGLIB$$673a8909 - No deployment resources were found for autodeployment
 2023-04-18 11:54:51.879 [main] INFO  o.f.s.b.f.FormEngineAutoConfiguration$$EnhancerBySpringCGLIB$$ab600377 - No deployment resources were found for autodeployment
 2023-04-18 11:54:51.957 [main] INFO  o.f.common.engine.impl.AbstractEngineConfiguration - Found 6 Engine Configurators in total:
 2023-04-18 11:54:51.957 [main] INFO  o.f.common.engine.impl.AbstractEngineConfiguration - class org.flowable.engine.spring.configurator.SpringProcessEngineConfigurator (priority:50000)
 2023-04-18 11:54:51.957 [main] INFO  o.f.common.engine.impl.AbstractEngineConfiguration - class org.flowable.idm.spring.configurator.SpringIdmEngineConfigurator (priority:100000)
 2023-04-18 11:54:51.957 [main] INFO  o.f.common.engine.impl.AbstractEngineConfiguration - class org.flowable.dmn.spring.configurator.SpringDmnEngineConfigurator (priority:200000)
 2023-04-18 11:54:51.958 [main] INFO  o.f.common.engine.impl.AbstractEngineConfiguration - class org.flowable.form.spring.configurator.SpringFormEngineConfigurator (priority:300000)
 2023-04-18 11:54:51.958 [main] INFO  o.f.common.engine.impl.AbstractEngineConfiguration - class org.flowable.content.spring.configurator.SpringContentEngineConfigurator (priority:400000)
 2023-04-18 11:54:51.958 [main] INFO  o.f.common.engine.impl.AbstractEngineConfiguration - class org.flowable.cmmn.spring.configurator.SpringCmmnEngineConfigurator (priority:500000)
 2023-04-18 11:54:51.958 [main] INFO  o.f.common.engine.impl.AbstractEngineConfiguration - Executing beforeInit() of class org.flowable.engine.spring.configurator.SpringProcessEngineConfigurator (priority:50000)
 2023-04-18 11:54:51.964 [main] INFO  o.f.common.engine.impl.AbstractEngineConfiguration - Executing beforeInit() of class org.flowable.idm.spring.configurator.SpringIdmEngineConfigurator (priority:100000)
 2023-04-18 11:54:51.967 [main] INFO  o.f.common.engine.impl.AbstractEngineConfiguration - Executing beforeInit() of class org.flowable.dmn.spring.configurator.SpringDmnEngineConfigurator (priority:200000)
 2023-04-18 11:54:51.970 [main] INFO  o.f.common.engine.impl.AbstractEngineConfiguration - Executing beforeInit() of class org.flowable.form.spring.configurator.SpringFormEngineConfigurator (priority:300000)
 2023-04-18 11:54:51.973 [main] INFO  o.f.common.engine.impl.AbstractEngineConfiguration - Executing beforeInit() of class org.flowable.content.spring.configurator.SpringContentEngineConfigurator (priority:400000)
 2023-04-18 11:54:51.976 [main] INFO  o.f.common.engine.impl.AbstractEngineConfiguration - Executing beforeInit() of class org.flowable.cmmn.spring.configurator.SpringCmmnEngineConfigurator (priority:500000)
 2023-04-18 11:54:53.003 [main] INFO  o.f.common.engine.impl.AbstractEngineConfiguration - Executing configure() of class org.flowable.engine.spring.configurator.SpringProcessEngineConfigurator (priority:50000)
 2023-04-18 11:54:53.349 [main] INFO  org.flowable.engine.impl.ProcessEngineImpl - ProcessEngine default created
 2023-04-18 11:54:53.363 [main] INFO  o.f.j.s.impl.asyncexecutor.AbstractAsyncExecutor - Starting up the async job executor [org.flowable.spring.job.service.SpringAsyncExecutor].
 2023-04-18 11:54:53.364 [Thread-5] INFO  o.f.j.s.i.a.AcquireAsyncJobsDueRunnable - starting to acquire async jobs due
 2023-04-18 11:54:53.364 [Thread-6] INFO  o.f.j.s.i.asyncexecutor.AcquireTimerJobsRunnable - starting to acquire async jobs due
 2023-04-18 11:54:53.364 [Thread-7] INFO  o.f.j.s.i.asyncexecutor.ResetExpiredJobsRunnable - starting to reset expired jobs
 2023-04-18 11:54:53.410 [main] INFO  org.flowable.engine.impl.cmd.ValidateV5EntitiesCmd - Total of v5 deployments found: 0
 2023-04-18 11:54:53.416 [main] INFO  o.f.common.engine.impl.AbstractEngineConfiguration - Executing configure() of class org.flowable.idm.spring.configurator.SpringIdmEngineConfigurator (priority:100000)
 2023-04-18 11:54:53.442 [main] INFO  org.flowable.idm.engine.impl.IdmEngineImpl - IdmEngine default created
 2023-04-18 11:54:53.444 [main] INFO  o.f.common.engine.impl.AbstractEngineConfiguration - Executing configure() of class org.flowable.dmn.spring.configurator.SpringDmnEngineConfigurator (priority:200000)
 2023-04-18 11:54:53.947 [main] INFO  liquibase.lockservice - Successfully acquired change log lock
 2023-04-18 11:54:54.542 [main] INFO  liquibase.changelog - Reading from doc.ACT_DMN_DATABASECHANGELOG
 2023-04-18 11:54:54.647 [main] INFO  liquibase.lockservice - Successfully released change log lock
 2023-04-18 11:54:54.648 [main] INFO  org.flowable.dmn.engine.impl.DmnEngineImpl - DmnEngine default created
 2023-04-18 11:54:54.650 [main] INFO  o.f.common.engine.impl.AbstractEngineConfiguration - Executing configure() of class org.flowable.form.spring.configurator.SpringFormEngineConfigurator (priority:300000)
 2023-04-18 11:54:54.687 [main] INFO  liquibase.lockservice - Successfully acquired change log lock
 2023-04-18 11:54:54.884 [main] INFO  liquibase.changelog - Reading from doc.ACT_FO_DATABASECHANGELOG
 2023-04-18 11:54:54.909 [main] INFO  liquibase.lockservice - Successfully released change log lock
 2023-04-18 11:54:54.910 [main] INFO  org.flowable.form.engine.impl.FormEngineImpl - FormEngine default created
 2023-04-18 11:54:54.911 [main] INFO  o.f.common.engine.impl.AbstractEngineConfiguration - Executing configure() of class org.flowable.content.spring.configurator.SpringContentEngineConfigurator (priority:400000)
 2023-04-18 11:54:54.918 [main] INFO  o.f.content.engine.ContentEngineConfiguration - Content file system root : /Users/gaozhiwei/content
 2023-04-18 11:54:54.943 [main] INFO  liquibase.lockservice - Successfully acquired change log lock
 2023-04-18 11:54:55.797 [main] INFO  liquibase.changelog - Reading from doc.ACT_CO_DATABASECHANGELOG
 2023-04-18 11:54:55.821 [main] INFO  liquibase.lockservice - Successfully released change log lock
 2023-04-18 11:54:55.822 [main] INFO  org.flowable.content.engine.impl.ContentEngineImpl - ContentEngine default created
 2023-04-18 11:54:55.823 [main] INFO  o.f.common.engine.impl.AbstractEngineConfiguration - Executing configure() of class org.flowable.cmmn.spring.configurator.SpringCmmnEngineConfigurator (priority:500000)
 2023-04-18 11:54:55.927 [main] INFO  liquibase.lockservice - Successfully acquired change log lock
 2023-04-18 11:54:56.151 [main] INFO  liquibase.changelog - Reading from doc.ACT_CMMN_DATABASECHANGELOG
 2023-04-18 11:54:56.199 [main] INFO  liquibase.lockservice - Successfully released change log lock
 2023-04-18 11:54:56.200 [main] INFO  org.flowable.cmmn.engine.impl.CmmnEngineImpl - CmmnEngine default created
 2023-04-18 11:54:56.255 [main] INFO  liquibase.lockservice - Successfully acquired change log lock
 2023-04-18 11:54:56.432 [main] INFO  liquibase.changelog - Reading from doc.ACT_APP_DATABASECHANGELOG
 2023-04-18 11:54:56.457 [main] INFO  liquibase.lockservice - Successfully released change log lock
 2023-04-18 11:54:56.458 [main] INFO  org.flowable.app.engine.impl.AppEngineImpl - AppEngine default created
 2023-04-18 11:54:57.303 [main] INFO  c.a.n.p.auth.spi.client.ClientAuthPluginManager - [ClientAuthPluginManager] Load ClientAuthService com.alibaba.nacos.client.auth.impl.NacosClientAuthServiceImpl success.
 2023-04-18 11:54:57.303 [main] INFO  c.a.n.p.auth.spi.client.ClientAuthPluginManager - [ClientAuthPluginManager] Load ClientAuthService com.alibaba.nacos.client.auth.ram.RamClientAuthServiceImpl success.
 2023-04-18 11:54:58.928 [main] INFO  org.apache.coyote.http11.Http11NioProtocol - Starting ProtocolHandler ["http-nio-8092"]
 2023-04-18 11:54:58.949 [main] INFO  o.s.boot.web.embedded.tomcat.TomcatWebServer - Tomcat started on port(s): 8092 (http) with context path ''
 2023-04-18 11:54:58.965 [main] INFO  c.a.cloud.nacos.registry.NacosServiceRegistry - nacos registry, DEFAULT_GROUP gzw-kd 192.168.31.197:8092 register finished
 2023-04-18 11:54:59.330 [main] INFO  o.s.scheduling.quartz.SchedulerFactoryBean - Starting Quartz Scheduler now
 2023-04-18 11:54:59.334 [main] INFO  com.alibaba.druid.pool.DruidDataSource - {dataSource-4} inited
 2023-04-18 11:54:59.360 [main] INFO  org.quartz.impl.jdbcjobstore.JobStoreTX - Freed 0 triggers from 'acquired' / 'blocked' state.
 2023-04-18 11:54:59.364 [main] INFO  org.quartz.impl.jdbcjobstore.JobStoreTX - Recovering 0 jobs that were in-progress at the time of the last shut-down.
 2023-04-18 11:54:59.364 [main] INFO  org.quartz.impl.jdbcjobstore.JobStoreTX - Recovery complete.
 2023-04-18 11:54:59.364 [main] INFO  org.quartz.impl.jdbcjobstore.JobStoreTX - Removed 0 'complete' triggers.
 2023-04-18 11:54:59.365 [main] INFO  org.quartz.impl.jdbcjobstore.JobStoreTX - Removed 0 stale fired job entries.
 2023-04-18 11:54:59.366 [main] INFO  org.quartz.core.QuartzScheduler - Scheduler kd_DefaultQuartzScheduler_$_NON_CLUSTERED started.
 2023-04-18 11:54:59.380 [canalClient-thread] INFO  com.gzw.kd.canal.component.CanalClient - =============> Start to connect destination: canaltest <=============
 2023-04-18 11:54:59.400 [main] INFO  o.s.s.a.ScheduledAnnotationBeanPostProcessor - No TaskScheduler/ScheduledExecutorService bean found for scheduled processing
 2023-04-18 11:54:59.414 [main] INFO  com.gzw.kd.KdApplication - Started KdApplication in 20.301 seconds (JVM running for 22.069)
 2023-04-18 11:54:59.545 [canalClient-thread] INFO  com.gzw.kd.canal.component.CanalClient - =============> Start to subscribe destination: canaltest <=============
 2023-04-18 11:54:59.555 [canalClient-thread] INFO  com.gzw.kd.canal.component.CanalClient - =============> Subscribe destination: canaltest succeed <=============
 2023-04-18 11:55:02.425 [TaskEngine-pool-1] INFO  com.gzw.kd.scheduletask.ScheduleTaskTwo - ------------------------------- gzw -------- timeTask-----------------------------------
 2023-04-18 11:55:07.424 [TaskEngine-pool-1] INFO  com.gzw.kd.scheduletask.ScheduleTaskTwo - ------------------------------- gzw -------- timeTask-----------------------------------
 2023-04-18 11:55:12.424 [TaskEngine-pool-1] INFO  com.gzw.kd.scheduletask.ScheduleTaskTwo - ------------------------------- gzw -------- timeTask-----------------------------------
 2023-04-18 11:55:17.425 [TaskEngine-pool-1] INFO  com.gzw.kd.scheduletask.ScheduleTaskTwo - ------------------------------- gzw -------- timeTask-----------------------------------
 2023-04-18 11:55:22.427 [TaskEngine-pool-1] INFO  com.gzw.kd.scheduletask.ScheduleTaskTwo - ------------------------------- gzw -------- timeTask-----------------------------------
 2023-04-18 11:55:27.429 [TaskEngine-pool-1] INFO  com.gzw.kd.scheduletask.ScheduleTaskTwo - ------------------------------- gzw -------- timeTask-----------------------------------
 2023-04-18 11:55:29.287 [http-nio-8092-exec-1] INFO  o.a.c.core.ContainerBase.[Tomcat].[localhost].[/] - Initializing Spring DispatcherServlet 'dispatcherServlet'
 2023-04-18 11:55:29.287 [http-nio-8092-exec-1] INFO  org.springframework.web.servlet.DispatcherServlet - Initializing Servlet 'dispatcherServlet'
 2023-04-18 11:55:29.293 [http-nio-8092-exec-1] INFO  org.springframework.web.servlet.DispatcherServlet - Completed initialization in 6 ms
 2023-04-18 11:55:32.431 [TaskEngine-pool-1] INFO  com.gzw.kd.scheduletask.ScheduleTaskTwo - ------------------------------- gzw -------- timeTask-----------------------------------
 2023-04-18 11:55:37.431 [TaskEngine-pool-1] INFO  com.gzw.kd.scheduletask.ScheduleTaskTwo - ------------------------------- gzw -------- timeTask-----------------------------------
 2023-04-18 11:55:42.434 [TaskEngine-pool-1] INFO  com.gzw.kd.scheduletask.ScheduleTaskTwo - ------------------------------- gzw -------- timeTask-----------------------------------
kd.2c65ef69768c4f9d 2023-04-18 11:55:46.467 [http-nio-8092-exec-10] INFO  com.gzw.kd.listener.MsgListener - 用户:admin 上线,时间:2023-04-18 11:55:46 在线人数:1
 2023-04-18 11:55:47.438 [TaskEngine-pool-1] INFO  com.gzw.kd.scheduletask.ScheduleTaskTwo - ------------------------------- gzw -------- timeTask-----------------------------------
 2023-04-18 11:55:52.440 [TaskEngine-pool-1] INFO  com.gzw.kd.scheduletask.ScheduleTaskTwo - ------------------------------- gzw -------- timeTask-----------------------------------
 2023-04-18 11:55:57.441 [TaskEngine-pool-1] INFO  com.gzw.kd.scheduletask.ScheduleTaskTwo - ------------------------------- gzw -------- timeTask-----------------------------------
 2023-04-18 11:56:02.446 [TaskEngine-pool-1] INFO  com.gzw.kd.scheduletask.ScheduleTaskTwo - ------------------------------- gzw -------- timeTask-----------------------------------
 2023-04-18 11:56:07.445 [TaskEngine-pool-1] INFO  com.gzw.kd.scheduletask.ScheduleTaskTwo - ------------------------------- gzw -------- timeTask-----------------------------------
 2023-04-18 11:56:12.447 [TaskEngine-pool-1] INFO  com.gzw.kd.scheduletask.ScheduleTaskTwo - ------------------------------- gzw -------- timeTask-----------------------------------
 2023-04-18 11:56:17.448 [TaskEngine-pool-1] INFO  com.gzw.kd.scheduletask.ScheduleTaskTwo - ------------------------------- gzw -------- timeTask-----------------------------------
 2023-04-18 11:56:20.518 [Export-executor-shutdown-hook-thread] INFO  com.gzw.kd.export.AsyncTaskExecutorService - Export executor closing...
 2023-04-18 11:56:20.518 [Export-executor-shutdown-hook-thread] INFO  com.gzw.kd.export.AsyncTaskExecutorService - Export executor closed
 2023-04-18 11:56:20.522 [SpringApplicationShutdownHook] INFO  org.quartz.core.QuartzScheduler - Scheduler kd_DefaultQuartzScheduler_$_NON_CLUSTERED paused.
 2023-04-18 11:56:20.553 [SpringApplicationShutdownHook] INFO  o.f.j.s.impl.asyncexecutor.AbstractAsyncExecutor - Shutting down the async job executor [org.flowable.spring.job.service.SpringAsyncExecutor].
 2023-04-18 11:56:20.554 [flowable-reset-expired-jobs] INFO  o.f.j.s.i.asyncexecutor.ResetExpiredJobsRunnable - stopped resetting expired jobs
 2023-04-18 11:56:20.554 [flowable-acquire-async-jobs] INFO  o.f.j.s.i.a.AcquireAsyncJobsDueRunnable - stopped async job due acquisition
 2023-04-18 11:56:20.554 [flowable-acquire-timer-jobs] INFO  o.f.j.s.i.asyncexecutor.AcquireTimerJobsRunnable - stopped async job due acquisition
 2023-04-18 11:56:20.560 [SpringApplicationShutdownHook] INFO  c.a.cloud.nacos.registry.NacosServiceRegistry - De-registering from Nacos Server now...
 2023-04-18 11:56:20.569 [SpringApplicationShutdownHook] INFO  c.a.cloud.nacos.registry.NacosServiceRegistry - De-registration finished.
 2023-04-18 11:59:08.136 [main] INFO  org.springframework.boot.SpringApplication - 

   ___              ____          __      __
  / __|     o O O  |_  /     o O O\ \    / /
 | (_ |    o        / /     o      \ \/\/ /
  \___|   TS__[O]  /___|   TS__[O]  \_/\_/
_|"""""| {======|_|"""""| {======|_|"""""|
"`-0-0-'./o--000'"`-0-0-'./o--000'"`-0-0-'

B+树 https://www.cs.usfca.edu/~galles/visualization/BPlusTree.html

kd version 0.0.1
Spring Boot Version: 2.7.4 (v2.7.4) >>>欢迎使用后台管理系统 大道至简 代码玄学<<<



 2023-04-18 11:59:08.192 [background-preinit] INFO  org.hibernate.validator.internal.util.Version - HV000001: Hibernate Validator 6.2.5.Final
 2023-04-18 11:59:08.231 [main] INFO  com.gzw.kd.KdApplication - Starting KdApplication using Java 1.8.0_181 on gaozhiwei.local with PID 9008 (/Users/gaozhiwei/kd/target/classes started by gaozhiwei in /Users/gaozhiwei/kd)
 2023-04-18 11:59:08.232 [main] INFO  com.gzw.kd.KdApplication - The following 1 profile is active: "dev"
 2023-04-18 11:59:09.862 [main] INFO  o.s.d.r.config.RepositoryConfigurationDelegate - Multiple Spring Data modules found, entering strict repository configuration mode
 2023-04-18 11:59:09.866 [main] INFO  o.s.d.r.config.RepositoryConfigurationDelegate - Bootstrapping Spring Data Redis repositories in DEFAULT mode.
 2023-04-18 11:59:09.915 [main] INFO  o.s.d.r.config.RepositoryConfigurationDelegate - Finished Spring Data repository scanning in 33 ms. Found 0 Redis repository interfaces.
 2023-04-18 11:59:10.347 [main] INFO  o.springframework.cloud.context.scope.GenericScope - BeanFactory id=eba8df4b-1afa-3cc5-945e-3864c19c0e59
 2023-04-18 11:59:11.701 [main] INFO  o.s.boot.web.embedded.tomcat.TomcatWebServer - Tomcat initialized with port(s): 8092 (http)
 2023-04-18 11:59:11.720 [main] INFO  org.apache.coyote.http11.Http11NioProtocol - Initializing ProtocolHandler ["http-nio-8092"]
 2023-04-18 11:59:11.721 [main] INFO  org.apache.catalina.core.StandardService - Starting service [Tomcat]
 2023-04-18 11:59:11.721 [main] INFO  org.apache.catalina.core.StandardEngine - Starting Servlet engine: [Apache Tomcat/9.0.65]
 2023-04-18 11:59:11.983 [main] INFO  o.a.c.core.ContainerBase.[Tomcat].[localhost].[/] - Initializing Spring embedded WebApplicationContext
 2023-04-18 11:59:11.984 [main] INFO  o.s.b.w.s.c.ServletWebServerApplicationContext - Root WebApplicationContext: initialization completed in 3686 ms
 2023-04-18 11:59:12.099 [main] INFO  o.a.c.core.ContainerBase.[Tomcat].[localhost].[/] - Set web app root system property: 'webapp.root' = [/private/var/folders/8q/l6vbl9k173lftyjksgtf0_6m0000gn/T/tomcat-docbase.8092.3835943575962826893/]
 2023-04-18 11:59:12.147 [main] INFO  com.gzw.kd.config.ElasticsearchConfiguration - restHighLevelClient build 正在创建 ------------------------------------------------------
 2023-04-18 11:59:12.181 [main] INFO  com.gzw.kd.config.ElasticsearchConfiguration - restHighLevelClient build 创建成功 ------------------------------------------------------
 2023-04-18 11:59:13.871 [main] INFO  com.alibaba.druid.pool.DruidDataSource - {dataSource-1} inited
 2023-04-18 11:59:13.939 [main] INFO  com.alibaba.druid.pool.DruidDataSource - {dataSource-2} inited
 2023-04-18 11:59:13.989 [main] INFO  com.alibaba.druid.pool.DruidDataSource - {dataSource-3} inited
 2023-04-18 11:59:14.410 [main] INFO  org.flywaydb.core.internal.license.VersionPrinter - Flyway Community Edition 6.4.4 by Redgate
 2023-04-18 11:59:14.468 [main] INFO  o.flywaydb.core.internal.database.DatabaseFactory - Database: jdbc:mysql://127.0.0.1:3306/doc (MySQL 8.0)
 2023-04-18 11:59:14.554 [main] INFO  org.flywaydb.core.internal.command.DbValidate - Successfully validated 6 migrations (execution time 00:00.046s)
 2023-04-18 11:59:14.568 [main] INFO  org.flywaydb.core.internal.command.DbMigrate - Current version of schema `doc`: 1.0.5
 2023-04-18 11:59:14.570 [main] INFO  org.flywaydb.core.internal.command.DbMigrate - Schema `doc` is up to date. No migration necessary.
 2023-04-18 11:59:15.443 [main] INFO  com.gzw.kd.common.utils.AESCrypt - 初始化成功了
 2023-04-18 11:59:15.611 [main] INFO  com.gzw.kd.common.utils.HttpClientUtil - http client init success ....................
 2023-04-18 11:59:15.692 [main] INFO  org.quartz.impl.StdSchedulerFactory - Using default implementation for ThreadExecutor
 2023-04-18 11:59:15.695 [main] INFO  org.quartz.simpl.SimpleThreadPool - Job execution threads will use class loader of thread: main
 2023-04-18 11:59:15.712 [main] INFO  org.quartz.core.SchedulerSignalerImpl - Initialized Scheduler Signaller of type: class org.quartz.core.SchedulerSignalerImpl
 2023-04-18 11:59:15.712 [main] INFO  org.quartz.core.QuartzScheduler - Quartz Scheduler v.2.3.2 created.
 2023-04-18 11:59:15.713 [main] INFO  org.quartz.impl.jdbcjobstore.JobStoreTX - Using thread monitor-based data access locking (synchronization).
 2023-04-18 11:59:15.714 [main] INFO  org.quartz.impl.jdbcjobstore.JobStoreTX - JobStoreTX initialized.
 2023-04-18 11:59:15.715 [main] INFO  org.quartz.core.QuartzScheduler - Scheduler meta-data: Quartz Scheduler (v2.3.2) 'kd_DefaultQuartzScheduler' with instanceId 'NON_CLUSTERED'
  Scheduler class: 'org.quartz.core.QuartzScheduler' - running locally.
  NOT STARTED.
  Currently in standby mode.
  Number of jobs executed: 0
  Using thread pool 'org.quartz.simpl.SimpleThreadPool' - with 5 threads.
  Using job-store 'org.quartz.impl.jdbcjobstore.JobStoreTX' - which supports persistence. and is not clustered.

 2023-04-18 11:59:15.715 [main] INFO  org.quartz.impl.StdSchedulerFactory - Quartz scheduler 'kd_DefaultQuartzScheduler' initialized from an externally provided properties instance.
 2023-04-18 11:59:15.715 [main] INFO  org.quartz.impl.StdSchedulerFactory - Quartz scheduler version: 2.3.2
 2023-04-18 11:59:15.718 [main] INFO  org.quartz.core.QuartzScheduler - JobFactory set to: org.springframework.scheduling.quartz.AdaptableJobFactory@73a5cc47
 2023-04-18 11:59:16.032 [main] INFO  com.gzw.kd.scheduletask.AsyncTaskJobHandler - Async task impl list: [com.gzw.kd.export.service.LogExportAsyncTask@71ae1cb]
 2023-04-18 11:59:16.746 [main] INFO  com.gzw.kd.config.ExecutorConfiguration - start asyncTaskExecutor
 2023-04-18 11:59:16.799 [main] INFO  com.netflix.config.sources.URLConfigurationSource - To enable URLs as dynamic configuration sources, define System property archaius.configurationSource.additionalUrls or make config.properties available on classpath.
 2023-04-18 11:59:16.810 [main] INFO  com.netflix.config.sources.URLConfigurationSource - To enable URLs as dynamic configuration sources, define System property archaius.configurationSource.additionalUrls or make config.properties available on classpath.
 2023-04-18 11:59:17.585 [main] INFO  o.f.s.b.a.AppEngineAutoConfiguration$$EnhancerBySpringCGLIB$$9d5f6c3c - No deployment resources were found for autodeployment
 2023-04-18 11:59:17.798 [main] INFO  o.f.s.b.ProcessEngineAutoConfiguration$$EnhancerBySpringCGLIB$$c57cb3e1 - No deployment resources were found for autodeployment
 2023-04-18 11:59:18.114 [main] INFO  o.f.s.b.c.CmmnEngineAutoConfiguration$$EnhancerBySpringCGLIB$$edf67482 - No deployment resources were found for autodeployment
 2023-04-18 11:59:18.261 [main] INFO  o.f.s.b.d.DmnEngineAutoConfiguration$$EnhancerBySpringCGLIB$$4577b674 - No deployment resources were found for autodeployment
 2023-04-18 11:59:18.333 [main] INFO  o.f.s.b.f.FormEngineAutoConfiguration$$EnhancerBySpringCGLIB$$899d30e2 - No deployment resources were found for autodeployment
 2023-04-18 11:59:18.406 [main] INFO  o.f.common.engine.impl.AbstractEngineConfiguration - Found 6 Engine Configurators in total:
 2023-04-18 11:59:18.406 [main] INFO  o.f.common.engine.impl.AbstractEngineConfiguration - class org.flowable.engine.spring.configurator.SpringProcessEngineConfigurator (priority:50000)
 2023-04-18 11:59:18.406 [main] INFO  o.f.common.engine.impl.AbstractEngineConfiguration - class org.flowable.idm.spring.configurator.SpringIdmEngineConfigurator (priority:100000)
 2023-04-18 11:59:18.407 [main] INFO  o.f.common.engine.impl.AbstractEngineConfiguration - class org.flowable.dmn.spring.configurator.SpringDmnEngineConfigurator (priority:200000)
 2023-04-18 11:59:18.407 [main] INFO  o.f.common.engine.impl.AbstractEngineConfiguration - class org.flowable.form.spring.configurator.SpringFormEngineConfigurator (priority:300000)
 2023-04-18 11:59:18.407 [main] INFO  o.f.common.engine.impl.AbstractEngineConfiguration - class org.flowable.content.spring.configurator.SpringContentEngineConfigurator (priority:400000)
 2023-04-18 11:59:18.407 [main] INFO  o.f.common.engine.impl.AbstractEngineConfiguration - class org.flowable.cmmn.spring.configurator.SpringCmmnEngineConfigurator (priority:500000)
 2023-04-18 11:59:18.407 [main] INFO  o.f.common.engine.impl.AbstractEngineConfiguration - Executing beforeInit() of class org.flowable.engine.spring.configurator.SpringProcessEngineConfigurator (priority:50000)
 2023-04-18 11:59:18.413 [main] INFO  o.f.common.engine.impl.AbstractEngineConfiguration - Executing beforeInit() of class org.flowable.idm.spring.configurator.SpringIdmEngineConfigurator (priority:100000)
 2023-04-18 11:59:18.415 [main] INFO  o.f.common.engine.impl.AbstractEngineConfiguration - Executing beforeInit() of class org.flowable.dmn.spring.configurator.SpringDmnEngineConfigurator (priority:200000)
 2023-04-18 11:59:18.418 [main] INFO  o.f.common.engine.impl.AbstractEngineConfiguration - Executing beforeInit() of class org.flowable.form.spring.configurator.SpringFormEngineConfigurator (priority:300000)
 2023-04-18 11:59:18.422 [main] INFO  o.f.common.engine.impl.AbstractEngineConfiguration - Executing beforeInit() of class org.flowable.content.spring.configurator.SpringContentEngineConfigurator (priority:400000)
 2023-04-18 11:59:18.424 [main] INFO  o.f.common.engine.impl.AbstractEngineConfiguration - Executing beforeInit() of class org.flowable.cmmn.spring.configurator.SpringCmmnEngineConfigurator (priority:500000)
 2023-04-18 11:59:19.314 [main] INFO  o.f.common.engine.impl.AbstractEngineConfiguration - Executing configure() of class org.flowable.engine.spring.configurator.SpringProcessEngineConfigurator (priority:50000)
 2023-04-18 11:59:19.590 [main] INFO  org.flowable.engine.impl.ProcessEngineImpl - ProcessEngine default created
 2023-04-18 11:59:19.602 [main] INFO  o.f.j.s.impl.asyncexecutor.AbstractAsyncExecutor - Starting up the async job executor [org.flowable.spring.job.service.SpringAsyncExecutor].
 2023-04-18 11:59:19.603 [Thread-5] INFO  o.f.j.s.i.a.AcquireAsyncJobsDueRunnable - starting to acquire async jobs due
 2023-04-18 11:59:19.603 [Thread-7] INFO  o.f.j.s.i.asyncexecutor.ResetExpiredJobsRunnable - starting to reset expired jobs
 2023-04-18 11:59:19.603 [Thread-6] INFO  o.f.j.s.i.asyncexecutor.AcquireTimerJobsRunnable - starting to acquire async jobs due
 2023-04-18 11:59:19.641 [main] INFO  org.flowable.engine.impl.cmd.ValidateV5EntitiesCmd - Total of v5 deployments found: 0
 2023-04-18 11:59:19.647 [main] INFO  o.f.common.engine.impl.AbstractEngineConfiguration - Executing configure() of class org.flowable.idm.spring.configurator.SpringIdmEngineConfigurator (priority:100000)
 2023-04-18 11:59:19.671 [main] INFO  org.flowable.idm.engine.impl.IdmEngineImpl - IdmEngine default created
 2023-04-18 11:59:19.672 [main] INFO  o.f.common.engine.impl.AbstractEngineConfiguration - Executing configure() of class org.flowable.dmn.spring.configurator.SpringDmnEngineConfigurator (priority:200000)
 2023-04-18 11:59:20.205 [main] INFO  liquibase.lockservice - Successfully acquired change log lock
 2023-04-18 11:59:21.289 [main] INFO  liquibase.changelog - Reading from doc.ACT_DMN_DATABASECHANGELOG
 2023-04-18 11:59:21.441 [main] INFO  liquibase.lockservice - Successfully released change log lock
 2023-04-18 11:59:21.442 [main] INFO  org.flowable.dmn.engine.impl.DmnEngineImpl - DmnEngine default created
 2023-04-18 11:59:21.443 [main] INFO  o.f.common.engine.impl.AbstractEngineConfiguration - Executing configure() of class org.flowable.form.spring.configurator.SpringFormEngineConfigurator (priority:300000)
 2023-04-18 11:59:21.489 [main] INFO  liquibase.lockservice - Successfully acquired change log lock
 2023-04-18 11:59:21.703 [main] INFO  liquibase.changelog - Reading from doc.ACT_FO_DATABASECHANGELOG
 2023-04-18 11:59:21.733 [main] INFO  liquibase.lockservice - Successfully released change log lock
 2023-04-18 11:59:21.733 [main] INFO  org.flowable.form.engine.impl.FormEngineImpl - FormEngine default created
 2023-04-18 11:59:21.735 [main] INFO  o.f.common.engine.impl.AbstractEngineConfiguration - Executing configure() of class org.flowable.content.spring.configurator.SpringContentEngineConfigurator (priority:400000)
 2023-04-18 11:59:21.744 [main] INFO  o.f.content.engine.ContentEngineConfiguration - Content file system root : /Users/gaozhiwei/content
 2023-04-18 11:59:21.774 [main] INFO  liquibase.lockservice - Successfully acquired change log lock
 2023-04-18 11:59:21.960 [main] INFO  liquibase.changelog - Reading from doc.ACT_CO_DATABASECHANGELOG
 2023-04-18 11:59:21.990 [main] INFO  liquibase.lockservice - Successfully released change log lock
 2023-04-18 11:59:21.991 [main] INFO  org.flowable.content.engine.impl.ContentEngineImpl - ContentEngine default created
 2023-04-18 11:59:21.994 [main] INFO  o.f.common.engine.impl.AbstractEngineConfiguration - Executing configure() of class org.flowable.cmmn.spring.configurator.SpringCmmnEngineConfigurator (priority:500000)
 2023-04-18 11:59:22.109 [main] INFO  liquibase.lockservice - Successfully acquired change log lock
 2023-04-18 11:59:22.300 [main] INFO  liquibase.changelog - Reading from doc.ACT_CMMN_DATABASECHANGELOG
 2023-04-18 11:59:22.334 [main] INFO  liquibase.lockservice - Successfully released change log lock
 2023-04-18 11:59:22.335 [main] INFO  org.flowable.cmmn.engine.impl.CmmnEngineImpl - CmmnEngine default created
 2023-04-18 11:59:22.371 [main] INFO  liquibase.lockservice - Successfully acquired change log lock
 2023-04-18 11:59:22.549 [main] INFO  liquibase.changelog - Reading from doc.ACT_APP_DATABASECHANGELOG
 2023-04-18 11:59:22.571 [main] INFO  liquibase.lockservice - Successfully released change log lock
 2023-04-18 11:59:22.571 [main] INFO  org.flowable.app.engine.impl.AppEngineImpl - AppEngine default created
 2023-04-18 11:59:24.905 [main] INFO  c.a.n.p.auth.spi.client.ClientAuthPluginManager - [ClientAuthPluginManager] Load ClientAuthService com.alibaba.nacos.client.auth.impl.NacosClientAuthServiceImpl success.
 2023-04-18 11:59:24.906 [main] INFO  c.a.n.p.auth.spi.client.ClientAuthPluginManager - [ClientAuthPluginManager] Load ClientAuthService com.alibaba.nacos.client.auth.ram.RamClientAuthServiceImpl success.
 2023-04-18 11:59:26.407 [main] INFO  org.apache.coyote.http11.Http11NioProtocol - Starting ProtocolHandler ["http-nio-8092"]
 2023-04-18 11:59:26.428 [main] INFO  o.s.boot.web.embedded.tomcat.TomcatWebServer - Tomcat started on port(s): 8092 (http) with context path ''
 2023-04-18 11:59:26.447 [main] INFO  c.a.cloud.nacos.registry.NacosServiceRegistry - nacos registry, DEFAULT_GROUP gzw-kd 192.168.31.197:8092 register finished
 2023-04-18 11:59:26.865 [main] INFO  o.s.scheduling.quartz.SchedulerFactoryBean - Starting Quartz Scheduler now
 2023-04-18 11:59:26.870 [main] INFO  com.alibaba.druid.pool.DruidDataSource - {dataSource-4} inited
 2023-04-18 11:59:26.906 [main] INFO  org.quartz.impl.jdbcjobstore.JobStoreTX - Freed 0 triggers from 'acquired' / 'blocked' state.
 2023-04-18 11:59:26.910 [main] INFO  org.quartz.impl.jdbcjobstore.JobStoreTX - Recovering 0 jobs that were in-progress at the time of the last shut-down.
 2023-04-18 11:59:26.911 [main] INFO  org.quartz.impl.jdbcjobstore.JobStoreTX - Recovery complete.
 2023-04-18 11:59:26.912 [main] INFO  org.quartz.impl.jdbcjobstore.JobStoreTX - Removed 0 'complete' triggers.
 2023-04-18 11:59:26.913 [main] INFO  org.quartz.impl.jdbcjobstore.JobStoreTX - Removed 0 stale fired job entries.
 2023-04-18 11:59:26.914 [main] INFO  org.quartz.core.QuartzScheduler - Scheduler kd_DefaultQuartzScheduler_$_NON_CLUSTERED started.
 2023-04-18 11:59:26.928 [canalClient-thread] INFO  com.gzw.kd.canal.component.CanalClient - =============> Start to connect destination: canaltest <=============
 2023-04-18 11:59:26.964 [main] INFO  o.s.s.a.ScheduledAnnotationBeanPostProcessor - No TaskScheduler/ScheduledExecutorService bean found for scheduled processing
 2023-04-18 11:59:26.980 [main] INFO  com.gzw.kd.KdApplication - Started KdApplication in 19.746 seconds (JVM running for 20.789)
 2023-04-18 11:59:27.054 [canalClient-thread] INFO  com.gzw.kd.canal.component.CanalClient - =============> Start to subscribe destination: canaltest <=============
 2023-04-18 11:59:27.058 [canalClient-thread] INFO  com.gzw.kd.canal.component.CanalClient - =============> Subscribe destination: canaltest succeed <=============
 2023-04-18 11:59:29.992 [TaskEngine-pool-1] INFO  com.gzw.kd.scheduletask.ScheduleTaskTwo - ------------------------------- gzw -------- timeTask-----------------------------------
 2023-04-18 11:59:32.469 [http-nio-8092-exec-2] INFO  o.a.c.core.ContainerBase.[Tomcat].[localhost].[/] - Initializing Spring DispatcherServlet 'dispatcherServlet'
 2023-04-18 11:59:32.471 [http-nio-8092-exec-2] INFO  org.springframework.web.servlet.DispatcherServlet - Initializing Servlet 'dispatcherServlet'
 2023-04-18 11:59:32.484 [http-nio-8092-exec-2] INFO  org.springframework.web.servlet.DispatcherServlet - Completed initialization in 11 ms
 2023-04-18 11:59:34.994 [TaskEngine-pool-1] INFO  com.gzw.kd.scheduletask.ScheduleTaskTwo - ------------------------------- gzw -------- timeTask-----------------------------------
 2023-04-18 11:59:39.994 [TaskEngine-pool-1] INFO  com.gzw.kd.scheduletask.ScheduleTaskTwo - ------------------------------- gzw -------- timeTask-----------------------------------
kd.16712c00a0bc4364 2023-04-18 11:59:43.788 [http-nio-8092-exec-5] INFO  com.gzw.kd.listener.MsgListener - 用户:admin 上线,时间:2023-04-18 11:59:43 在线人数:1
 2023-04-18 11:59:44.998 [TaskEngine-pool-1] INFO  com.gzw.kd.scheduletask.ScheduleTaskTwo - ------------------------------- gzw -------- timeTask-----------------------------------
 2023-04-18 11:59:50.001 [TaskEngine-pool-1] INFO  com.gzw.kd.scheduletask.ScheduleTaskTwo - ------------------------------- gzw -------- timeTask-----------------------------------
 2023-04-18 11:59:55.002 [TaskEngine-pool-1] INFO  com.gzw.kd.scheduletask.ScheduleTaskTwo - ------------------------------- gzw -------- timeTask-----------------------------------
 2023-04-18 12:00:00.003 [TaskEngine-pool-1] INFO  com.gzw.kd.scheduletask.ScheduleTaskTwo - ------------------------------- gzw -------- timeTask-----------------------------------
 2023-04-18 12:00:00.197 [pool-7-thread-1] INFO  com.gzw.kd.scheduletask.ScheduleTask - current time 2023-04-18T12:00:00.197
 2023-04-18 12:00:00.197 [Thread-21] INFO  com.gzw.kd.learn.thread.MyMusicIndex - music play start----------------------------------------------------共你痴痴爱在.mp3 
 2023-04-18 12:00:05.007 [TaskEngine-pool-1] INFO  com.gzw.kd.scheduletask.ScheduleTaskTwo - ------------------------------- gzw -------- timeTask-----------------------------------
 2023-04-18 12:00:10.007 [TaskEngine-pool-1] INFO  com.gzw.kd.scheduletask.ScheduleTaskTwo - ------------------------------- gzw -------- timeTask-----------------------------------
 2023-04-18 12:00:15.011 [TaskEngine-pool-1] INFO  com.gzw.kd.scheduletask.ScheduleTaskTwo - ------------------------------- gzw -------- timeTask-----------------------------------
 2023-04-18 12:00:20.014 [TaskEngine-pool-1] INFO  com.gzw.kd.scheduletask.ScheduleTaskTwo - ------------------------------- gzw -------- timeTask-----------------------------------
 2023-04-18 12:00:25.016 [TaskEngine-pool-1] INFO  com.gzw.kd.scheduletask.ScheduleTaskTwo - ------------------------------- gzw -------- timeTask-----------------------------------
 2023-04-18 12:00:30.019 [TaskEngine-pool-1] INFO  com.gzw.kd.scheduletask.ScheduleTaskTwo - ------------------------------- gzw -------- timeTask-----------------------------------
 2023-04-18 12:00:35.022 [TaskEngine-pool-1] INFO  com.gzw.kd.scheduletask.ScheduleTaskTwo - ------------------------------- gzw -------- timeTask-----------------------------------
 2023-04-18 12:00:40.022 [TaskEngine-pool-1] INFO  com.gzw.kd.scheduletask.ScheduleTaskTwo - ------------------------------- gzw -------- timeTask-----------------------------------
 2023-04-18 12:00:45.026 [TaskEngine-pool-1] INFO  com.gzw.kd.scheduletask.ScheduleTaskTwo - ------------------------------- gzw -------- timeTask-----------------------------------
 2023-04-18 12:00:46.357 [Export-executor-shutdown-hook-thread] INFO  com.gzw.kd.export.AsyncTaskExecutorService - Export executor closing...
 2023-04-18 12:00:46.358 [Export-executor-shutdown-hook-thread] INFO  com.gzw.kd.export.AsyncTaskExecutorService - Export executor closed
 2023-04-18 12:00:46.361 [SpringApplicationShutdownHook] INFO  org.quartz.core.QuartzScheduler - Scheduler kd_DefaultQuartzScheduler_$_NON_CLUSTERED paused.
 2023-04-18 12:00:46.393 [SpringApplicationShutdownHook] INFO  o.f.j.s.impl.asyncexecutor.AbstractAsyncExecutor - Shutting down the async job executor [org.flowable.spring.job.service.SpringAsyncExecutor].
 2023-04-18 12:00:46.394 [flowable-acquire-timer-jobs] INFO  o.f.j.s.i.asyncexecutor.AcquireTimerJobsRunnable - stopped async job due acquisition
 2023-04-18 12:00:46.394 [flowable-reset-expired-jobs] INFO  o.f.j.s.i.asyncexecutor.ResetExpiredJobsRunnable - stopped resetting expired jobs
 2023-04-18 12:00:46.394 [flowable-acquire-async-jobs] INFO  o.f.j.s.i.a.AcquireAsyncJobsDueRunnable - stopped async job due acquisition
 2023-04-18 12:00:46.398 [SpringApplicationShutdownHook] INFO  c.a.cloud.nacos.registry.NacosServiceRegistry - De-registering from Nacos Server now...
 2023-04-18 12:00:46.406 [SpringApplicationShutdownHook] INFO  c.a.cloud.nacos.registry.NacosServiceRegistry - De-registration finished.
 2023-04-18 23:05:24.617 [main] INFO  org.springframework.boot.SpringApplication - 

   ___              ____          __      __
  / __|     o O O  |_  /     o O O\ \    / /
 | (_ |    o        / /     o      \ \/\/ /
  \___|   TS__[O]  /___|   TS__[O]  \_/\_/
_|"""""| {======|_|"""""| {======|_|"""""|
"`-0-0-'./o--000'"`-0-0-'./o--000'"`-0-0-'

B+树 https://www.cs.usfca.edu/~galles/visualization/BPlusTree.html

kd version 0.0.1
Spring Boot Version: 2.7.4 (v2.7.4) >>>欢迎使用后台管理系统 大道至简 代码玄学<<<



 2023-04-18 23:05:24.679 [background-preinit] INFO  org.hibernate.validator.internal.util.Version - HV000001: Hibernate Validator 6.2.5.Final
 2023-04-18 23:05:24.716 [main] INFO  com.gzw.kd.KdApplication - Starting KdApplication using Java 1.8.0_181 on gaozhiwei.local with PID 17442 (/Users/gaozhiwei/kd/target/classes started by gaozhiwei in /Users/gaozhiwei/kd)
 2023-04-18 23:05:24.717 [main] INFO  com.gzw.kd.KdApplication - The following 1 profile is active: "dev"
 2023-04-18 23:05:26.454 [main] INFO  o.s.d.r.config.RepositoryConfigurationDelegate - Multiple Spring Data modules found, entering strict repository configuration mode
 2023-04-18 23:05:26.458 [main] INFO  o.s.d.r.config.RepositoryConfigurationDelegate - Bootstrapping Spring Data Redis repositories in DEFAULT mode.
 2023-04-18 23:05:26.551 [main] INFO  o.s.d.r.config.RepositoryConfigurationDelegate - Finished Spring Data repository scanning in 68 ms. Found 0 Redis repository interfaces.
 2023-04-18 23:05:27.231 [main] INFO  o.springframework.cloud.context.scope.GenericScope - BeanFactory id=eba8df4b-1afa-3cc5-945e-3864c19c0e59
 2023-04-18 23:05:29.549 [main] INFO  o.s.boot.web.embedded.tomcat.TomcatWebServer - Tomcat initialized with port(s): 8092 (http)
 2023-04-18 23:05:29.568 [main] INFO  org.apache.coyote.http11.Http11NioProtocol - Initializing ProtocolHandler ["http-nio-8092"]
 2023-04-18 23:05:29.569 [main] INFO  org.apache.catalina.core.StandardService - Starting service [Tomcat]
 2023-04-18 23:05:29.569 [main] INFO  org.apache.catalina.core.StandardEngine - Starting Servlet engine: [Apache Tomcat/9.0.65]
 2023-04-18 23:05:29.947 [main] INFO  o.a.c.core.ContainerBase.[Tomcat].[localhost].[/] - Initializing Spring embedded WebApplicationContext
 2023-04-18 23:05:29.948 [main] INFO  o.s.b.w.s.c.ServletWebServerApplicationContext - Root WebApplicationContext: initialization completed in 5165 ms
 2023-04-18 23:05:30.081 [main] INFO  o.a.c.core.ContainerBase.[Tomcat].[localhost].[/] - Set web app root system property: 'webapp.root' = [/private/var/folders/8q/l6vbl9k173lftyjksgtf0_6m0000gn/T/tomcat-docbase.8092.8222041114249243987/]
 2023-04-18 23:05:30.133 [main] INFO  com.gzw.kd.config.ElasticsearchConfiguration - restHighLevelClient build 正在创建 ------------------------------------------------------
 2023-04-18 23:05:30.177 [main] INFO  com.gzw.kd.config.ElasticsearchConfiguration - restHighLevelClient build 创建成功 ------------------------------------------------------
 2023-04-18 23:05:32.047 [main] INFO  com.alibaba.druid.pool.DruidDataSource - {dataSource-1} inited
 2023-04-18 23:05:32.141 [main] INFO  com.alibaba.druid.pool.DruidDataSource - {dataSource-2} inited
 2023-04-18 23:05:32.199 [main] INFO  com.alibaba.druid.pool.DruidDataSource - {dataSource-3} inited
 2023-04-18 23:05:32.656 [main] INFO  org.flywaydb.core.internal.license.VersionPrinter - Flyway Community Edition 6.4.4 by Redgate
 2023-04-18 23:05:32.723 [main] INFO  o.flywaydb.core.internal.database.DatabaseFactory - Database: jdbc:mysql://127.0.0.1:3306/doc (MySQL 8.0)
 2023-04-18 23:05:32.884 [main] INFO  org.flywaydb.core.internal.command.DbValidate - Successfully validated 6 migrations (execution time 00:00.064s)
 2023-04-18 23:05:32.898 [main] INFO  org.flywaydb.core.internal.command.DbMigrate - Current version of schema `doc`: 1.0.5
 2023-04-18 23:05:32.899 [main] INFO  org.flywaydb.core.internal.command.DbMigrate - Schema `doc` is up to date. No migration necessary.
 2023-04-18 23:05:33.771 [main] INFO  com.gzw.kd.common.utils.AESCrypt - 初始化成功了
 2023-04-18 23:05:33.966 [main] INFO  com.gzw.kd.common.utils.HttpClientUtil - http client init success ....................
 2023-04-18 23:05:34.045 [main] INFO  org.quartz.impl.StdSchedulerFactory - Using default implementation for ThreadExecutor
 2023-04-18 23:05:34.049 [main] INFO  org.quartz.simpl.SimpleThreadPool - Job execution threads will use class loader of thread: main
 2023-04-18 23:05:34.064 [main] INFO  org.quartz.core.SchedulerSignalerImpl - Initialized Scheduler Signaller of type: class org.quartz.core.SchedulerSignalerImpl
 2023-04-18 23:05:34.065 [main] INFO  org.quartz.core.QuartzScheduler - Quartz Scheduler v.2.3.2 created.
 2023-04-18 23:05:34.066 [main] INFO  org.quartz.impl.jdbcjobstore.JobStoreTX - Using thread monitor-based data access locking (synchronization).
 2023-04-18 23:05:34.067 [main] INFO  org.quartz.impl.jdbcjobstore.JobStoreTX - JobStoreTX initialized.
 2023-04-18 23:05:34.068 [main] INFO  org.quartz.core.QuartzScheduler - Scheduler meta-data: Quartz Scheduler (v2.3.2) 'kd_DefaultQuartzScheduler' with instanceId 'NON_CLUSTERED'
  Scheduler class: 'org.quartz.core.QuartzScheduler' - running locally.
  NOT STARTED.
  Currently in standby mode.
  Number of jobs executed: 0
  Using thread pool 'org.quartz.simpl.SimpleThreadPool' - with 5 threads.
  Using job-store 'org.quartz.impl.jdbcjobstore.JobStoreTX' - which supports persistence. and is not clustered.

 2023-04-18 23:05:34.068 [main] INFO  org.quartz.impl.StdSchedulerFactory - Quartz scheduler 'kd_DefaultQuartzScheduler' initialized from an externally provided properties instance.
 2023-04-18 23:05:34.068 [main] INFO  org.quartz.impl.StdSchedulerFactory - Quartz scheduler version: 2.3.2
 2023-04-18 23:05:34.070 [main] INFO  org.quartz.core.QuartzScheduler - JobFactory set to: org.springframework.scheduling.quartz.AdaptableJobFactory@137a9d69
 2023-04-18 23:05:34.380 [main] INFO  com.gzw.kd.scheduletask.AsyncTaskJobHandler - Async task impl list: [com.gzw.kd.export.service.LogExportAsyncTask@513fb873]
 2023-04-18 23:05:35.085 [main] INFO  com.gzw.kd.config.ExecutorConfiguration - start asyncTaskExecutor
 2023-04-18 23:05:35.136 [main] INFO  com.netflix.config.sources.URLConfigurationSource - To enable URLs as dynamic configuration sources, define System property archaius.configurationSource.additionalUrls or make config.properties available on classpath.
 2023-04-18 23:05:35.147 [main] INFO  com.netflix.config.sources.URLConfigurationSource - To enable URLs as dynamic configuration sources, define System property archaius.configurationSource.additionalUrls or make config.properties available on classpath.
 2023-04-18 23:05:35.976 [main] INFO  o.f.s.b.a.AppEngineAutoConfiguration$$EnhancerBySpringCGLIB$$151ed65d - No deployment resources were found for autodeployment
 2023-04-18 23:05:36.142 [main] INFO  o.f.s.b.ProcessEngineAutoConfiguration$$EnhancerBySpringCGLIB$$3d3c1e02 - No deployment resources were found for autodeployment
 2023-04-18 23:05:36.393 [main] INFO  o.f.s.b.c.CmmnEngineAutoConfiguration$$EnhancerBySpringCGLIB$$65b5dea3 - No deployment resources were found for autodeployment
 2023-04-18 23:05:36.537 [main] INFO  o.f.s.b.d.DmnEngineAutoConfiguration$$EnhancerBySpringCGLIB$$bd372095 - No deployment resources were found for autodeployment
 2023-04-18 23:05:36.610 [main] INFO  o.f.s.b.f.FormEngineAutoConfiguration$$EnhancerBySpringCGLIB$$15c9b03 - No deployment resources were found for autodeployment
 2023-04-18 23:05:36.682 [main] INFO  o.f.common.engine.impl.AbstractEngineConfiguration - Found 6 Engine Configurators in total:
 2023-04-18 23:05:36.683 [main] INFO  o.f.common.engine.impl.AbstractEngineConfiguration - class org.flowable.engine.spring.configurator.SpringProcessEngineConfigurator (priority:50000)
 2023-04-18 23:05:36.683 [main] INFO  o.f.common.engine.impl.AbstractEngineConfiguration - class org.flowable.idm.spring.configurator.SpringIdmEngineConfigurator (priority:100000)
 2023-04-18 23:05:36.683 [main] INFO  o.f.common.engine.impl.AbstractEngineConfiguration - class org.flowable.dmn.spring.configurator.SpringDmnEngineConfigurator (priority:200000)
 2023-04-18 23:05:36.683 [main] INFO  o.f.common.engine.impl.AbstractEngineConfiguration - class org.flowable.form.spring.configurator.SpringFormEngineConfigurator (priority:300000)
 2023-04-18 23:05:36.683 [main] INFO  o.f.common.engine.impl.AbstractEngineConfiguration - class org.flowable.content.spring.configurator.SpringContentEngineConfigurator (priority:400000)
 2023-04-18 23:05:36.683 [main] INFO  o.f.common.engine.impl.AbstractEngineConfiguration - class org.flowable.cmmn.spring.configurator.SpringCmmnEngineConfigurator (priority:500000)
 2023-04-18 23:05:36.683 [main] INFO  o.f.common.engine.impl.AbstractEngineConfiguration - Executing beforeInit() of class org.flowable.engine.spring.configurator.SpringProcessEngineConfigurator (priority:50000)
 2023-04-18 23:05:36.689 [main] INFO  o.f.common.engine.impl.AbstractEngineConfiguration - Executing beforeInit() of class org.flowable.idm.spring.configurator.SpringIdmEngineConfigurator (priority:100000)
 2023-04-18 23:05:36.692 [main] INFO  o.f.common.engine.impl.AbstractEngineConfiguration - Executing beforeInit() of class org.flowable.dmn.spring.configurator.SpringDmnEngineConfigurator (priority:200000)
 2023-04-18 23:05:36.695 [main] INFO  o.f.common.engine.impl.AbstractEngineConfiguration - Executing beforeInit() of class org.flowable.form.spring.configurator.SpringFormEngineConfigurator (priority:300000)
 2023-04-18 23:05:36.698 [main] INFO  o.f.common.engine.impl.AbstractEngineConfiguration - Executing beforeInit() of class org.flowable.content.spring.configurator.SpringContentEngineConfigurator (priority:400000)
 2023-04-18 23:05:36.700 [main] INFO  o.f.common.engine.impl.AbstractEngineConfiguration - Executing beforeInit() of class org.flowable.cmmn.spring.configurator.SpringCmmnEngineConfigurator (priority:500000)
 2023-04-18 23:05:37.700 [main] INFO  o.f.common.engine.impl.AbstractEngineConfiguration - Executing configure() of class org.flowable.engine.spring.configurator.SpringProcessEngineConfigurator (priority:50000)
 2023-04-18 23:05:38.046 [main] INFO  org.flowable.engine.impl.ProcessEngineImpl - ProcessEngine default created
 2023-04-18 23:05:38.063 [main] INFO  o.f.j.s.impl.asyncexecutor.AbstractAsyncExecutor - Starting up the async job executor [org.flowable.spring.job.service.SpringAsyncExecutor].
 2023-04-18 23:05:38.064 [Thread-5] INFO  o.f.j.s.i.a.AcquireAsyncJobsDueRunnable - starting to acquire async jobs due
 2023-04-18 23:05:38.064 [Thread-6] INFO  o.f.j.s.i.asyncexecutor.AcquireTimerJobsRunnable - starting to acquire async jobs due
 2023-04-18 23:05:38.065 [Thread-7] INFO  o.f.j.s.i.asyncexecutor.ResetExpiredJobsRunnable - starting to reset expired jobs
 2023-04-18 23:05:38.113 [main] INFO  org.flowable.engine.impl.cmd.ValidateV5EntitiesCmd - Total of v5 deployments found: 0
 2023-04-18 23:05:38.119 [main] INFO  o.f.common.engine.impl.AbstractEngineConfiguration - Executing configure() of class org.flowable.idm.spring.configurator.SpringIdmEngineConfigurator (priority:100000)
 2023-04-18 23:05:38.155 [main] INFO  org.flowable.idm.engine.impl.IdmEngineImpl - IdmEngine default created
 2023-04-18 23:05:38.157 [main] INFO  o.f.common.engine.impl.AbstractEngineConfiguration - Executing configure() of class org.flowable.dmn.spring.configurator.SpringDmnEngineConfigurator (priority:200000)
 2023-04-18 23:05:38.947 [main] INFO  liquibase.lockservice - Successfully acquired change log lock
 2023-04-18 23:05:39.745 [main] INFO  liquibase.changelog - Reading from doc.ACT_DMN_DATABASECHANGELOG
 2023-04-18 23:05:39.868 [main] INFO  liquibase.lockservice - Successfully released change log lock
 2023-04-18 23:05:39.869 [main] INFO  org.flowable.dmn.engine.impl.DmnEngineImpl - DmnEngine default created
 2023-04-18 23:05:39.871 [main] INFO  o.f.common.engine.impl.AbstractEngineConfiguration - Executing configure() of class org.flowable.form.spring.configurator.SpringFormEngineConfigurator (priority:300000)
 2023-04-18 23:05:39.915 [main] INFO  liquibase.lockservice - Successfully acquired change log lock
 2023-04-18 23:05:40.156 [main] INFO  liquibase.changelog - Reading from doc.ACT_FO_DATABASECHANGELOG
 2023-04-18 23:05:40.188 [main] INFO  liquibase.lockservice - Successfully released change log lock
 2023-04-18 23:05:40.189 [main] INFO  org.flowable.form.engine.impl.FormEngineImpl - FormEngine default created
 2023-04-18 23:05:40.191 [main] INFO  o.f.common.engine.impl.AbstractEngineConfiguration - Executing configure() of class org.flowable.content.spring.configurator.SpringContentEngineConfigurator (priority:400000)
 2023-04-18 23:05:40.199 [main] INFO  o.f.content.engine.ContentEngineConfiguration - Content file system root : /Users/gaozhiwei/content
 2023-04-18 23:05:40.231 [main] INFO  liquibase.lockservice - Successfully acquired change log lock
 2023-04-18 23:05:40.436 [main] INFO  liquibase.changelog - Reading from doc.ACT_CO_DATABASECHANGELOG
 2023-04-18 23:05:40.460 [main] INFO  liquibase.lockservice - Successfully released change log lock
 2023-04-18 23:05:40.462 [main] INFO  org.flowable.content.engine.impl.ContentEngineImpl - ContentEngine default created
 2023-04-18 23:05:40.463 [main] INFO  o.f.common.engine.impl.AbstractEngineConfiguration - Executing configure() of class org.flowable.cmmn.spring.configurator.SpringCmmnEngineConfigurator (priority:500000)
 2023-04-18 23:05:40.576 [main] INFO  liquibase.lockservice - Successfully acquired change log lock
 2023-04-18 23:05:40.783 [main] INFO  liquibase.changelog - Reading from doc.ACT_CMMN_DATABASECHANGELOG
 2023-04-18 23:05:40.821 [main] INFO  liquibase.lockservice - Successfully released change log lock
 2023-04-18 23:05:40.822 [main] INFO  org.flowable.cmmn.engine.impl.CmmnEngineImpl - CmmnEngine default created
 2023-04-18 23:05:40.860 [main] INFO  liquibase.lockservice - Successfully acquired change log lock
 2023-04-18 23:05:41.884 [main] INFO  liquibase.changelog - Reading from doc.ACT_APP_DATABASECHANGELOG
 2023-04-18 23:05:41.908 [main] INFO  liquibase.lockservice - Successfully released change log lock
 2023-04-18 23:05:41.909 [main] INFO  org.flowable.app.engine.impl.AppEngineImpl - AppEngine default created
 2023-04-18 23:05:42.728 [main] INFO  c.a.n.p.auth.spi.client.ClientAuthPluginManager - [ClientAuthPluginManager] Load ClientAuthService com.alibaba.nacos.client.auth.impl.NacosClientAuthServiceImpl success.
 2023-04-18 23:05:42.729 [main] INFO  c.a.n.p.auth.spi.client.ClientAuthPluginManager - [ClientAuthPluginManager] Load ClientAuthService com.alibaba.nacos.client.auth.ram.RamClientAuthServiceImpl success.
 2023-04-18 23:05:44.452 [main] INFO  org.apache.coyote.http11.Http11NioProtocol - Starting ProtocolHandler ["http-nio-8092"]
 2023-04-18 23:05:44.473 [main] INFO  o.s.boot.web.embedded.tomcat.TomcatWebServer - Tomcat started on port(s): 8092 (http) with context path ''
 2023-04-18 23:05:44.499 [main] INFO  c.a.cloud.nacos.registry.NacosServiceRegistry - nacos registry, DEFAULT_GROUP gzw-kd 192.168.31.197:8092 register finished
 2023-04-18 23:05:44.867 [main] INFO  o.s.scheduling.quartz.SchedulerFactoryBean - Starting Quartz Scheduler now
 2023-04-18 23:05:44.871 [main] INFO  com.alibaba.druid.pool.DruidDataSource - {dataSource-4} inited
 2023-04-18 23:05:44.901 [main] INFO  org.quartz.impl.jdbcjobstore.JobStoreTX - Freed 0 triggers from 'acquired' / 'blocked' state.
 2023-04-18 23:05:44.904 [main] INFO  org.quartz.impl.jdbcjobstore.JobStoreTX - Recovering 0 jobs that were in-progress at the time of the last shut-down.
 2023-04-18 23:05:44.904 [main] INFO  org.quartz.impl.jdbcjobstore.JobStoreTX - Recovery complete.
 2023-04-18 23:05:44.906 [main] INFO  org.quartz.impl.jdbcjobstore.JobStoreTX - Removed 0 'complete' triggers.
 2023-04-18 23:05:44.908 [main] INFO  org.quartz.impl.jdbcjobstore.JobStoreTX - Removed 0 stale fired job entries.
 2023-04-18 23:05:44.909 [main] INFO  org.quartz.core.QuartzScheduler - Scheduler kd_DefaultQuartzScheduler_$_NON_CLUSTERED started.
 2023-04-18 23:05:44.928 [canalClient-thread] INFO  com.gzw.kd.canal.component.CanalClient - =============> Start to connect destination: canaltest <=============
 2023-04-18 23:05:44.948 [main] INFO  o.s.s.a.ScheduledAnnotationBeanPostProcessor - No TaskScheduler/ScheduledExecutorService bean found for scheduled processing
 2023-04-18 23:05:44.960 [main] INFO  com.gzw.kd.KdApplication - Started KdApplication in 21.122 seconds (JVM running for 21.84)
 2023-04-18 23:05:45.090 [canalClient-thread] INFO  com.gzw.kd.canal.component.CanalClient - =============> Start to subscribe destination: canaltest <=============
 2023-04-18 23:05:45.108 [canalClient-thread] INFO  com.gzw.kd.canal.component.CanalClient - =============> Subscribe destination: canaltest succeed <=============
 2023-04-18 23:05:47.969 [TaskEngine-pool-1] INFO  com.gzw.kd.scheduletask.ScheduleTaskTwo - ------------------------------- gzw -------- timeTask-----------------------------------
 2023-04-18 23:05:52.972 [TaskEngine-pool-1] INFO  com.gzw.kd.scheduletask.ScheduleTaskTwo - ------------------------------- gzw -------- timeTask-----------------------------------
 2023-04-18 23:05:57.976 [TaskEngine-pool-1] INFO  com.gzw.kd.scheduletask.ScheduleTaskTwo - ------------------------------- gzw -------- timeTask-----------------------------------
 2023-04-18 23:06:00.771 [Thread-20] INFO  com.gzw.kd.learn.thread.MyMusicIndex - music play start----------------------------------------------------landing guy.mp3 
 2023-04-18 23:06:00.771 [pool-7-thread-1] INFO  com.gzw.kd.scheduletask.ScheduleTask - current time 2023-04-18T23:06:00.771
 2023-04-18 23:06:02.978 [TaskEngine-pool-1] INFO  com.gzw.kd.scheduletask.ScheduleTaskTwo - ------------------------------- gzw -------- timeTask-----------------------------------
 2023-04-18 23:06:07.981 [TaskEngine-pool-1] INFO  com.gzw.kd.scheduletask.ScheduleTaskTwo - ------------------------------- gzw -------- timeTask-----------------------------------
 2023-04-18 23:06:12.982 [TaskEngine-pool-1] INFO  com.gzw.kd.scheduletask.ScheduleTaskTwo - ------------------------------- gzw -------- timeTask-----------------------------------
 2023-04-18 23:06:13.368 [http-nio-8092-exec-1] INFO  o.a.c.core.ContainerBase.[Tomcat].[localhost].[/] - Initializing Spring DispatcherServlet 'dispatcherServlet'
 2023-04-18 23:06:13.368 [http-nio-8092-exec-1] INFO  org.springframework.web.servlet.DispatcherServlet - Initializing Servlet 'dispatcherServlet'
 2023-04-18 23:06:13.381 [http-nio-8092-exec-1] INFO  org.springframework.web.servlet.DispatcherServlet - Completed initialization in 12 ms
 2023-04-18 23:06:17.983 [TaskEngine-pool-1] INFO  com.gzw.kd.scheduletask.ScheduleTaskTwo - ------------------------------- gzw -------- timeTask-----------------------------------
 2023-04-18 23:06:22.987 [TaskEngine-pool-1] INFO  com.gzw.kd.scheduletask.ScheduleTaskTwo - ------------------------------- gzw -------- timeTask-----------------------------------
 2023-04-18 23:06:27.990 [TaskEngine-pool-1] INFO  com.gzw.kd.scheduletask.ScheduleTaskTwo - ------------------------------- gzw -------- timeTask-----------------------------------
kd.50ba222b0c6b496d 2023-04-18 23:06:29.546 [http-nio-8092-exec-1] INFO  com.gzw.kd.listener.MsgListener - 用户:admin 上线,时间:2023-04-18 23:06:29 在线人数:1
 2023-04-18 23:06:32.992 [TaskEngine-pool-1] INFO  com.gzw.kd.scheduletask.ScheduleTaskTwo - ------------------------------- gzw -------- timeTask-----------------------------------
 2023-04-18 23:06:37.995 [TaskEngine-pool-1] INFO  com.gzw.kd.scheduletask.ScheduleTaskTwo - ------------------------------- gzw -------- timeTask-----------------------------------
 2023-04-18 23:06:42.999 [TaskEngine-pool-1] INFO  com.gzw.kd.scheduletask.ScheduleTaskTwo - ------------------------------- gzw -------- timeTask-----------------------------------
 2023-04-18 23:06:48.003 [TaskEngine-pool-1] INFO  com.gzw.kd.scheduletask.ScheduleTaskTwo - ------------------------------- gzw -------- timeTask-----------------------------------
 2023-04-18 23:06:53.003 [TaskEngine-pool-1] INFO  com.gzw.kd.scheduletask.ScheduleTaskTwo - ------------------------------- gzw -------- timeTask-----------------------------------
 2023-04-18 23:06:58.007 [TaskEngine-pool-1] INFO  com.gzw.kd.scheduletask.ScheduleTaskTwo - ------------------------------- gzw -------- timeTask-----------------------------------
 2023-04-18 23:07:03.007 [TaskEngine-pool-1] INFO  com.gzw.kd.scheduletask.ScheduleTaskTwo - ------------------------------- gzw -------- timeTask-----------------------------------
 2023-04-18 23:07:08.009 [TaskEngine-pool-1] INFO  com.gzw.kd.scheduletask.ScheduleTaskTwo - ------------------------------- gzw -------- timeTask-----------------------------------
 2023-04-18 23:07:13.012 [TaskEngine-pool-1] INFO  com.gzw.kd.scheduletask.ScheduleTaskTwo - ------------------------------- gzw -------- timeTask-----------------------------------
 2023-04-18 23:07:15.643 [Export-executor-shutdown-hook-thread] INFO  com.gzw.kd.export.AsyncTaskExecutorService - Export executor closing...
 2023-04-18 23:07:15.644 [Export-executor-shutdown-hook-thread] INFO  com.gzw.kd.export.AsyncTaskExecutorService - Export executor closed
 2023-04-18 23:07:15.650 [SpringApplicationShutdownHook] INFO  org.quartz.core.QuartzScheduler - Scheduler kd_DefaultQuartzScheduler_$_NON_CLUSTERED paused.
 2023-04-18 23:07:15.698 [SpringApplicationShutdownHook] INFO  o.f.j.s.impl.asyncexecutor.AbstractAsyncExecutor - Shutting down the async job executor [org.flowable.spring.job.service.SpringAsyncExecutor].
 2023-04-18 23:07:15.698 [flowable-acquire-timer-jobs] INFO  o.f.j.s.i.asyncexecutor.AcquireTimerJobsRunnable - stopped async job due acquisition
 2023-04-18 23:07:15.698 [flowable-acquire-async-jobs] INFO  o.f.j.s.i.a.AcquireAsyncJobsDueRunnable - stopped async job due acquisition
 2023-04-18 23:07:15.699 [flowable-reset-expired-jobs] INFO  o.f.j.s.i.asyncexecutor.ResetExpiredJobsRunnable - stopped resetting expired jobs
 2023-04-18 23:07:15.705 [SpringApplicationShutdownHook] INFO  c.a.cloud.nacos.registry.NacosServiceRegistry - De-registering from Nacos Server now...
 2023-04-18 23:07:15.714 [SpringApplicationShutdownHook] INFO  c.a.cloud.nacos.registry.NacosServiceRegistry - De-registration finished.
