 2023-05-12 23:50:57.366 [main] INFO  org.springframework.boot.SpringApplication - 

   ___              ____          __      __
  / __|     o O O  |_  /     o O O\ \    / /
 | (_ |    o        / /     o      \ \/\/ /
  \___|   TS__[O]  /___|   TS__[O]  \_/\_/
_|"""""| {======|_|"""""| {======|_|"""""|
"`-0-0-'./o--000'"`-0-0-'./o--000'"`-0-0-'

B+树 https://www.cs.usfca.edu/~galles/visualization/BPlusTree.html

kd version 0.0.1
Spring Boot Version: 2.7.4 (v2.7.4) >>>欢迎使用后台管理系统 大道至简 代码玄学<<<



 2023-05-12 23:50:57.420 [background-preinit] INFO  org.hibernate.validator.internal.util.Version - HV000001: Hibernate Validator 6.2.5.Final
 2023-05-12 23:50:57.472 [main] INFO  com.gzw.kd.KdApplication - Starting KdApplication using Java 1.8.0_181 on gaozhiwei with PID 67483 (/Users/gaozhiwei/kd/target/classes started by gaozhiwei in /Users/gaozhiwei/kd)
 2023-05-12 23:50:57.473 [main] INFO  com.gzw.kd.KdApplication - The following 1 profile is active: "test"
 2023-05-12 23:50:59.590 [main] INFO  o.s.d.r.config.RepositoryConfigurationDelegate - Multiple Spring Data modules found, entering strict repository configuration mode
 2023-05-12 23:50:59.594 [main] INFO  o.s.d.r.config.RepositoryConfigurationDelegate - Bootstrapping Spring Data Redis repositories in DEFAULT mode.
 2023-05-12 23:50:59.652 [main] INFO  o.s.d.r.config.RepositoryConfigurationDelegate - Finished Spring Data repository scanning in 37 ms. Found 0 Redis repository interfaces.
 2023-05-12 23:51:00.016 [main] INFO  o.springframework.cloud.context.scope.GenericScope - BeanFactory id=59a1ea7c-f8e6-37bf-8663-228360a60d85
 2023-05-12 23:51:01.219 [main] INFO  o.s.boot.web.embedded.tomcat.TomcatWebServer - Tomcat initialized with port(s): 8092 (http)
 2023-05-12 23:51:01.236 [main] INFO  org.apache.coyote.http11.Http11NioProtocol - Initializing ProtocolHandler ["http-nio-8092"]
 2023-05-12 23:51:01.236 [main] INFO  org.apache.catalina.core.StandardService - Starting service [Tomcat]
 2023-05-12 23:51:01.237 [main] INFO  org.apache.catalina.core.StandardEngine - Starting Servlet engine: [Apache Tomcat/9.0.65]
 2023-05-12 23:51:01.562 [main] INFO  o.a.c.core.ContainerBase.[Tomcat].[localhost].[/] - Initializing Spring embedded WebApplicationContext
 2023-05-12 23:51:01.562 [main] INFO  o.s.b.w.s.c.ServletWebServerApplicationContext - Root WebApplicationContext: initialization completed in 4014 ms
 2023-05-12 23:51:02.301 [main] INFO  com.alibaba.druid.pool.DruidDataSource - {dataSource-1} inited
 2023-05-12 23:51:02.415 [main] INFO  com.alibaba.druid.pool.DruidDataSource - {dataSource-2} inited
 2023-05-12 23:51:02.490 [main] INFO  com.alibaba.druid.pool.DruidDataSource - {dataSource-3} inited
 2023-05-12 23:51:02.643 [main] INFO  o.a.c.core.ContainerBase.[Tomcat].[localhost].[/] - Set web app root system property: 'webapp.root' = [/private/var/folders/8q/l6vbl9k173lftyjksgtf0_6m0000gn/T/tomcat-docbase.8092.4027146930805135461/]
 2023-05-12 23:51:02.694 [main] INFO  com.gzw.kd.config.ElasticsearchConfiguration - restHighLevelClient build 正在创建 ------------------------------------------------------
 2023-05-12 23:51:02.750 [main] INFO  com.gzw.kd.config.ElasticsearchConfiguration - restHighLevelClient build 创建成功 ------------------------------------------------------
 2023-05-12 23:51:04.757 [main] INFO  org.flywaydb.core.internal.license.VersionPrinter - Flyway Community Edition 6.4.4 by Redgate
 2023-05-12 23:51:04.839 [main] INFO  o.flywaydb.core.internal.database.DatabaseFactory - Database: jdbc:mysql://127.0.0.1:3306/doc (MySQL 8.0)
 2023-05-12 23:51:05.031 [main] INFO  org.flywaydb.core.internal.command.DbValidate - Successfully validated 6 migrations (execution time 00:00.069s)
 2023-05-12 23:51:05.051 [main] INFO  org.flywaydb.core.internal.command.DbMigrate - Current version of schema `doc`: 1.0.5
 2023-05-12 23:51:05.052 [main] INFO  org.flywaydb.core.internal.command.DbMigrate - Schema `doc` is up to date. No migration necessary.
 2023-05-12 23:51:06.257 [main] INFO  com.gzw.kd.common.utils.AESCrypt - aes初始化成功了.............
 2023-05-12 23:51:06.823 [main] INFO  o.f.s.b.c.CmmnEngineAutoConfiguration$$EnhancerBySpringCGLIB$$dc6478d9 - No deployment resources were found for autodeployment
 2023-05-12 23:51:06.980 [main] INFO  o.f.s.b.d.DmnEngineAutoConfiguration$$EnhancerBySpringCGLIB$$33e5bacb - No deployment resources were found for autodeployment
 2023-05-12 23:51:07.064 [main] INFO  o.f.s.b.f.FormEngineAutoConfiguration$$EnhancerBySpringCGLIB$$780b3539 - No deployment resources were found for autodeployment
 2023-05-12 23:51:07.123 [main] INFO  o.f.s.b.a.AppEngineAutoConfiguration$$EnhancerBySpringCGLIB$$8bcd7093 - No deployment resources were found for autodeployment
 2023-05-12 23:51:07.178 [main] INFO  o.f.common.engine.impl.AbstractEngineConfiguration - Found 6 Engine Configurators in total:
 2023-05-12 23:51:07.179 [main] INFO  o.f.common.engine.impl.AbstractEngineConfiguration - class org.flowable.engine.spring.configurator.SpringProcessEngineConfigurator (priority:50000)
 2023-05-12 23:51:07.179 [main] INFO  o.f.common.engine.impl.AbstractEngineConfiguration - class org.flowable.idm.spring.configurator.SpringIdmEngineConfigurator (priority:100000)
 2023-05-12 23:51:07.179 [main] INFO  o.f.common.engine.impl.AbstractEngineConfiguration - class org.flowable.dmn.spring.configurator.SpringDmnEngineConfigurator (priority:200000)
 2023-05-12 23:51:07.179 [main] INFO  o.f.common.engine.impl.AbstractEngineConfiguration - class org.flowable.form.spring.configurator.SpringFormEngineConfigurator (priority:300000)
 2023-05-12 23:51:07.179 [main] INFO  o.f.common.engine.impl.AbstractEngineConfiguration - class org.flowable.content.spring.configurator.SpringContentEngineConfigurator (priority:400000)
 2023-05-12 23:51:07.180 [main] INFO  o.f.common.engine.impl.AbstractEngineConfiguration - class org.flowable.cmmn.spring.configurator.SpringCmmnEngineConfigurator (priority:500000)
 2023-05-12 23:51:07.180 [main] INFO  o.f.common.engine.impl.AbstractEngineConfiguration - Executing beforeInit() of class org.flowable.engine.spring.configurator.SpringProcessEngineConfigurator (priority:50000)
 2023-05-12 23:51:07.186 [main] INFO  o.f.common.engine.impl.AbstractEngineConfiguration - Executing beforeInit() of class org.flowable.idm.spring.configurator.SpringIdmEngineConfigurator (priority:100000)
 2023-05-12 23:51:07.188 [main] INFO  o.f.common.engine.impl.AbstractEngineConfiguration - Executing beforeInit() of class org.flowable.dmn.spring.configurator.SpringDmnEngineConfigurator (priority:200000)
 2023-05-12 23:51:07.191 [main] INFO  o.f.common.engine.impl.AbstractEngineConfiguration - Executing beforeInit() of class org.flowable.form.spring.configurator.SpringFormEngineConfigurator (priority:300000)
 2023-05-12 23:51:07.194 [main] INFO  o.f.common.engine.impl.AbstractEngineConfiguration - Executing beforeInit() of class org.flowable.content.spring.configurator.SpringContentEngineConfigurator (priority:400000)
 2023-05-12 23:51:07.197 [main] INFO  o.f.common.engine.impl.AbstractEngineConfiguration - Executing beforeInit() of class org.flowable.cmmn.spring.configurator.SpringCmmnEngineConfigurator (priority:500000)
 2023-05-12 23:51:08.216 [main] INFO  o.f.common.engine.impl.AbstractEngineConfiguration - Executing configure() of class org.flowable.engine.spring.configurator.SpringProcessEngineConfigurator (priority:50000)
 2023-05-12 23:51:08.580 [main] INFO  org.flowable.engine.impl.ProcessEngineImpl - ProcessEngine default created
 2023-05-12 23:51:08.593 [main] INFO  o.f.j.s.impl.asyncexecutor.AbstractAsyncExecutor - Starting up the async job executor [org.flowable.spring.job.service.SpringAsyncExecutor].
 2023-05-12 23:51:08.594 [Thread-4] INFO  o.f.j.s.i.a.AcquireAsyncJobsDueRunnable - starting to acquire async jobs due
 2023-05-12 23:51:08.594 [Thread-5] INFO  o.f.j.s.i.asyncexecutor.AcquireTimerJobsRunnable - starting to acquire async jobs due
 2023-05-12 23:51:08.595 [Thread-6] INFO  o.f.j.s.i.asyncexecutor.ResetExpiredJobsRunnable - starting to reset expired jobs
 2023-05-12 23:51:08.640 [main] INFO  org.flowable.engine.impl.cmd.ValidateV5EntitiesCmd - Total of v5 deployments found: 0
 2023-05-12 23:51:08.649 [main] INFO  o.f.common.engine.impl.AbstractEngineConfiguration - Executing configure() of class org.flowable.idm.spring.configurator.SpringIdmEngineConfigurator (priority:100000)
 2023-05-12 23:51:08.700 [main] INFO  org.flowable.idm.engine.impl.IdmEngineImpl - IdmEngine default created
 2023-05-12 23:51:08.702 [main] INFO  o.f.common.engine.impl.AbstractEngineConfiguration - Executing configure() of class org.flowable.dmn.spring.configurator.SpringDmnEngineConfigurator (priority:200000)
 2023-05-12 23:51:09.455 [main] INFO  liquibase.lockservice - Successfully acquired change log lock
 2023-05-12 23:51:10.145 [main] INFO  liquibase.changelog - Reading from doc.ACT_DMN_DATABASECHANGELOG
 2023-05-12 23:51:10.255 [main] INFO  liquibase.lockservice - Successfully released change log lock
 2023-05-12 23:51:10.256 [main] INFO  org.flowable.dmn.engine.impl.DmnEngineImpl - DmnEngine default created
 2023-05-12 23:51:10.258 [main] INFO  o.f.common.engine.impl.AbstractEngineConfiguration - Executing configure() of class org.flowable.form.spring.configurator.SpringFormEngineConfigurator (priority:300000)
 2023-05-12 23:51:10.299 [main] INFO  liquibase.lockservice - Successfully acquired change log lock
 2023-05-12 23:51:10.486 [main] INFO  liquibase.changelog - Reading from doc.ACT_FO_DATABASECHANGELOG
 2023-05-12 23:51:10.516 [main] INFO  liquibase.lockservice - Successfully released change log lock
 2023-05-12 23:51:10.517 [main] INFO  org.flowable.form.engine.impl.FormEngineImpl - FormEngine default created
 2023-05-12 23:51:10.519 [main] INFO  o.f.common.engine.impl.AbstractEngineConfiguration - Executing configure() of class org.flowable.content.spring.configurator.SpringContentEngineConfigurator (priority:400000)
 2023-05-12 23:51:10.526 [main] INFO  o.f.content.engine.ContentEngineConfiguration - Content file system root : /Users/gaozhiwei/content
 2023-05-12 23:51:10.555 [main] INFO  liquibase.lockservice - Successfully acquired change log lock
 2023-05-12 23:51:10.729 [main] INFO  liquibase.changelog - Reading from doc.ACT_CO_DATABASECHANGELOG
 2023-05-12 23:51:10.759 [main] INFO  liquibase.lockservice - Successfully released change log lock
 2023-05-12 23:51:10.760 [main] INFO  org.flowable.content.engine.impl.ContentEngineImpl - ContentEngine default created
 2023-05-12 23:51:10.762 [main] INFO  o.f.common.engine.impl.AbstractEngineConfiguration - Executing configure() of class org.flowable.cmmn.spring.configurator.SpringCmmnEngineConfigurator (priority:500000)
 2023-05-12 23:51:10.881 [main] INFO  liquibase.lockservice - Successfully acquired change log lock
 2023-05-12 23:51:11.092 [main] INFO  liquibase.changelog - Reading from doc.ACT_CMMN_DATABASECHANGELOG
 2023-05-12 23:51:11.131 [main] INFO  liquibase.lockservice - Successfully released change log lock
 2023-05-12 23:51:11.132 [main] INFO  org.flowable.cmmn.engine.impl.CmmnEngineImpl - CmmnEngine default created
 2023-05-12 23:51:11.179 [main] INFO  liquibase.lockservice - Successfully acquired change log lock
 2023-05-12 23:51:12.144 [main] INFO  liquibase.changelog - Reading from doc.ACT_APP_DATABASECHANGELOG
 2023-05-12 23:51:12.181 [main] INFO  liquibase.lockservice - Successfully released change log lock
 2023-05-12 23:51:12.182 [main] INFO  org.flowable.app.engine.impl.AppEngineImpl - AppEngine default created
 2023-05-12 23:51:12.388 [main] INFO  com.gzw.kd.common.utils.HttpClientUtil - http client init success ....................
 2023-05-12 23:51:12.410 [main] INFO  com.gzw.kd.common.utils.MessageUtils - init locale message .........
 2023-05-12 23:51:12.525 [main] INFO  org.quartz.impl.StdSchedulerFactory - Using default implementation for ThreadExecutor
 2023-05-12 23:51:12.529 [main] INFO  org.quartz.simpl.SimpleThreadPool - Job execution threads will use class loader of thread: main
 2023-05-12 23:51:12.558 [main] INFO  org.quartz.core.SchedulerSignalerImpl - Initialized Scheduler Signaller of type: class org.quartz.core.SchedulerSignalerImpl
 2023-05-12 23:51:12.558 [main] INFO  org.quartz.core.QuartzScheduler - Quartz Scheduler v.2.3.2 created.
 2023-05-12 23:51:12.559 [main] INFO  org.quartz.impl.jdbcjobstore.JobStoreTX - Using thread monitor-based data access locking (synchronization).
 2023-05-12 23:51:12.559 [main] INFO  org.quartz.impl.jdbcjobstore.JobStoreTX - JobStoreTX initialized.
 2023-05-12 23:51:12.560 [main] INFO  org.quartz.core.QuartzScheduler - Scheduler meta-data: Quartz Scheduler (v2.3.2) 'kd_DefaultQuartzScheduler' with instanceId 'NON_CLUSTERED'
  Scheduler class: 'org.quartz.core.QuartzScheduler' - running locally.
  NOT STARTED.
  Currently in standby mode.
  Number of jobs executed: 0
  Using thread pool 'org.quartz.simpl.SimpleThreadPool' - with 5 threads.
  Using job-store 'org.quartz.impl.jdbcjobstore.JobStoreTX' - which supports persistence. and is not clustered.

 2023-05-12 23:51:12.560 [main] INFO  org.quartz.impl.StdSchedulerFactory - Quartz scheduler 'kd_DefaultQuartzScheduler' initialized from an externally provided properties instance.
 2023-05-12 23:51:12.561 [main] INFO  org.quartz.impl.StdSchedulerFactory - Quartz scheduler version: 2.3.2
 2023-05-12 23:51:12.564 [main] INFO  org.quartz.core.QuartzScheduler - JobFactory set to: org.springframework.scheduling.quartz.AdaptableJobFactory@2522bea6
 2023-05-12 23:51:12.914 [main] INFO  com.gzw.kd.scheduletask.AsyncTaskJobHandler - Async task impl list: [com.gzw.kd.export.service.LogExportAsyncTask@274d10aa]
 2023-05-12 23:51:13.754 [main] INFO  com.gzw.kd.config.ExecutorConfiguration - start asyncTaskExecutor
 2023-05-12 23:51:13.767 [main] INFO  s.d.s.w.PropertySourcedRequestMappingHandlerMapping - Mapped URL path [/v2/api-docs] onto method [springfox.documentation.swagger2.web.Swagger2Controller#getDocumentation(String, HttpServletRequest)]
 2023-05-12 23:51:13.814 [main] INFO  com.netflix.config.sources.URLConfigurationSource - To enable URLs as dynamic configuration sources, define System property archaius.configurationSource.additionalUrls or make config.properties available on classpath.
 2023-05-12 23:51:13.826 [main] INFO  com.netflix.config.sources.URLConfigurationSource - To enable URLs as dynamic configuration sources, define System property archaius.configurationSource.additionalUrls or make config.properties available on classpath.
 2023-05-12 23:51:15.419 [main] INFO  c.a.n.p.auth.spi.client.ClientAuthPluginManager - [ClientAuthPluginManager] Load ClientAuthService com.alibaba.nacos.client.auth.impl.NacosClientAuthServiceImpl success.
 2023-05-12 23:51:15.420 [main] INFO  c.a.n.p.auth.spi.client.ClientAuthPluginManager - [ClientAuthPluginManager] Load ClientAuthService com.alibaba.nacos.client.auth.ram.RamClientAuthServiceImpl success.
 2023-05-12 23:51:17.055 [main] INFO  org.apache.coyote.http11.Http11NioProtocol - Starting ProtocolHandler ["http-nio-8092"]
 2023-05-12 23:51:17.086 [main] INFO  o.s.boot.web.embedded.tomcat.TomcatWebServer - Tomcat started on port(s): 8092 (http) with context path ''
 2023-05-12 23:51:17.111 [main] INFO  c.a.cloud.nacos.registry.NacosServiceRegistry - nacos registry, DEFAULT_GROUP gzw-kd 192.168.1.6:8092 register finished
 2023-05-12 23:51:17.224 [main] INFO  o.s.boot.web.embedded.tomcat.TomcatWebServer - Tomcat initialized with port(s): 50000 (http)
 2023-05-12 23:51:17.224 [main] INFO  org.apache.coyote.http11.Http11NioProtocol - Initializing ProtocolHandler ["http-nio-50000"]
 2023-05-12 23:51:17.224 [main] INFO  org.apache.catalina.core.StandardService - Starting service [Tomcat]
 2023-05-12 23:51:17.225 [main] INFO  org.apache.catalina.core.StandardEngine - Starting Servlet engine: [Apache Tomcat/9.0.65]
 2023-05-12 23:51:17.256 [main] INFO  o.a.c.c.ContainerBase.[Tomcat-1].[localhost].[/] - Initializing Spring embedded WebApplicationContext
 2023-05-12 23:51:17.256 [main] INFO  o.s.b.w.s.c.ServletWebServerApplicationContext - Root WebApplicationContext: initialization completed in 140 ms
 2023-05-12 23:51:17.269 [main] INFO  o.s.b.actuate.endpoint.web.EndpointLinksResolver - Exposing 2 endpoint(s) beneath base path '/actuator'
 2023-05-12 23:51:17.321 [main] INFO  org.apache.coyote.http11.Http11NioProtocol - Starting ProtocolHandler ["http-nio-50000"]
 2023-05-12 23:51:17.324 [main] INFO  o.s.boot.web.embedded.tomcat.TomcatWebServer - Tomcat started on port(s): 50000 (http) with context path ''
 2023-05-12 23:51:17.336 [main] INFO  s.d.s.web.plugins.DocumentationPluginsBootstrapper - Context refreshed
 2023-05-12 23:51:17.372 [main] INFO  s.d.s.web.plugins.DocumentationPluginsBootstrapper - Found 1 custom documentation plugin(s)
 2023-05-12 23:51:17.420 [main] INFO  s.d.spring.web.scanners.ApiListingReferenceScanner - Scanning for api listing references
 2023-05-12 23:51:17.607 [main] INFO  s.d.s.w.r.operation.CachingOperationNameGenerator - Generating unique operation named: startUsingPOST_1
 2023-05-12 23:51:18.070 [main] INFO  s.d.s.w.r.operation.CachingOperationNameGenerator - Generating unique operation named: indexUsingGET_1
 2023-05-12 23:51:18.070 [main] INFO  s.d.s.w.r.operation.CachingOperationNameGenerator - Generating unique operation named: indexUsingHEAD_1
 2023-05-12 23:51:18.071 [main] INFO  s.d.s.w.r.operation.CachingOperationNameGenerator - Generating unique operation named: indexUsingPOST_1
 2023-05-12 23:51:18.072 [main] INFO  s.d.s.w.r.operation.CachingOperationNameGenerator - Generating unique operation named: indexUsingPUT_1
 2023-05-12 23:51:18.072 [main] INFO  s.d.s.w.r.operation.CachingOperationNameGenerator - Generating unique operation named: indexUsingPATCH_1
 2023-05-12 23:51:18.073 [main] INFO  s.d.s.w.r.operation.CachingOperationNameGenerator - Generating unique operation named: indexUsingDELETE_1
 2023-05-12 23:51:18.074 [main] INFO  s.d.s.w.r.operation.CachingOperationNameGenerator - Generating unique operation named: indexUsingOPTIONS_1
 2023-05-12 23:51:18.075 [main] INFO  s.d.s.w.r.operation.CachingOperationNameGenerator - Generating unique operation named: indexUsingTRACE_1
 2023-05-12 23:51:18.076 [main] INFO  s.d.s.w.r.operation.CachingOperationNameGenerator - Generating unique operation named: registerUsingGET_1
 2023-05-12 23:51:18.076 [main] INFO  s.d.s.w.r.operation.CachingOperationNameGenerator - Generating unique operation named: registerUsingHEAD_1
 2023-05-12 23:51:18.077 [main] INFO  s.d.s.w.r.operation.CachingOperationNameGenerator - Generating unique operation named: registerUsingPOST_1
 2023-05-12 23:51:18.077 [main] INFO  s.d.s.w.r.operation.CachingOperationNameGenerator - Generating unique operation named: registerUsingPUT_1
 2023-05-12 23:51:18.077 [main] INFO  s.d.s.w.r.operation.CachingOperationNameGenerator - Generating unique operation named: registerUsingPATCH_1
 2023-05-12 23:51:18.078 [main] INFO  s.d.s.w.r.operation.CachingOperationNameGenerator - Generating unique operation named: registerUsingDELETE_1
 2023-05-12 23:51:18.078 [main] INFO  s.d.s.w.r.operation.CachingOperationNameGenerator - Generating unique operation named: registerUsingOPTIONS_1
 2023-05-12 23:51:18.079 [main] INFO  s.d.s.w.r.operation.CachingOperationNameGenerator - Generating unique operation named: registerUsingTRACE_1
 2023-05-12 23:51:18.119 [main] INFO  o.s.scheduling.quartz.SchedulerFactoryBean - Starting Quartz Scheduler now
 2023-05-12 23:51:18.123 [main] INFO  com.alibaba.druid.pool.DruidDataSource - {dataSource-4} inited
 2023-05-12 23:51:18.210 [main] INFO  org.quartz.impl.jdbcjobstore.JobStoreTX - Freed 0 triggers from 'acquired' / 'blocked' state.
 2023-05-12 23:51:18.220 [main] INFO  org.quartz.impl.jdbcjobstore.JobStoreTX - Recovering 0 jobs that were in-progress at the time of the last shut-down.
 2023-05-12 23:51:18.220 [main] INFO  org.quartz.impl.jdbcjobstore.JobStoreTX - Recovery complete.
 2023-05-12 23:51:18.221 [main] INFO  org.quartz.impl.jdbcjobstore.JobStoreTX - Removed 0 'complete' triggers.
 2023-05-12 23:51:18.222 [main] INFO  org.quartz.impl.jdbcjobstore.JobStoreTX - Removed 0 stale fired job entries.
 2023-05-12 23:51:18.223 [main] INFO  org.quartz.core.QuartzScheduler - Scheduler kd_DefaultQuartzScheduler_$_NON_CLUSTERED started.
 2023-05-12 23:51:18.241 [canalClient-thread] INFO  com.gzw.kd.canal.component.CanalClient - =============> Start to connect destination: canaltest <=============
 2023-05-12 23:51:18.267 [main] INFO  o.s.s.a.ScheduledAnnotationBeanPostProcessor - No TaskScheduler/ScheduledExecutorService bean found for scheduled processing
 2023-05-12 23:51:18.275 [main] INFO  com.gzw.kd.KdApplication - Started KdApplication in 21.648 seconds (JVM running for 22.752)
 2023-05-12 23:51:18.387 [canalClient-thread] INFO  com.gzw.kd.canal.component.CanalClient - =============> Start to subscribe destination: canaltest <=============
 2023-05-12 23:51:18.400 [canalClient-thread] INFO  com.gzw.kd.canal.component.CanalClient - =============> Subscribe destination: canaltest succeed <=============
 2023-05-12 23:51:21.290 [TaskEngine-pool-1] INFO  com.gzw.kd.scheduletask.ScheduleTaskTwo - ------------------------------- gzw -------- timeTask-----------------------------------
 2023-05-12 23:51:26.290 [TaskEngine-pool-1] INFO  com.gzw.kd.scheduletask.ScheduleTaskTwo - ------------------------------- gzw -------- timeTask-----------------------------------
 2023-05-12 23:51:31.294 [TaskEngine-pool-1] INFO  com.gzw.kd.scheduletask.ScheduleTaskTwo - ------------------------------- gzw -------- timeTask-----------------------------------
 2023-05-12 23:51:36.296 [TaskEngine-pool-1] INFO  com.gzw.kd.scheduletask.ScheduleTaskTwo - ------------------------------- gzw -------- timeTask-----------------------------------
 2023-05-12 23:51:41.299 [TaskEngine-pool-1] INFO  com.gzw.kd.scheduletask.ScheduleTaskTwo - ------------------------------- gzw -------- timeTask-----------------------------------
 2023-05-12 23:51:46.299 [TaskEngine-pool-1] INFO  com.gzw.kd.scheduletask.ScheduleTaskTwo - ------------------------------- gzw -------- timeTask-----------------------------------
 2023-05-12 23:51:51.299 [TaskEngine-pool-1] INFO  com.gzw.kd.scheduletask.ScheduleTaskTwo - ------------------------------- gzw -------- timeTask-----------------------------------
 2023-05-12 23:51:56.299 [TaskEngine-pool-1] INFO  com.gzw.kd.scheduletask.ScheduleTaskTwo - ------------------------------- gzw -------- timeTask-----------------------------------
 2023-05-12 23:52:01.301 [TaskEngine-pool-1] INFO  com.gzw.kd.scheduletask.ScheduleTaskTwo - ------------------------------- gzw -------- timeTask-----------------------------------
 2023-05-12 23:52:06.305 [TaskEngine-pool-1] INFO  com.gzw.kd.scheduletask.ScheduleTaskTwo - ------------------------------- gzw -------- timeTask-----------------------------------
 2023-05-12 23:52:11.305 [TaskEngine-pool-1] INFO  com.gzw.kd.scheduletask.ScheduleTaskTwo - ------------------------------- gzw -------- timeTask-----------------------------------
 2023-05-12 23:52:16.306 [TaskEngine-pool-1] INFO  com.gzw.kd.scheduletask.ScheduleTaskTwo - ------------------------------- gzw -------- timeTask-----------------------------------
 2023-05-12 23:52:21.306 [TaskEngine-pool-1] INFO  com.gzw.kd.scheduletask.ScheduleTaskTwo - ------------------------------- gzw -------- timeTask-----------------------------------
 2023-05-12 23:52:26.309 [TaskEngine-pool-1] INFO  com.gzw.kd.scheduletask.ScheduleTaskTwo - ------------------------------- gzw -------- timeTask-----------------------------------
 2023-05-12 23:52:31.313 [TaskEngine-pool-1] INFO  com.gzw.kd.scheduletask.ScheduleTaskTwo - ------------------------------- gzw -------- timeTask-----------------------------------
 2023-05-12 23:52:36.315 [TaskEngine-pool-1] INFO  com.gzw.kd.scheduletask.ScheduleTaskTwo - ------------------------------- gzw -------- timeTask-----------------------------------
 2023-05-12 23:52:41.317 [TaskEngine-pool-1] INFO  com.gzw.kd.scheduletask.ScheduleTaskTwo - ------------------------------- gzw -------- timeTask-----------------------------------
 2023-05-12 23:52:46.320 [TaskEngine-pool-1] INFO  com.gzw.kd.scheduletask.ScheduleTaskTwo - ------------------------------- gzw -------- timeTask-----------------------------------
 2023-05-12 23:52:48.320 [http-nio-8092-exec-1] INFO  o.a.c.core.ContainerBase.[Tomcat].[localhost].[/] - Initializing Spring DispatcherServlet 'dispatcherServlet'
 2023-05-12 23:52:48.320 [http-nio-8092-exec-1] INFO  org.springframework.web.servlet.DispatcherServlet - Initializing Servlet 'dispatcherServlet'
 2023-05-12 23:52:48.412 [http-nio-8092-exec-1] INFO  org.springframework.web.servlet.DispatcherServlet - Completed initialization in 91 ms
 2023-05-12 23:52:51.324 [TaskEngine-pool-1] INFO  com.gzw.kd.scheduletask.ScheduleTaskTwo - ------------------------------- gzw -------- timeTask-----------------------------------
 2023-05-12 23:52:56.327 [TaskEngine-pool-1] INFO  com.gzw.kd.scheduletask.ScheduleTaskTwo - ------------------------------- gzw -------- timeTask-----------------------------------
 2023-05-12 23:53:01.330 [TaskEngine-pool-1] INFO  com.gzw.kd.scheduletask.ScheduleTaskTwo - ------------------------------- gzw -------- timeTask-----------------------------------
 2023-05-12 23:53:06.331 [TaskEngine-pool-1] INFO  com.gzw.kd.scheduletask.ScheduleTaskTwo - ------------------------------- gzw -------- timeTask-----------------------------------
kd_78_5 2023-05-12 23:53:06.555 [http-nio-8092-exec-5] INFO  com.gzw.kd.listener.MsgListener - 用户:admin 上线,时间:2023-05-12 23:53:06 在线人数:1
 2023-05-12 23:53:11.332 [TaskEngine-pool-1] INFO  com.gzw.kd.scheduletask.ScheduleTaskTwo - ------------------------------- gzw -------- timeTask-----------------------------------
 2023-05-12 23:53:16.336 [TaskEngine-pool-1] INFO  com.gzw.kd.scheduletask.ScheduleTaskTwo - ------------------------------- gzw -------- timeTask-----------------------------------
 2023-05-12 23:53:21.338 [TaskEngine-pool-1] INFO  com.gzw.kd.scheduletask.ScheduleTaskTwo - ------------------------------- gzw -------- timeTask-----------------------------------
 2023-05-12 23:53:26.341 [TaskEngine-pool-1] INFO  com.gzw.kd.scheduletask.ScheduleTaskTwo - ------------------------------- gzw -------- timeTask-----------------------------------
 2023-05-12 23:53:31.345 [TaskEngine-pool-1] INFO  com.gzw.kd.scheduletask.ScheduleTaskTwo - ------------------------------- gzw -------- timeTask-----------------------------------
 2023-05-12 23:53:36.348 [TaskEngine-pool-1] INFO  com.gzw.kd.scheduletask.ScheduleTaskTwo - ------------------------------- gzw -------- timeTask-----------------------------------
 2023-05-12 23:53:41.351 [TaskEngine-pool-1] INFO  com.gzw.kd.scheduletask.ScheduleTaskTwo - ------------------------------- gzw -------- timeTask-----------------------------------
 2023-05-12 23:53:46.355 [TaskEngine-pool-1] INFO  com.gzw.kd.scheduletask.ScheduleTaskTwo - ------------------------------- gzw -------- timeTask-----------------------------------
 2023-05-12 23:53:51.356 [TaskEngine-pool-1] INFO  com.gzw.kd.scheduletask.ScheduleTaskTwo - ------------------------------- gzw -------- timeTask-----------------------------------
 2023-05-12 23:53:56.360 [TaskEngine-pool-1] INFO  com.gzw.kd.scheduletask.ScheduleTaskTwo - ------------------------------- gzw -------- timeTask-----------------------------------
 2023-05-12 23:54:00.064 [kd_DefaultQuartzScheduler_Worker-1] INFO  com.gzw.kd.scheduletask.HelloJob - quartz HelloJob execute start --------------------------
 2023-05-12 23:54:00.091 [kd_DefaultQuartzScheduler_Worker-2] INFO  com.gzw.kd.scheduletask.HelloJob - quartz HelloJob execute start --------------------------
 2023-05-12 23:54:00.153 [Thread-21] INFO  com.gzw.kd.learn.thread.MyMusicIndex - music play start----------------------------------------------------手心里的温柔.mp3 
 2023-05-12 23:54:00.153 [pool-7-thread-1] INFO  com.gzw.kd.scheduletask.ScheduleTask - current time 2023-05-12T23:54:00.153
 2023-05-12 23:54:01.363 [TaskEngine-pool-1] INFO  com.gzw.kd.scheduletask.ScheduleTaskTwo - ------------------------------- gzw -------- timeTask-----------------------------------
 2023-05-12 23:54:03.067 [kd_DefaultQuartzScheduler_Worker-1] INFO  com.gzw.kd.scheduletask.HelloJob - quartz HelloJob execute end --------------------------
 2023-05-12 23:54:03.095 [kd_DefaultQuartzScheduler_Worker-2] INFO  com.gzw.kd.scheduletask.HelloJob - quartz HelloJob execute end --------------------------
 2023-05-12 23:54:06.367 [TaskEngine-pool-1] INFO  com.gzw.kd.scheduletask.ScheduleTaskTwo - ------------------------------- gzw -------- timeTask-----------------------------------
 2023-05-12 23:54:11.369 [TaskEngine-pool-1] INFO  com.gzw.kd.scheduletask.ScheduleTaskTwo - ------------------------------- gzw -------- timeTask-----------------------------------
 2023-05-12 23:54:16.374 [TaskEngine-pool-1] INFO  com.gzw.kd.scheduletask.ScheduleTaskTwo - ------------------------------- gzw -------- timeTask-----------------------------------
 2023-05-12 23:54:21.375 [TaskEngine-pool-1] INFO  com.gzw.kd.scheduletask.ScheduleTaskTwo - ------------------------------- gzw -------- timeTask-----------------------------------
 2023-05-12 23:54:26.379 [TaskEngine-pool-1] INFO  com.gzw.kd.scheduletask.ScheduleTaskTwo - ------------------------------- gzw -------- timeTask-----------------------------------
 2023-05-12 23:54:31.381 [TaskEngine-pool-1] INFO  com.gzw.kd.scheduletask.ScheduleTaskTwo - ------------------------------- gzw -------- timeTask-----------------------------------
 2023-05-12 23:54:36.383 [TaskEngine-pool-1] INFO  com.gzw.kd.scheduletask.ScheduleTaskTwo - ------------------------------- gzw -------- timeTask-----------------------------------
 2023-05-12 23:54:41.386 [TaskEngine-pool-1] INFO  com.gzw.kd.scheduletask.ScheduleTaskTwo - ------------------------------- gzw -------- timeTask-----------------------------------
 2023-05-12 23:54:46.389 [TaskEngine-pool-1] INFO  com.gzw.kd.scheduletask.ScheduleTaskTwo - ------------------------------- gzw -------- timeTask-----------------------------------
 2023-05-12 23:54:51.394 [TaskEngine-pool-1] INFO  com.gzw.kd.scheduletask.ScheduleTaskTwo - ------------------------------- gzw -------- timeTask-----------------------------------
 2023-05-12 23:54:56.397 [TaskEngine-pool-1] INFO  com.gzw.kd.scheduletask.ScheduleTaskTwo - ------------------------------- gzw -------- timeTask-----------------------------------
 2023-05-12 23:55:01.401 [TaskEngine-pool-1] INFO  com.gzw.kd.scheduletask.ScheduleTaskTwo - ------------------------------- gzw -------- timeTask-----------------------------------
 2023-05-12 23:55:06.401 [TaskEngine-pool-1] INFO  com.gzw.kd.scheduletask.ScheduleTaskTwo - ------------------------------- gzw -------- timeTask-----------------------------------
 2023-05-12 23:55:11.406 [TaskEngine-pool-1] INFO  com.gzw.kd.scheduletask.ScheduleTaskTwo - ------------------------------- gzw -------- timeTask-----------------------------------
 2023-05-12 23:55:16.410 [TaskEngine-pool-1] INFO  com.gzw.kd.scheduletask.ScheduleTaskTwo - ------------------------------- gzw -------- timeTask-----------------------------------
 2023-05-12 23:55:21.412 [TaskEngine-pool-1] INFO  com.gzw.kd.scheduletask.ScheduleTaskTwo - ------------------------------- gzw -------- timeTask-----------------------------------
 2023-05-12 23:55:26.414 [TaskEngine-pool-1] INFO  com.gzw.kd.scheduletask.ScheduleTaskTwo - ------------------------------- gzw -------- timeTask-----------------------------------
 2023-05-12 23:55:31.419 [TaskEngine-pool-1] INFO  com.gzw.kd.scheduletask.ScheduleTaskTwo - ------------------------------- gzw -------- timeTask-----------------------------------
 2023-05-12 23:55:36.423 [TaskEngine-pool-1] INFO  com.gzw.kd.scheduletask.ScheduleTaskTwo - ------------------------------- gzw -------- timeTask-----------------------------------
 2023-05-12 23:55:41.428 [TaskEngine-pool-1] INFO  com.gzw.kd.scheduletask.ScheduleTaskTwo - ------------------------------- gzw -------- timeTask-----------------------------------
 2023-05-12 23:55:46.428 [TaskEngine-pool-1] INFO  com.gzw.kd.scheduletask.ScheduleTaskTwo - ------------------------------- gzw -------- timeTask-----------------------------------
 2023-05-12 23:55:51.429 [TaskEngine-pool-1] INFO  com.gzw.kd.scheduletask.ScheduleTaskTwo - ------------------------------- gzw -------- timeTask-----------------------------------
 2023-05-12 23:55:56.433 [TaskEngine-pool-1] INFO  com.gzw.kd.scheduletask.ScheduleTaskTwo - ------------------------------- gzw -------- timeTask-----------------------------------
 2023-05-12 23:56:01.436 [TaskEngine-pool-1] INFO  com.gzw.kd.scheduletask.ScheduleTaskTwo - ------------------------------- gzw -------- timeTask-----------------------------------
 2023-05-12 23:56:06.439 [TaskEngine-pool-1] INFO  com.gzw.kd.scheduletask.ScheduleTaskTwo - ------------------------------- gzw -------- timeTask-----------------------------------
 2023-05-12 23:56:11.443 [TaskEngine-pool-1] INFO  com.gzw.kd.scheduletask.ScheduleTaskTwo - ------------------------------- gzw -------- timeTask-----------------------------------
 2023-05-12 23:56:16.446 [TaskEngine-pool-1] INFO  com.gzw.kd.scheduletask.ScheduleTaskTwo - ------------------------------- gzw -------- timeTask-----------------------------------
 2023-05-12 23:56:21.446 [TaskEngine-pool-1] INFO  com.gzw.kd.scheduletask.ScheduleTaskTwo - ------------------------------- gzw -------- timeTask-----------------------------------
 2023-05-12 23:56:26.448 [TaskEngine-pool-1] INFO  com.gzw.kd.scheduletask.ScheduleTaskTwo - ------------------------------- gzw -------- timeTask-----------------------------------
 2023-05-12 23:56:31.450 [TaskEngine-pool-1] INFO  com.gzw.kd.scheduletask.ScheduleTaskTwo - ------------------------------- gzw -------- timeTask-----------------------------------
 2023-05-12 23:56:36.455 [TaskEngine-pool-1] INFO  com.gzw.kd.scheduletask.ScheduleTaskTwo - ------------------------------- gzw -------- timeTask-----------------------------------
 2023-05-12 23:56:41.456 [TaskEngine-pool-1] INFO  com.gzw.kd.scheduletask.ScheduleTaskTwo - ------------------------------- gzw -------- timeTask-----------------------------------
 2023-05-12 23:56:46.460 [TaskEngine-pool-1] INFO  com.gzw.kd.scheduletask.ScheduleTaskTwo - ------------------------------- gzw -------- timeTask-----------------------------------
 2023-05-12 23:56:51.460 [TaskEngine-pool-1] INFO  com.gzw.kd.scheduletask.ScheduleTaskTwo - ------------------------------- gzw -------- timeTask-----------------------------------
 2023-05-12 23:56:56.463 [TaskEngine-pool-1] INFO  com.gzw.kd.scheduletask.ScheduleTaskTwo - ------------------------------- gzw -------- timeTask-----------------------------------
 2023-05-12 23:57:01.467 [TaskEngine-pool-1] INFO  com.gzw.kd.scheduletask.ScheduleTaskTwo - ------------------------------- gzw -------- timeTask-----------------------------------
 2023-05-12 23:57:06.471 [TaskEngine-pool-1] INFO  com.gzw.kd.scheduletask.ScheduleTaskTwo - ------------------------------- gzw -------- timeTask-----------------------------------
 2023-05-12 23:57:11.472 [TaskEngine-pool-1] INFO  com.gzw.kd.scheduletask.ScheduleTaskTwo - ------------------------------- gzw -------- timeTask-----------------------------------
 2023-05-12 23:57:16.475 [TaskEngine-pool-1] INFO  com.gzw.kd.scheduletask.ScheduleTaskTwo - ------------------------------- gzw -------- timeTask-----------------------------------
 2023-05-12 23:57:21.477 [TaskEngine-pool-1] INFO  com.gzw.kd.scheduletask.ScheduleTaskTwo - ------------------------------- gzw -------- timeTask-----------------------------------
 2023-05-12 23:57:26.481 [TaskEngine-pool-1] INFO  com.gzw.kd.scheduletask.ScheduleTaskTwo - ------------------------------- gzw -------- timeTask-----------------------------------
 2023-05-12 23:57:31.484 [TaskEngine-pool-1] INFO  com.gzw.kd.scheduletask.ScheduleTaskTwo - ------------------------------- gzw -------- timeTask-----------------------------------
 2023-05-12 23:57:36.484 [TaskEngine-pool-1] INFO  com.gzw.kd.scheduletask.ScheduleTaskTwo - ------------------------------- gzw -------- timeTask-----------------------------------
 2023-05-12 23:57:41.489 [TaskEngine-pool-1] INFO  com.gzw.kd.scheduletask.ScheduleTaskTwo - ------------------------------- gzw -------- timeTask-----------------------------------
 2023-05-12 23:57:46.490 [TaskEngine-pool-1] INFO  com.gzw.kd.scheduletask.ScheduleTaskTwo - ------------------------------- gzw -------- timeTask-----------------------------------
 2023-05-12 23:57:51.490 [TaskEngine-pool-1] INFO  com.gzw.kd.scheduletask.ScheduleTaskTwo - ------------------------------- gzw -------- timeTask-----------------------------------
 2023-05-12 23:57:56.492 [TaskEngine-pool-1] INFO  com.gzw.kd.scheduletask.ScheduleTaskTwo - ------------------------------- gzw -------- timeTask-----------------------------------
 2023-05-12 23:58:01.498 [TaskEngine-pool-1] INFO  com.gzw.kd.scheduletask.ScheduleTaskTwo - ------------------------------- gzw -------- timeTask-----------------------------------
 2023-05-12 23:58:06.501 [TaskEngine-pool-1] INFO  com.gzw.kd.scheduletask.ScheduleTaskTwo - ------------------------------- gzw -------- timeTask-----------------------------------
 2023-05-12 23:58:11.506 [TaskEngine-pool-1] INFO  com.gzw.kd.scheduletask.ScheduleTaskTwo - ------------------------------- gzw -------- timeTask-----------------------------------
 2023-05-12 23:58:16.511 [TaskEngine-pool-1] INFO  com.gzw.kd.scheduletask.ScheduleTaskTwo - ------------------------------- gzw -------- timeTask-----------------------------------
 2023-05-12 23:58:21.515 [TaskEngine-pool-1] INFO  com.gzw.kd.scheduletask.ScheduleTaskTwo - ------------------------------- gzw -------- timeTask-----------------------------------
 2023-05-12 23:58:26.517 [TaskEngine-pool-1] INFO  com.gzw.kd.scheduletask.ScheduleTaskTwo - ------------------------------- gzw -------- timeTask-----------------------------------
 2023-05-12 23:58:31.520 [TaskEngine-pool-1] INFO  com.gzw.kd.scheduletask.ScheduleTaskTwo - ------------------------------- gzw -------- timeTask-----------------------------------
 2023-05-12 23:58:36.523 [TaskEngine-pool-1] INFO  com.gzw.kd.scheduletask.ScheduleTaskTwo - ------------------------------- gzw -------- timeTask-----------------------------------
 2023-05-12 23:58:41.526 [TaskEngine-pool-1] INFO  com.gzw.kd.scheduletask.ScheduleTaskTwo - ------------------------------- gzw -------- timeTask-----------------------------------
 2023-05-12 23:58:46.530 [TaskEngine-pool-1] INFO  com.gzw.kd.scheduletask.ScheduleTaskTwo - ------------------------------- gzw -------- timeTask-----------------------------------
 2023-05-12 23:58:49.246 [Thread-21] INFO  com.gzw.kd.learn.thread.MyMusicIndex - music play end---------------------------------------------------- 
 2023-05-12 23:58:51.535 [TaskEngine-pool-1] INFO  com.gzw.kd.scheduletask.ScheduleTaskTwo - ------------------------------- gzw -------- timeTask-----------------------------------
 2023-05-12 23:58:56.538 [TaskEngine-pool-1] INFO  com.gzw.kd.scheduletask.ScheduleTaskTwo - ------------------------------- gzw -------- timeTask-----------------------------------
 2023-05-12 23:59:01.541 [TaskEngine-pool-1] INFO  com.gzw.kd.scheduletask.ScheduleTaskTwo - ------------------------------- gzw -------- timeTask-----------------------------------
 2023-05-12 23:59:06.545 [TaskEngine-pool-1] INFO  com.gzw.kd.scheduletask.ScheduleTaskTwo - ------------------------------- gzw -------- timeTask-----------------------------------
 2023-05-12 23:59:11.549 [TaskEngine-pool-1] INFO  com.gzw.kd.scheduletask.ScheduleTaskTwo - ------------------------------- gzw -------- timeTask-----------------------------------
 2023-05-12 23:59:16.554 [TaskEngine-pool-1] INFO  com.gzw.kd.scheduletask.ScheduleTaskTwo - ------------------------------- gzw -------- timeTask-----------------------------------
 2023-05-12 23:59:21.557 [TaskEngine-pool-1] INFO  com.gzw.kd.scheduletask.ScheduleTaskTwo - ------------------------------- gzw -------- timeTask-----------------------------------
 2023-05-12 23:59:26.561 [TaskEngine-pool-1] INFO  com.gzw.kd.scheduletask.ScheduleTaskTwo - ------------------------------- gzw -------- timeTask-----------------------------------
 2023-05-12 23:59:31.564 [TaskEngine-pool-1] INFO  com.gzw.kd.scheduletask.ScheduleTaskTwo - ------------------------------- gzw -------- timeTask-----------------------------------
 2023-05-12 23:59:36.568 [TaskEngine-pool-1] INFO  com.gzw.kd.scheduletask.ScheduleTaskTwo - ------------------------------- gzw -------- timeTask-----------------------------------
 2023-05-12 23:59:41.569 [TaskEngine-pool-1] INFO  com.gzw.kd.scheduletask.ScheduleTaskTwo - ------------------------------- gzw -------- timeTask-----------------------------------
 2023-05-12 23:59:46.574 [TaskEngine-pool-1] INFO  com.gzw.kd.scheduletask.ScheduleTaskTwo - ------------------------------- gzw -------- timeTask-----------------------------------
 2023-05-12 23:59:51.575 [TaskEngine-pool-1] INFO  com.gzw.kd.scheduletask.ScheduleTaskTwo - ------------------------------- gzw -------- timeTask-----------------------------------
 2023-05-12 23:59:56.580 [TaskEngine-pool-1] INFO  com.gzw.kd.scheduletask.ScheduleTaskTwo - ------------------------------- gzw -------- timeTask-----------------------------------
