 2023-11-27 15:51:15.715 [main] INFO  org.springframework.boot.SpringApplication - 

   ___              ____          __      __
  / __|     o O O  |_  /     o O O\ \    / /
 | (_ |    o        / /     o      \ \/\/ /
  \___|   TS__[O]  /___|   TS__[O]  \_/\_/
_|"""""| {======|_|"""""| {======|_|"""""|
"`-0-0-'./o--000'"`-0-0-'./o--000'"`-0-0-'

B+树 https://www.cs.usfca.edu/~galles/visualization/BPlusTree.html

kd version 0.0.1
Spring Boot Version: 2.7.12 (v2.7.12) >>>欢迎使用后台管理系统 大道至简 代码玄学<<<



 2023-11-27 15:51:15.770 [background-preinit] INFO  org.hibernate.validator.internal.util.Version - HV000001: Hibernate Validator 6.2.5.Final
 2023-11-27 15:51:15.849 [main] INFO  com.gzw.kd.KdApplication - Starting KdApplication using Java 1.8.0_181 on gaozhiwei with PID 43118 (/Users/gaozhiwei/kd/target/classes started by gaozhiwei in /Users/gaozhiwei/kd)
 2023-11-27 15:51:15.850 [main] INFO  com.gzw.kd.KdApplication - The following 1 profile is active: "test"
 2023-11-27 15:51:19.256 [main] INFO  o.s.d.r.config.RepositoryConfigurationDelegate - Multiple Spring Data modules found, entering strict repository configuration mode
 2023-11-27 15:51:19.262 [main] INFO  o.s.d.r.config.RepositoryConfigurationDelegate - Bootstrapping Spring Data Redis repositories in DEFAULT mode.
 2023-11-27 15:51:19.342 [main] INFO  o.s.d.r.config.RepositoryConfigurationDelegate - Finished Spring Data repository scanning in 54 ms. Found 0 Redis repository interfaces.
 2023-11-27 15:51:19.775 [main] INFO  o.springframework.cloud.context.scope.GenericScope - BeanFactory id=bccf0bc8-e79a-34db-9e27-f26567bdbf1e
 2023-11-27 15:51:21.757 [main] INFO  o.s.boot.web.embedded.tomcat.TomcatWebServer - Tomcat initialized with port(s): 8092 (http)
 2023-11-27 15:51:21.775 [main] INFO  org.apache.coyote.http11.Http11NioProtocol - Initializing ProtocolHandler ["http-nio-8092"]
 2023-11-27 15:51:21.775 [main] INFO  org.apache.catalina.core.StandardService - Starting service [Tomcat]
 2023-11-27 15:51:21.776 [main] INFO  org.apache.catalina.core.StandardEngine - Starting Servlet engine: [Apache Tomcat/9.0.75]
 2023-11-27 15:51:22.253 [main] INFO  o.a.c.core.ContainerBase.[Tomcat].[localhost].[/] - Initializing Spring embedded WebApplicationContext
 2023-11-27 15:51:22.253 [main] INFO  o.s.b.w.s.c.ServletWebServerApplicationContext - Root WebApplicationContext: initialization completed in 5844 ms
 2023-11-27 15:51:23.161 [main] INFO  com.alibaba.druid.pool.DruidDataSource - {dataSource-1} inited
 2023-11-27 15:51:23.305 [main] INFO  com.alibaba.druid.pool.DruidDataSource - {dataSource-2} inited
 2023-11-27 15:51:23.401 [main] INFO  com.alibaba.druid.pool.DruidDataSource - {dataSource-3} inited
 2023-11-27 15:51:23.431 [main] INFO  com.alibaba.druid.pool.DruidDataSource - {dataSource-4} inited
 2023-11-27 15:51:23.576 [main] INFO  o.a.c.core.ContainerBase.[Tomcat].[localhost].[/] - Set web app root system property: 'webapp.root' = [/private/var/folders/8q/l6vbl9k173lftyjksgtf0_6m0000gn/T/tomcat-docbase.8092.2516442718569587089/]
 2023-11-27 15:51:23.632 [main] INFO  com.gzw.kd.config.ElasticsearchConfiguration - restHighLevelClient build 正在创建 ------------------------------------------------------
 2023-11-27 15:51:23.675 [main] INFO  com.gzw.kd.config.ElasticsearchConfiguration - restHighLevelClient build 创建成功 ------------------------------------------------------
 2023-11-27 15:51:25.620 [main] INFO  org.flywaydb.core.internal.license.VersionPrinter - Flyway Community Edition 6.4.4 by Redgate
 2023-11-27 15:51:25.704 [main] INFO  o.flywaydb.core.internal.database.DatabaseFactory - Database: jdbc:mysql://127.0.0.1:3306/doc (MySQL 8.0)
 2023-11-27 15:51:25.932 [main] INFO  org.flywaydb.core.internal.command.DbValidate - Successfully validated 6 migrations (execution time 00:00.101s)
 2023-11-27 15:51:25.956 [main] INFO  org.flywaydb.core.internal.command.DbMigrate - Current version of schema `doc`: 1.0.5
 2023-11-27 15:51:25.957 [main] INFO  org.flywaydb.core.internal.command.DbMigrate - Schema `doc` is up to date. No migration necessary.
 2023-11-27 15:51:26.200 [main] INFO  com.gzw.kd.common.utils.AESCrypt - aes初始化成功了.............
 2023-11-27 15:51:26.759 [main] INFO  o.f.s.b.c.CmmnEngineAutoConfiguration$$EnhancerBySpringCGLIB$$aad8a2f9 - No deployment resources were found for autodeployment
 2023-11-27 15:51:26.915 [main] INFO  o.f.s.b.d.DmnEngineAutoConfiguration$$EnhancerBySpringCGLIB$$259e4eb - No deployment resources were found for autodeployment
 2023-11-27 15:51:27.007 [main] INFO  o.f.s.b.f.FormEngineAutoConfiguration$$EnhancerBySpringCGLIB$$467f5f59 - No deployment resources were found for autodeployment
 2023-11-27 15:51:27.099 [main] INFO  o.f.s.b.a.AppEngineAutoConfiguration$$EnhancerBySpringCGLIB$$5a419ab3 - No deployment resources were found for autodeployment
 2023-11-27 15:51:27.169 [main] INFO  o.f.common.engine.impl.AbstractEngineConfiguration - Found 6 Engine Configurators in total:
 2023-11-27 15:51:27.169 [main] INFO  o.f.common.engine.impl.AbstractEngineConfiguration - class org.flowable.engine.spring.configurator.SpringProcessEngineConfigurator (priority:50000)
 2023-11-27 15:51:27.170 [main] INFO  o.f.common.engine.impl.AbstractEngineConfiguration - class org.flowable.idm.spring.configurator.SpringIdmEngineConfigurator (priority:100000)
 2023-11-27 15:51:27.170 [main] INFO  o.f.common.engine.impl.AbstractEngineConfiguration - class org.flowable.dmn.spring.configurator.SpringDmnEngineConfigurator (priority:200000)
 2023-11-27 15:51:27.170 [main] INFO  o.f.common.engine.impl.AbstractEngineConfiguration - class org.flowable.form.spring.configurator.SpringFormEngineConfigurator (priority:300000)
 2023-11-27 15:51:27.170 [main] INFO  o.f.common.engine.impl.AbstractEngineConfiguration - class org.flowable.content.spring.configurator.SpringContentEngineConfigurator (priority:400000)
 2023-11-27 15:51:27.171 [main] INFO  o.f.common.engine.impl.AbstractEngineConfiguration - class org.flowable.cmmn.spring.configurator.SpringCmmnEngineConfigurator (priority:500000)
 2023-11-27 15:51:27.171 [main] INFO  o.f.common.engine.impl.AbstractEngineConfiguration - Executing beforeInit() of class org.flowable.engine.spring.configurator.SpringProcessEngineConfigurator (priority:50000)
 2023-11-27 15:51:27.179 [main] INFO  o.f.common.engine.impl.AbstractEngineConfiguration - Executing beforeInit() of class org.flowable.idm.spring.configurator.SpringIdmEngineConfigurator (priority:100000)
 2023-11-27 15:51:27.182 [main] INFO  o.f.common.engine.impl.AbstractEngineConfiguration - Executing beforeInit() of class org.flowable.dmn.spring.configurator.SpringDmnEngineConfigurator (priority:200000)
 2023-11-27 15:51:27.185 [main] INFO  o.f.common.engine.impl.AbstractEngineConfiguration - Executing beforeInit() of class org.flowable.form.spring.configurator.SpringFormEngineConfigurator (priority:300000)
 2023-11-27 15:51:27.188 [main] INFO  o.f.common.engine.impl.AbstractEngineConfiguration - Executing beforeInit() of class org.flowable.content.spring.configurator.SpringContentEngineConfigurator (priority:400000)
 2023-11-27 15:51:27.190 [main] INFO  o.f.common.engine.impl.AbstractEngineConfiguration - Executing beforeInit() of class org.flowable.cmmn.spring.configurator.SpringCmmnEngineConfigurator (priority:500000)
 2023-11-27 15:51:28.184 [main] INFO  o.f.common.engine.impl.AbstractEngineConfiguration - Executing configure() of class org.flowable.engine.spring.configurator.SpringProcessEngineConfigurator (priority:50000)
 2023-11-27 15:51:28.737 [main] INFO  org.flowable.engine.impl.ProcessEngineImpl - ProcessEngine default created
 2023-11-27 15:51:28.804 [main] INFO  org.flowable.engine.impl.cmd.ValidateV5EntitiesCmd - Total of v5 deployments found: 0
 2023-11-27 15:51:28.810 [main] INFO  o.f.common.engine.impl.AbstractEngineConfiguration - Executing configure() of class org.flowable.idm.spring.configurator.SpringIdmEngineConfigurator (priority:100000)
 2023-11-27 15:51:28.846 [main] INFO  org.flowable.idm.engine.impl.IdmEngineImpl - IdmEngine default created
 2023-11-27 15:51:28.848 [main] INFO  o.f.common.engine.impl.AbstractEngineConfiguration - Executing configure() of class org.flowable.dmn.spring.configurator.SpringDmnEngineConfigurator (priority:200000)
 2023-11-27 15:51:29.933 [main] INFO  liquibase.lockservice - Successfully acquired change log lock
 2023-11-27 15:51:30.660 [main] INFO  liquibase.changelog - Reading from doc.ACT_DMN_DATABASECHANGELOG
 2023-11-27 15:51:30.734 [main] INFO  liquibase.servicelocator - Cannot load service: liquibase.hub.HubService: Provider liquibase.hub.core.StandardHubService could not be instantiated
 2023-11-27 15:51:30.741 [main] INFO  liquibase.lockservice - Successfully released change log lock
 2023-11-27 15:51:30.742 [main] INFO  org.flowable.dmn.engine.impl.DmnEngineImpl - DmnEngine default created
 2023-11-27 15:51:30.744 [main] INFO  o.f.common.engine.impl.AbstractEngineConfiguration - Executing configure() of class org.flowable.form.spring.configurator.SpringFormEngineConfigurator (priority:300000)
 2023-11-27 15:51:30.783 [main] INFO  liquibase.lockservice - Successfully acquired change log lock
 2023-11-27 15:51:31.024 [main] INFO  liquibase.changelog - Reading from doc.ACT_FO_DATABASECHANGELOG
 2023-11-27 15:51:31.048 [main] INFO  liquibase.lockservice - Successfully released change log lock
 2023-11-27 15:51:31.049 [main] INFO  org.flowable.form.engine.impl.FormEngineImpl - FormEngine default created
 2023-11-27 15:51:31.051 [main] INFO  o.f.common.engine.impl.AbstractEngineConfiguration - Executing configure() of class org.flowable.content.spring.configurator.SpringContentEngineConfigurator (priority:400000)
 2023-11-27 15:51:31.057 [main] INFO  o.f.content.engine.ContentEngineConfiguration - Content file system root : /Users/gaozhiwei/content
 2023-11-27 15:51:31.090 [main] INFO  liquibase.lockservice - Successfully acquired change log lock
 2023-11-27 15:51:31.935 [main] INFO  liquibase.changelog - Reading from doc.ACT_CO_DATABASECHANGELOG
 2023-11-27 15:51:31.962 [main] INFO  liquibase.lockservice - Successfully released change log lock
 2023-11-27 15:51:31.963 [main] INFO  org.flowable.content.engine.impl.ContentEngineImpl - ContentEngine default created
 2023-11-27 15:51:31.965 [main] INFO  o.f.common.engine.impl.AbstractEngineConfiguration - Executing configure() of class org.flowable.cmmn.spring.configurator.SpringCmmnEngineConfigurator (priority:500000)
 2023-11-27 15:51:32.075 [main] INFO  liquibase.lockservice - Successfully acquired change log lock
 2023-11-27 15:51:32.264 [main] INFO  liquibase.changelog - Reading from doc.ACT_CMMN_DATABASECHANGELOG
 2023-11-27 15:51:32.312 [main] INFO  liquibase.lockservice - Successfully released change log lock
 2023-11-27 15:51:32.313 [main] INFO  org.flowable.cmmn.engine.impl.CmmnEngineImpl - CmmnEngine default created
 2023-11-27 15:51:32.362 [main] INFO  liquibase.lockservice - Successfully acquired change log lock
 2023-11-27 15:51:32.529 [main] INFO  liquibase.changelog - Reading from doc.ACT_APP_DATABASECHANGELOG
 2023-11-27 15:51:32.550 [main] INFO  liquibase.lockservice - Successfully released change log lock
 2023-11-27 15:51:32.551 [main] INFO  org.flowable.app.engine.impl.AppEngineImpl - AppEngine default created
 2023-11-27 15:51:32.771 [main] INFO  com.gzw.kd.common.utils.HttpClientUtil - http client init success ....................
 2023-11-27 15:51:32.784 [main] INFO  com.gzw.kd.common.utils.MessageUtils - init locale message .........
 2023-11-27 15:51:32.872 [main] INFO  org.quartz.impl.StdSchedulerFactory - Using default implementation for ThreadExecutor
 2023-11-27 15:51:32.876 [main] INFO  org.quartz.simpl.SimpleThreadPool - Job execution threads will use class loader of thread: main
 2023-11-27 15:51:32.892 [main] INFO  org.quartz.core.SchedulerSignalerImpl - Initialized Scheduler Signaller of type: class org.quartz.core.SchedulerSignalerImpl
 2023-11-27 15:51:32.893 [main] INFO  org.quartz.core.QuartzScheduler - Quartz Scheduler v.2.3.2 created.
 2023-11-27 15:51:32.894 [main] INFO  org.quartz.impl.jdbcjobstore.JobStoreTX - Using thread monitor-based data access locking (synchronization).
 2023-11-27 15:51:32.895 [main] INFO  org.quartz.impl.jdbcjobstore.JobStoreTX - JobStoreTX initialized.
 2023-11-27 15:51:32.896 [main] INFO  org.quartz.core.QuartzScheduler - Scheduler meta-data: Quartz Scheduler (v2.3.2) 'kd_DefaultQuartzScheduler' with instanceId 'NON_CLUSTERED'
  Scheduler class: 'org.quartz.core.QuartzScheduler' - running locally.
  NOT STARTED.
  Currently in standby mode.
  Number of jobs executed: 0
  Using thread pool 'org.quartz.simpl.SimpleThreadPool' - with 5 threads.
  Using job-store 'org.quartz.impl.jdbcjobstore.JobStoreTX' - which supports persistence. and is not clustered.

 2023-11-27 15:51:32.897 [main] INFO  org.quartz.impl.StdSchedulerFactory - Quartz scheduler 'kd_DefaultQuartzScheduler' initialized from an externally provided properties instance.
 2023-11-27 15:51:32.897 [main] INFO  org.quartz.impl.StdSchedulerFactory - Quartz scheduler version: 2.3.2
 2023-11-27 15:51:32.899 [main] INFO  org.quartz.core.QuartzScheduler - JobFactory set to: org.springframework.scheduling.quartz.AdaptableJobFactory@67cc5a38
 2023-11-27 15:51:33.364 [main] INFO  com.gzw.kd.scheduletask.AsyncTaskJobHandler - Async task impl list: [com.gzw.kd.export.service.LogExportAsyncTask@117e9a56]
 2023-11-27 15:51:34.428 [main] INFO  com.gzw.kd.config.ExecutorConfiguration - start asyncTaskExecutor
 2023-11-27 15:51:35.849 [main] INFO  c.a.n.p.auth.spi.client.ClientAuthPluginManager - [ClientAuthPluginManager] Load ClientAuthService com.alibaba.nacos.client.auth.impl.NacosClientAuthServiceImpl success.
 2023-11-27 15:51:35.849 [main] INFO  c.a.n.p.auth.spi.client.ClientAuthPluginManager - [ClientAuthPluginManager] Load ClientAuthService com.alibaba.nacos.client.auth.ram.RamClientAuthServiceImpl success.
 2023-11-27 15:51:37.749 [main] INFO  org.apache.coyote.http11.Http11NioProtocol - Starting ProtocolHandler ["http-nio-8092"]
 2023-11-27 15:51:37.772 [main] INFO  o.s.boot.web.embedded.tomcat.TomcatWebServer - Tomcat started on port(s): 8092 (http) with context path ''
 2023-11-27 15:51:37.811 [main] INFO  c.a.cloud.nacos.registry.NacosServiceRegistry - nacos registry, DEFAULT_GROUP gzw-kd 192.168.8.14:8092 register finished
 2023-11-27 15:51:37.911 [main] INFO  o.s.boot.web.embedded.tomcat.TomcatWebServer - Tomcat initialized with port(s): 50000 (http)
 2023-11-27 15:51:37.911 [main] INFO  org.apache.coyote.http11.Http11NioProtocol - Initializing ProtocolHandler ["http-nio-50000"]
 2023-11-27 15:51:37.912 [main] INFO  org.apache.catalina.core.StandardService - Starting service [Tomcat]
 2023-11-27 15:51:37.912 [main] INFO  org.apache.catalina.core.StandardEngine - Starting Servlet engine: [Apache Tomcat/9.0.75]
 2023-11-27 15:51:37.950 [main] INFO  o.a.c.c.ContainerBase.[Tomcat-1].[localhost].[/] - Initializing Spring embedded WebApplicationContext
 2023-11-27 15:51:37.950 [main] INFO  o.s.b.w.s.c.ServletWebServerApplicationContext - Root WebApplicationContext: initialization completed in 127 ms
 2023-11-27 15:51:37.964 [main] INFO  o.s.b.actuate.endpoint.web.EndpointLinksResolver - Exposing 2 endpoint(s) beneath base path '/actuator'
 2023-11-27 15:51:38.021 [main] INFO  org.apache.coyote.http11.Http11NioProtocol - Starting ProtocolHandler ["http-nio-50000"]
 2023-11-27 15:51:38.023 [main] INFO  o.s.boot.web.embedded.tomcat.TomcatWebServer - Tomcat started on port(s): 50000 (http) with context path ''
 2023-11-27 15:51:38.715 [main] INFO  o.s.scheduling.quartz.SchedulerFactoryBean - Starting Quartz Scheduler now
 2023-11-27 15:51:38.719 [main] INFO  com.alibaba.druid.pool.DruidDataSource - {dataSource-5} inited
 2023-11-27 15:51:38.786 [main] INFO  org.quartz.impl.jdbcjobstore.JobStoreTX - Freed 0 triggers from 'acquired' / 'blocked' state.
 2023-11-27 15:51:38.788 [main] INFO  org.quartz.impl.jdbcjobstore.JobStoreTX - Handling 1 trigger(s) that missed their scheduled fire-time.
 2023-11-27 15:51:38.841 [main] INFO  org.quartz.impl.jdbcjobstore.JobStoreTX - Recovering 0 jobs that were in-progress at the time of the last shut-down.
 2023-11-27 15:51:38.841 [main] INFO  org.quartz.impl.jdbcjobstore.JobStoreTX - Recovery complete.
 2023-11-27 15:51:38.843 [main] INFO  org.quartz.impl.jdbcjobstore.JobStoreTX - Removed 0 'complete' triggers.
 2023-11-27 15:51:38.845 [main] INFO  org.quartz.impl.jdbcjobstore.JobStoreTX - Removed 0 stale fired job entries.
 2023-11-27 15:51:38.849 [main] INFO  org.quartz.core.QuartzScheduler - Scheduler kd_DefaultQuartzScheduler_$_NON_CLUSTERED started.
 2023-11-27 15:51:38.878 [canalClient-thread] INFO  com.gzw.kd.canal.component.CanalClient - =============> Start to connect destination: canaltest <=============
 2023-11-27 15:51:38.905 [kd_DefaultQuartzScheduler_Worker-1] INFO  com.gzw.kd.scheduletask.HelloJob - quartz HelloJob execute start --------------------------
 2023-11-27 15:51:38.907 [kd_DefaultQuartzScheduler_Worker-1] INFO  com.gzw.kd.scheduletask.HelloJob - quartz HelloJob execute end --------------------------
 2023-11-27 15:51:38.907 [gzw-kd-1] INFO  com.gzw.kd.scheduletask.HelloJob - 一生挚爱  回头太难-------------------------------------
 2023-11-27 15:51:38.918 [main] INFO  o.s.s.a.ScheduledAnnotationBeanPostProcessor - No TaskScheduler/ScheduledExecutorService bean found for scheduled processing
 2023-11-27 15:51:38.929 [main] INFO  com.gzw.kd.KdApplication - Started KdApplication in 24.504 seconds (JVM running for 26.29)
 2023-11-27 15:51:38.944 [main] INFO  com.gzw.kd.common.init.AviatorFunctionInit - aviatorUtils init success.......
 2023-11-27 15:51:39.024 [canalClient-thread] INFO  com.gzw.kd.canal.component.CanalClient - =============> Start to subscribe destination: canaltest <=============
 2023-11-27 15:51:39.037 [canalClient-thread] INFO  com.gzw.kd.canal.component.CanalClient - =============> Subscribe destination: canaltest succeed <=============
 2023-11-27 15:51:39.412 [main] INFO  com.gzw.kd.common.init.ServiceConfigInit - 初始化服务配置加载成功.............................................
 2023-11-27 15:51:39.414 [main] INFO  com.gzw.kd.KdApplication - kd 服务启动完成，耗时:25.354399061s  登陆页面请访问: http://127.0.0.1:8092 
 2023-11-27 15:51:42.419 [TaskEngine-pool-1] INFO  com.gzw.kd.scheduletask.ScheduleTaskTwo - ------------------------------- gzw -------- timeTask-----------------------------------
 2023-11-27 15:51:47.419 [TaskEngine-pool-1] INFO  com.gzw.kd.scheduletask.ScheduleTaskTwo - ------------------------------- gzw -------- timeTask-----------------------------------
 2023-11-27 15:51:52.424 [TaskEngine-pool-1] INFO  com.gzw.kd.scheduletask.ScheduleTaskTwo - ------------------------------- gzw -------- timeTask-----------------------------------
 2023-11-27 15:51:57.424 [TaskEngine-pool-1] INFO  com.gzw.kd.scheduletask.ScheduleTaskTwo - ------------------------------- gzw -------- timeTask-----------------------------------
 2023-11-27 15:52:02.424 [TaskEngine-pool-1] INFO  com.gzw.kd.scheduletask.ScheduleTaskTwo - ------------------------------- gzw -------- timeTask-----------------------------------
 2023-11-27 15:52:07.428 [TaskEngine-pool-1] INFO  com.gzw.kd.scheduletask.ScheduleTaskTwo - ------------------------------- gzw -------- timeTask-----------------------------------
 2023-11-27 15:52:12.430 [TaskEngine-pool-1] INFO  com.gzw.kd.scheduletask.ScheduleTaskTwo - ------------------------------- gzw -------- timeTask-----------------------------------
 2023-11-27 15:52:17.431 [TaskEngine-pool-1] INFO  com.gzw.kd.scheduletask.ScheduleTaskTwo - ------------------------------- gzw -------- timeTask-----------------------------------
 2023-11-27 15:52:22.434 [TaskEngine-pool-1] INFO  com.gzw.kd.scheduletask.ScheduleTaskTwo - ------------------------------- gzw -------- timeTask-----------------------------------
 2023-11-27 15:52:27.437 [TaskEngine-pool-1] INFO  com.gzw.kd.scheduletask.ScheduleTaskTwo - ------------------------------- gzw -------- timeTask-----------------------------------
 2023-11-27 15:52:32.442 [TaskEngine-pool-1] INFO  com.gzw.kd.scheduletask.ScheduleTaskTwo - ------------------------------- gzw -------- timeTask-----------------------------------
 2023-11-27 15:52:37.445 [TaskEngine-pool-1] INFO  com.gzw.kd.scheduletask.ScheduleTaskTwo - ------------------------------- gzw -------- timeTask-----------------------------------
 2023-11-27 15:52:42.449 [TaskEngine-pool-1] INFO  com.gzw.kd.scheduletask.ScheduleTaskTwo - ------------------------------- gzw -------- timeTask-----------------------------------
 2023-11-27 15:52:47.452 [TaskEngine-pool-1] INFO  com.gzw.kd.scheduletask.ScheduleTaskTwo - ------------------------------- gzw -------- timeTask-----------------------------------
 2023-11-27 15:52:48.343 [Export-executor-shutdown-hook-thread] INFO  com.gzw.kd.export.AsyncTaskExecutorService - Export executor closing...
 2023-11-27 15:52:48.344 [Export-executor-shutdown-hook-thread] INFO  com.gzw.kd.export.AsyncTaskExecutorService - Export executor closed
 2023-11-27 15:52:48.389 [SpringApplicationShutdownHook] INFO  o.s.boot.web.embedded.tomcat.GracefulShutdown - Commencing graceful shutdown. Waiting for active requests to complete
 2023-11-27 15:52:48.403 [tomcat-shutdown] INFO  o.s.boot.web.embedded.tomcat.GracefulShutdown - Graceful shutdown complete
 2023-11-27 15:52:48.483 [SpringApplicationShutdownHook] INFO  org.quartz.core.QuartzScheduler - Scheduler kd_DefaultQuartzScheduler_$_NON_CLUSTERED paused.
 2023-11-27 15:52:48.483 [SpringApplicationShutdownHook] INFO  o.s.boot.web.embedded.tomcat.GracefulShutdown - Commencing graceful shutdown. Waiting for active requests to complete
 2023-11-27 15:52:48.489 [tomcat-shutdown] INFO  o.s.boot.web.embedded.tomcat.GracefulShutdown - Graceful shutdown complete
