 2023-05-05 18:02:44.885 [Thread-12] WARN  com.alibaba.nacos.common.http.HttpClientBeanHolder - [HttpClientBeanHolder] Start destroying common HttpClient
 2023-05-05 18:02:44.890 [Thread-9] WARN  com.alibaba.nacos.common.notify.NotifyCenter - [NotifyCenter] Start destroying Publisher
 2023-05-05 18:02:44.943 [Thread-9] WARN  com.alibaba.nacos.common.notify.NotifyCenter - [NotifyCenter] Destruction of the end
 2023-05-05 18:02:45.001 [Thread-12] WARN  com.alibaba.nacos.common.http.HttpClientBeanHolder - [HttpClientBeanHolder] Destruction of the end
 2023-05-05 18:05:11.548 [main] WARN  com.netflix.config.sources.URLConfigurationSource - No URLs will be polled as dynamic configuration sources.
 2023-05-05 18:05:11.560 [main] WARN  com.netflix.config.sources.URLConfigurationSource - No URLs will be polled as dynamic configuration sources.
 2023-05-05 18:17:21.612 [Thread-9] WARN  com.alibaba.nacos.common.notify.NotifyCenter - [NotifyCenter] Start destroying Publisher
 2023-05-05 18:17:21.616 [Thread-12] WARN  com.alibaba.nacos.common.http.HttpClientBeanHolder - [HttpClientBeanHolder] Start destroying common HttpClient
 2023-05-05 18:17:21.620 [Thread-9] WARN  com.alibaba.nacos.common.notify.NotifyCenter - [NotifyCenter] Destruction of the end
 2023-05-05 18:17:21.638 [Thread-12] WARN  com.alibaba.nacos.common.http.HttpClientBeanHolder - [HttpClientBeanHolder] Destruction of the end
 2023-05-05 18:22:08.185 [main] WARN  com.netflix.config.sources.URLConfigurationSource - No URLs will be polled as dynamic configuration sources.
 2023-05-05 18:22:08.199 [main] WARN  com.netflix.config.sources.URLConfigurationSource - No URLs will be polled as dynamic configuration sources.
 2023-05-05 18:23:17.569 [Thread-9] WARN  com.alibaba.nacos.common.notify.NotifyCenter - [NotifyCenter] Start destroying Publisher
 2023-05-05 18:23:17.569 [Thread-12] WARN  com.alibaba.nacos.common.http.HttpClientBeanHolder - [HttpClientBeanHolder] Start destroying common HttpClient
 2023-05-05 18:23:17.570 [Thread-9] WARN  com.alibaba.nacos.common.notify.NotifyCenter - [NotifyCenter] Destruction of the end
 2023-05-05 18:23:17.571 [Thread-12] WARN  com.alibaba.nacos.common.http.HttpClientBeanHolder - [HttpClientBeanHolder] Destruction of the end
 2023-05-05 18:29:03.151 [main] WARN  com.gzw.kd.common.utils.TimeCostBeanPostProcessor - bean....:tomcatServletWebServerFactory time...262 :
 2023-05-05 18:29:05.831 [main] WARN  com.gzw.kd.common.utils.TimeCostBeanPostProcessor - bean....:oneDatasource time...523 :
 2023-05-05 18:29:06.704 [main] WARN  com.gzw.kd.common.utils.TimeCostBeanPostProcessor - bean....:flywayInitializer time...218 :
 2023-05-05 18:29:07.601 [main] WARN  com.gzw.kd.common.utils.TimeCostBeanPostProcessor - bean....:AESCrypt time...815 :
 2023-05-05 18:29:09.029 [main] WARN  com.netflix.config.sources.URLConfigurationSource - No URLs will be polled as dynamic configuration sources.
 2023-05-05 18:29:09.042 [main] WARN  com.netflix.config.sources.URLConfigurationSource - No URLs will be polled as dynamic configuration sources.
 2023-05-05 18:29:15.401 [main] WARN  com.gzw.kd.common.utils.TimeCostBeanPostProcessor - bean....:flowableAppEngine time...4780 :
 2023-05-05 19:09:48.487 [lettuce-nioEventLoop-4-2] WARN  io.lettuce.core.protocol.ConnectionWatchdog - Cannot reconnect to [127.0.0.1:6379]: Connection refused: /127.0.0.1:6379
 2023-05-05 19:09:57.584 [lettuce-nioEventLoop-4-6] WARN  io.lettuce.core.protocol.ConnectionWatchdog - Cannot reconnect to [127.0.0.1:6379]: Connection refused: /127.0.0.1:6379
 2023-05-05 19:10:01.323 [Thread-12] WARN  com.alibaba.nacos.common.http.HttpClientBeanHolder - [HttpClientBeanHolder] Start destroying common HttpClient
 2023-05-05 19:10:01.324 [Thread-9] WARN  com.alibaba.nacos.common.notify.NotifyCenter - [NotifyCenter] Start destroying Publisher
 2023-05-05 19:10:01.324 [Thread-9] WARN  com.alibaba.nacos.common.notify.NotifyCenter - [NotifyCenter] Destruction of the end
 2023-05-05 19:10:01.329 [Thread-12] WARN  com.alibaba.nacos.common.http.HttpClientBeanHolder - [HttpClientBeanHolder] Destruction of the end
 2023-05-05 19:11:09.896 [main] WARN  com.gzw.kd.common.utils.TimeCostBeanPostProcessor - bean....:tomcatServletWebServerFactory time...211 :
 2023-05-05 19:11:12.586 [main] WARN  com.gzw.kd.common.utils.TimeCostBeanPostProcessor - bean....:oneDatasource time...478 :
 2023-05-05 19:11:13.485 [main] WARN  com.gzw.kd.common.utils.TimeCostBeanPostProcessor - bean....:flywayInitializer time...293 :
 2023-05-05 19:11:14.290 [main] WARN  com.gzw.kd.common.utils.TimeCostBeanPostProcessor - bean....:AESCrypt time...730 :
 2023-05-05 19:11:14.605 [main] WARN  com.gzw.kd.common.utils.TimeCostBeanPostProcessor - bean....:schedulerFactoryBean time...103 :
 2023-05-05 19:11:15.672 [main] WARN  com.netflix.config.sources.URLConfigurationSource - No URLs will be polled as dynamic configuration sources.
 2023-05-05 19:11:15.683 [main] WARN  com.netflix.config.sources.URLConfigurationSource - No URLs will be polled as dynamic configuration sources.
 2023-05-05 19:11:22.251 [main] WARN  com.gzw.kd.common.utils.TimeCostBeanPostProcessor - bean....:flowableAppEngine time...5158 :
 2023-05-05 19:21:38.866 [Thread-9] WARN  com.alibaba.nacos.common.notify.NotifyCenter - [NotifyCenter] Start destroying Publisher
 2023-05-05 19:21:38.866 [Thread-12] WARN  com.alibaba.nacos.common.http.HttpClientBeanHolder - [HttpClientBeanHolder] Start destroying common HttpClient
 2023-05-05 19:21:38.869 [Thread-9] WARN  com.alibaba.nacos.common.notify.NotifyCenter - [NotifyCenter] Destruction of the end
 2023-05-05 19:21:38.873 [Thread-12] WARN  com.alibaba.nacos.common.http.HttpClientBeanHolder - [HttpClientBeanHolder] Destruction of the end
 2023-05-05 19:27:56.010 [main] WARN  com.gzw.kd.common.utils.TimeCostBeanPostProcessor - bean....:tomcatServletWebServerFactory time...326 :
 2023-05-05 19:27:59.479 [main] WARN  com.gzw.kd.common.utils.TimeCostBeanPostProcessor - bean....:oneDatasource time...530 :
 2023-05-05 19:28:00.446 [main] WARN  com.gzw.kd.common.utils.TimeCostBeanPostProcessor - bean....:flywayInitializer time...325 :
 2023-05-05 19:28:01.238 [main] WARN  com.gzw.kd.common.utils.TimeCostBeanPostProcessor - bean....:AESCrypt time...715 :
 2023-05-05 19:28:02.781 [main] WARN  com.netflix.config.sources.URLConfigurationSource - No URLs will be polled as dynamic configuration sources.
 2023-05-05 19:28:02.792 [main] WARN  com.netflix.config.sources.URLConfigurationSource - No URLs will be polled as dynamic configuration sources.
 2023-05-05 19:28:09.311 [main] WARN  com.gzw.kd.common.utils.TimeCostBeanPostProcessor - bean....:flowableAppEngine time...5033 :
 2023-05-05 19:28:09.847 [main] WARN  com.gzw.kd.common.utils.TimeCostBeanPostProcessor - bean....:freeMarkerConfigurer time...104 :
