 2023-04-21 00:00:58.301 [Thread-12] WARN  com.alibaba.nacos.common.http.HttpClientBeanHolder - [HttpClientBeanHolder] Start destroying common HttpClient
 2023-04-21 00:00:58.305 [Thread-9] WARN  com.alibaba.nacos.common.notify.NotifyCenter - [NotifyCenter] Start destroying Publisher
 2023-04-21 00:00:58.306 [Thread-9] WARN  com.alibaba.nacos.common.notify.NotifyCenter - [NotifyCenter] Destruction of the end
 2023-04-21 00:00:58.307 [Thread-12] WARN  com.alibaba.nacos.common.http.HttpClientBeanHolder - [HttpClientBeanHolder] Destruction of the end
 2023-04-21 00:17:04.350 [main] WARN  com.netflix.config.sources.URLConfigurationSource - No URLs will be polled as dynamic configuration sources.
 2023-04-21 00:17:04.362 [main] WARN  com.netflix.config.sources.URLConfigurationSource - No URLs will be polled as dynamic configuration sources.
 2023-04-21 00:21:55.010 [Thread-9] WARN  com.alibaba.nacos.common.notify.NotifyCenter - [NotifyCenter] Start destroying Publisher
 2023-04-21 00:21:55.010 [Thread-12] WARN  com.alibaba.nacos.common.http.HttpClientBeanHolder - [HttpClientBeanHolder] Start destroying common HttpClient
 2023-04-21 00:21:55.012 [Thread-9] WARN  com.alibaba.nacos.common.notify.NotifyCenter - [NotifyCenter] Destruction of the end
 2023-04-21 00:21:55.015 [Thread-12] WARN  com.alibaba.nacos.common.http.HttpClientBeanHolder - [HttpClientBeanHolder] Destruction of the end
 2023-04-21 00:24:24.704 [main] WARN  com.netflix.config.sources.URLConfigurationSource - No URLs will be polled as dynamic configuration sources.
 2023-04-21 00:24:24.716 [main] WARN  com.netflix.config.sources.URLConfigurationSource - No URLs will be polled as dynamic configuration sources.
 2023-04-21 00:25:39.943 [Thread-12] WARN  com.alibaba.nacos.common.http.HttpClientBeanHolder - [HttpClientBeanHolder] Start destroying common HttpClient
 2023-04-21 00:25:39.943 [Thread-9] WARN  com.alibaba.nacos.common.notify.NotifyCenter - [NotifyCenter] Start destroying Publisher
 2023-04-21 00:25:39.944 [Thread-9] WARN  com.alibaba.nacos.common.notify.NotifyCenter - [NotifyCenter] Destruction of the end
 2023-04-21 00:25:39.944 [Thread-12] WARN  com.alibaba.nacos.common.http.HttpClientBeanHolder - [HttpClientBeanHolder] Destruction of the end
 2023-04-21 00:27:25.895 [main] WARN  com.netflix.config.sources.URLConfigurationSource - No URLs will be polled as dynamic configuration sources.
 2023-04-21 00:27:25.906 [main] WARN  com.netflix.config.sources.URLConfigurationSource - No URLs will be polled as dynamic configuration sources.
 2023-04-21 00:29:57.841 [Thread-9] WARN  com.alibaba.nacos.common.notify.NotifyCenter - [NotifyCenter] Start destroying Publisher
 2023-04-21 00:29:57.841 [Thread-12] WARN  com.alibaba.nacos.common.http.HttpClientBeanHolder - [HttpClientBeanHolder] Start destroying common HttpClient
 2023-04-21 00:29:57.842 [Thread-9] WARN  com.alibaba.nacos.common.notify.NotifyCenter - [NotifyCenter] Destruction of the end
 2023-04-21 00:29:57.844 [Thread-12] WARN  com.alibaba.nacos.common.http.HttpClientBeanHolder - [HttpClientBeanHolder] Destruction of the end
 2023-04-21 00:30:15.582 [main] WARN  com.netflix.config.sources.URLConfigurationSource - No URLs will be polled as dynamic configuration sources.
 2023-04-21 00:30:15.591 [main] WARN  com.netflix.config.sources.URLConfigurationSource - No URLs will be polled as dynamic configuration sources.
 2023-04-21 00:32:41.580 [Thread-12] WARN  com.alibaba.nacos.common.http.HttpClientBeanHolder - [HttpClientBeanHolder] Start destroying common HttpClient
 2023-04-21 00:32:41.581 [Thread-9] WARN  com.alibaba.nacos.common.notify.NotifyCenter - [NotifyCenter] Start destroying Publisher
 2023-04-21 00:32:41.582 [Thread-9] WARN  com.alibaba.nacos.common.notify.NotifyCenter - [NotifyCenter] Destruction of the end
 2023-04-21 00:32:41.584 [Thread-12] WARN  com.alibaba.nacos.common.http.HttpClientBeanHolder - [HttpClientBeanHolder] Destruction of the end
 2023-04-21 00:33:05.934 [main] WARN  com.netflix.config.sources.URLConfigurationSource - No URLs will be polled as dynamic configuration sources.
 2023-04-21 00:33:05.944 [main] WARN  com.netflix.config.sources.URLConfigurationSource - No URLs will be polled as dynamic configuration sources.
 2023-04-21 00:39:06.040 [Thread-9] WARN  com.alibaba.nacos.common.notify.NotifyCenter - [NotifyCenter] Start destroying Publisher
 2023-04-21 00:39:06.040 [Thread-12] WARN  com.alibaba.nacos.common.http.HttpClientBeanHolder - [HttpClientBeanHolder] Start destroying common HttpClient
 2023-04-21 00:39:06.041 [Thread-9] WARN  com.alibaba.nacos.common.notify.NotifyCenter - [NotifyCenter] Destruction of the end
 2023-04-21 00:39:06.046 [Thread-12] WARN  com.alibaba.nacos.common.http.HttpClientBeanHolder - [HttpClientBeanHolder] Destruction of the end
 2023-04-21 00:39:22.101 [main] WARN  com.netflix.config.sources.URLConfigurationSource - No URLs will be polled as dynamic configuration sources.
 2023-04-21 00:39:22.110 [main] WARN  com.netflix.config.sources.URLConfigurationSource - No URLs will be polled as dynamic configuration sources.
 2023-04-21 00:40:25.054 [Thread-9] WARN  com.alibaba.nacos.common.notify.NotifyCenter - [NotifyCenter] Start destroying Publisher
 2023-04-21 00:40:25.055 [Thread-12] WARN  com.alibaba.nacos.common.http.HttpClientBeanHolder - [HttpClientBeanHolder] Start destroying common HttpClient
 2023-04-21 00:40:25.055 [Thread-9] WARN  com.alibaba.nacos.common.notify.NotifyCenter - [NotifyCenter] Destruction of the end
 2023-04-21 00:40:25.056 [Thread-12] WARN  com.alibaba.nacos.common.http.HttpClientBeanHolder - [HttpClientBeanHolder] Destruction of the end
 2023-04-21 00:47:08.973 [main] WARN  com.netflix.config.sources.URLConfigurationSource - No URLs will be polled as dynamic configuration sources.
 2023-04-21 00:47:08.987 [main] WARN  com.netflix.config.sources.URLConfigurationSource - No URLs will be polled as dynamic configuration sources.
 2023-04-21 00:54:28.715 [Thread-12] WARN  com.alibaba.nacos.common.http.HttpClientBeanHolder - [HttpClientBeanHolder] Start destroying common HttpClient
 2023-04-21 00:54:28.717 [Thread-9] WARN  com.alibaba.nacos.common.notify.NotifyCenter - [NotifyCenter] Start destroying Publisher
 2023-04-21 00:54:28.721 [Thread-9] WARN  com.alibaba.nacos.common.notify.NotifyCenter - [NotifyCenter] Destruction of the end
 2023-04-21 00:54:28.770 [Thread-12] WARN  com.alibaba.nacos.common.http.HttpClientBeanHolder - [HttpClientBeanHolder] Destruction of the end
 2023-04-21 00:55:14.190 [main] WARN  com.netflix.config.sources.URLConfigurationSource - No URLs will be polled as dynamic configuration sources.
 2023-04-21 00:55:14.202 [main] WARN  com.netflix.config.sources.URLConfigurationSource - No URLs will be polled as dynamic configuration sources.
 2023-04-21 00:58:55.758 [Thread-9] WARN  com.alibaba.nacos.common.notify.NotifyCenter - [NotifyCenter] Start destroying Publisher
 2023-04-21 00:58:55.758 [Thread-12] WARN  com.alibaba.nacos.common.http.HttpClientBeanHolder - [HttpClientBeanHolder] Start destroying common HttpClient
 2023-04-21 00:58:55.762 [Thread-9] WARN  com.alibaba.nacos.common.notify.NotifyCenter - [NotifyCenter] Destruction of the end
 2023-04-21 00:58:55.768 [Thread-12] WARN  com.alibaba.nacos.common.http.HttpClientBeanHolder - [HttpClientBeanHolder] Destruction of the end
 2023-04-21 00:59:14.704 [main] WARN  com.netflix.config.sources.URLConfigurationSource - No URLs will be polled as dynamic configuration sources.
 2023-04-21 00:59:14.712 [main] WARN  com.netflix.config.sources.URLConfigurationSource - No URLs will be polled as dynamic configuration sources.
 2023-04-21 01:00:05.765 [main] WARN  com.netflix.config.sources.URLConfigurationSource - No URLs will be polled as dynamic configuration sources.
 2023-04-21 01:00:05.777 [main] WARN  com.netflix.config.sources.URLConfigurationSource - No URLs will be polled as dynamic configuration sources.
 2023-04-21 01:00:55.836 [main] WARN  com.netflix.config.sources.URLConfigurationSource - No URLs will be polled as dynamic configuration sources.
 2023-04-21 01:00:55.845 [main] WARN  com.netflix.config.sources.URLConfigurationSource - No URLs will be polled as dynamic configuration sources.
 2023-04-21 01:01:57.890 [main] WARN  com.netflix.config.sources.URLConfigurationSource - No URLs will be polled as dynamic configuration sources.
 2023-04-21 01:01:57.901 [main] WARN  com.netflix.config.sources.URLConfigurationSource - No URLs will be polled as dynamic configuration sources.
 2023-04-21 01:02:05.177 [main] WARN  liquibase.changelog - modifyDataType will lose primary key/autoincrement/not null settings for mysql.  Use <sql> and re-specify all configuration if this is the case
 2023-04-21 01:02:05.178 [main] WARN  liquibase.changelog - modifyDataType will lose primary key/autoincrement/not null settings for mysql.  Use <sql> and re-specify all configuration if this is the case
 2023-04-21 01:02:05.178 [main] WARN  liquibase.changelog - modifyDataType will lose primary key/autoincrement/not null settings for mysql.  Use <sql> and re-specify all configuration if this is the case
 2023-04-21 01:02:05.643 [main] WARN  liquibase.changelog - modifyDataType will lose primary key/autoincrement/not null settings for mysql.  Use <sql> and re-specify all configuration if this is the case
 2023-04-21 01:02:05.643 [main] WARN  liquibase.changelog - modifyDataType will lose primary key/autoincrement/not null settings for mysql.  Use <sql> and re-specify all configuration if this is the case
 2023-04-21 01:02:07.115 [main] WARN  liquibase.changelog - modifyDataType will lose primary key/autoincrement/not null settings for mysql.  Use <sql> and re-specify all configuration if this is the case
 2023-04-21 01:02:07.117 [main] WARN  liquibase.changelog - modifyDataType will lose primary key/autoincrement/not null settings for mysql.  Use <sql> and re-specify all configuration if this is the case
 2023-04-21 01:02:07.117 [main] WARN  liquibase.changelog - modifyDataType will lose primary key/autoincrement/not null settings for mysql.  Use <sql> and re-specify all configuration if this is the case
 2023-04-21 01:02:07.117 [main] WARN  liquibase.changelog - modifyDataType will lose primary key/autoincrement/not null settings for mysql.  Use <sql> and re-specify all configuration if this is the case
 2023-04-21 01:02:07.117 [main] WARN  liquibase.changelog - modifyDataType will lose primary key/autoincrement/not null settings for mysql.  Use <sql> and re-specify all configuration if this is the case
 2023-04-21 01:02:07.117 [main] WARN  liquibase.changelog - modifyDataType will lose primary key/autoincrement/not null settings for mysql.  Use <sql> and re-specify all configuration if this is the case
 2023-04-21 01:02:07.117 [main] WARN  liquibase.changelog - modifyDataType will lose primary key/autoincrement/not null settings for mysql.  Use <sql> and re-specify all configuration if this is the case
 2023-04-21 01:02:07.117 [main] WARN  liquibase.changelog - modifyDataType will lose primary key/autoincrement/not null settings for mysql.  Use <sql> and re-specify all configuration if this is the case
 2023-04-21 01:02:07.118 [main] WARN  liquibase.changelog - modifyDataType will lose primary key/autoincrement/not null settings for mysql.  Use <sql> and re-specify all configuration if this is the case
 2023-04-21 01:02:07.118 [main] WARN  liquibase.changelog - modifyDataType will lose primary key/autoincrement/not null settings for mysql.  Use <sql> and re-specify all configuration if this is the case
 2023-04-21 01:02:07.118 [main] WARN  liquibase.changelog - modifyDataType will lose primary key/autoincrement/not null settings for mysql.  Use <sql> and re-specify all configuration if this is the case
 2023-04-21 01:02:07.118 [main] WARN  liquibase.changelog - modifyDataType will lose primary key/autoincrement/not null settings for mysql.  Use <sql> and re-specify all configuration if this is the case
 2023-04-21 01:02:07.118 [main] WARN  liquibase.changelog - modifyDataType will lose primary key/autoincrement/not null settings for mysql.  Use <sql> and re-specify all configuration if this is the case
 2023-04-21 01:02:07.118 [main] WARN  liquibase.changelog - modifyDataType will lose primary key/autoincrement/not null settings for mysql.  Use <sql> and re-specify all configuration if this is the case
 2023-04-21 01:02:07.118 [main] WARN  liquibase.changelog - modifyDataType will lose primary key/autoincrement/not null settings for mysql.  Use <sql> and re-specify all configuration if this is the case
 2023-04-21 01:02:07.118 [main] WARN  liquibase.changelog - modifyDataType will lose primary key/autoincrement/not null settings for mysql.  Use <sql> and re-specify all configuration if this is the case
 2023-04-21 01:02:07.118 [main] WARN  liquibase.changelog - modifyDataType will lose primary key/autoincrement/not null settings for mysql.  Use <sql> and re-specify all configuration if this is the case
 2023-04-21 01:02:07.118 [main] WARN  liquibase.changelog - modifyDataType will lose primary key/autoincrement/not null settings for mysql.  Use <sql> and re-specify all configuration if this is the case
 2023-04-21 01:02:07.119 [main] WARN  liquibase.changelog - modifyDataType will lose primary key/autoincrement/not null settings for mysql.  Use <sql> and re-specify all configuration if this is the case
 2023-04-21 01:02:07.119 [main] WARN  liquibase.changelog - modifyDataType will lose primary key/autoincrement/not null settings for mysql.  Use <sql> and re-specify all configuration if this is the case
 2023-04-21 01:02:07.119 [main] WARN  liquibase.changelog - modifyDataType will lose primary key/autoincrement/not null settings for mysql.  Use <sql> and re-specify all configuration if this is the case
 2023-04-21 01:02:08.267 [main] WARN  liquibase.changelog - modifyDataType will lose primary key/autoincrement/not null settings for mysql.  Use <sql> and re-specify all configuration if this is the case
 2023-04-21 01:05:58.666 [Thread-12] WARN  com.alibaba.nacos.common.http.HttpClientBeanHolder - [HttpClientBeanHolder] Start destroying common HttpClient
 2023-04-21 01:05:58.667 [Thread-9] WARN  com.alibaba.nacos.common.notify.NotifyCenter - [NotifyCenter] Start destroying Publisher
 2023-04-21 01:05:58.669 [Thread-9] WARN  com.alibaba.nacos.common.notify.NotifyCenter - [NotifyCenter] Destruction of the end
 2023-04-21 01:05:58.674 [Thread-12] WARN  com.alibaba.nacos.common.http.HttpClientBeanHolder - [HttpClientBeanHolder] Destruction of the end
 2023-04-21 01:06:29.886 [main] WARN  com.netflix.config.sources.URLConfigurationSource - No URLs will be polled as dynamic configuration sources.
 2023-04-21 01:06:29.897 [main] WARN  com.netflix.config.sources.URLConfigurationSource - No URLs will be polled as dynamic configuration sources.
 2023-04-21 01:10:03.896 [Thread-12] WARN  com.alibaba.nacos.common.http.HttpClientBeanHolder - [HttpClientBeanHolder] Start destroying common HttpClient
 2023-04-21 01:10:03.897 [Thread-9] WARN  com.alibaba.nacos.common.notify.NotifyCenter - [NotifyCenter] Start destroying Publisher
 2023-04-21 01:10:03.901 [Thread-9] WARN  com.alibaba.nacos.common.notify.NotifyCenter - [NotifyCenter] Destruction of the end
 2023-04-21 01:10:03.906 [Thread-12] WARN  com.alibaba.nacos.common.http.HttpClientBeanHolder - [HttpClientBeanHolder] Destruction of the end
 2023-04-21 01:11:57.948 [main] WARN  com.netflix.config.sources.URLConfigurationSource - No URLs will be polled as dynamic configuration sources.
 2023-04-21 01:11:57.961 [main] WARN  com.netflix.config.sources.URLConfigurationSource - No URLs will be polled as dynamic configuration sources.
 2023-04-21 01:12:50.070 [Thread-12] WARN  com.alibaba.nacos.common.http.HttpClientBeanHolder - [HttpClientBeanHolder] Start destroying common HttpClient
 2023-04-21 01:12:50.071 [Thread-9] WARN  com.alibaba.nacos.common.notify.NotifyCenter - [NotifyCenter] Start destroying Publisher
 2023-04-21 01:12:50.072 [Thread-9] WARN  com.alibaba.nacos.common.notify.NotifyCenter - [NotifyCenter] Destruction of the end
 2023-04-21 01:12:50.072 [Thread-12] WARN  com.alibaba.nacos.common.http.HttpClientBeanHolder - [HttpClientBeanHolder] Destruction of the end
 2023-04-21 01:13:27.759 [main] WARN  com.netflix.config.sources.URLConfigurationSource - No URLs will be polled as dynamic configuration sources.
 2023-04-21 01:13:27.768 [main] WARN  com.netflix.config.sources.URLConfigurationSource - No URLs will be polled as dynamic configuration sources.
 2023-04-21 01:14:41.556 [Thread-12] WARN  com.alibaba.nacos.common.http.HttpClientBeanHolder - [HttpClientBeanHolder] Start destroying common HttpClient
 2023-04-21 01:14:41.556 [Thread-9] WARN  com.alibaba.nacos.common.notify.NotifyCenter - [NotifyCenter] Start destroying Publisher
 2023-04-21 01:14:41.557 [Thread-9] WARN  com.alibaba.nacos.common.notify.NotifyCenter - [NotifyCenter] Destruction of the end
 2023-04-21 01:14:41.558 [Thread-12] WARN  com.alibaba.nacos.common.http.HttpClientBeanHolder - [HttpClientBeanHolder] Destruction of the end
 2023-04-21 01:15:22.233 [main] WARN  com.netflix.config.sources.URLConfigurationSource - No URLs will be polled as dynamic configuration sources.
 2023-04-21 01:15:22.244 [main] WARN  com.netflix.config.sources.URLConfigurationSource - No URLs will be polled as dynamic configuration sources.
 2023-04-21 01:16:12.104 [Thread-12] WARN  com.alibaba.nacos.common.http.HttpClientBeanHolder - [HttpClientBeanHolder] Start destroying common HttpClient
 2023-04-21 01:16:12.104 [Thread-9] WARN  com.alibaba.nacos.common.notify.NotifyCenter - [NotifyCenter] Start destroying Publisher
 2023-04-21 01:16:12.105 [Thread-9] WARN  com.alibaba.nacos.common.notify.NotifyCenter - [NotifyCenter] Destruction of the end
 2023-04-21 01:16:12.106 [Thread-12] WARN  com.alibaba.nacos.common.http.HttpClientBeanHolder - [HttpClientBeanHolder] Destruction of the end
 2023-04-21 01:16:47.982 [main] WARN  com.netflix.config.sources.URLConfigurationSource - No URLs will be polled as dynamic configuration sources.
 2023-04-21 01:16:47.994 [main] WARN  com.netflix.config.sources.URLConfigurationSource - No URLs will be polled as dynamic configuration sources.
 2023-04-21 01:18:16.619 [Thread-12] WARN  com.alibaba.nacos.common.http.HttpClientBeanHolder - [HttpClientBeanHolder] Start destroying common HttpClient
 2023-04-21 01:18:16.621 [Thread-9] WARN  com.alibaba.nacos.common.notify.NotifyCenter - [NotifyCenter] Start destroying Publisher
 2023-04-21 01:18:16.625 [Thread-9] WARN  com.alibaba.nacos.common.notify.NotifyCenter - [NotifyCenter] Destruction of the end
 2023-04-21 01:18:16.629 [Thread-12] WARN  com.alibaba.nacos.common.http.HttpClientBeanHolder - [HttpClientBeanHolder] Destruction of the end
 2023-04-21 01:18:33.423 [main] WARN  com.netflix.config.sources.URLConfigurationSource - No URLs will be polled as dynamic configuration sources.
 2023-04-21 01:18:33.435 [main] WARN  com.netflix.config.sources.URLConfigurationSource - No URLs will be polled as dynamic configuration sources.
 2023-04-21 01:21:45.275 [Thread-12] WARN  com.alibaba.nacos.common.http.HttpClientBeanHolder - [HttpClientBeanHolder] Start destroying common HttpClient
 2023-04-21 01:21:45.275 [Thread-9] WARN  com.alibaba.nacos.common.notify.NotifyCenter - [NotifyCenter] Start destroying Publisher
 2023-04-21 01:21:45.276 [Thread-9] WARN  com.alibaba.nacos.common.notify.NotifyCenter - [NotifyCenter] Destruction of the end
 2023-04-21 01:21:45.280 [Thread-12] WARN  com.alibaba.nacos.common.http.HttpClientBeanHolder - [HttpClientBeanHolder] Destruction of the end
 2023-04-21 01:23:18.118 [main] WARN  com.netflix.config.sources.URLConfigurationSource - No URLs will be polled as dynamic configuration sources.
 2023-04-21 01:23:18.129 [main] WARN  com.netflix.config.sources.URLConfigurationSource - No URLs will be polled as dynamic configuration sources.
 2023-04-21 01:27:34.900 [Thread-12] WARN  com.alibaba.nacos.common.http.HttpClientBeanHolder - [HttpClientBeanHolder] Start destroying common HttpClient
 2023-04-21 01:27:34.902 [Thread-9] WARN  com.alibaba.nacos.common.notify.NotifyCenter - [NotifyCenter] Start destroying Publisher
 2023-04-21 01:27:34.905 [Thread-9] WARN  com.alibaba.nacos.common.notify.NotifyCenter - [NotifyCenter] Destruction of the end
 2023-04-21 01:27:34.917 [Thread-12] WARN  com.alibaba.nacos.common.http.HttpClientBeanHolder - [HttpClientBeanHolder] Destruction of the end
 2023-04-21 01:27:51.342 [main] WARN  com.netflix.config.sources.URLConfigurationSource - No URLs will be polled as dynamic configuration sources.
 2023-04-21 01:27:51.350 [main] WARN  com.netflix.config.sources.URLConfigurationSource - No URLs will be polled as dynamic configuration sources.
 2023-04-21 14:34:05.290 [main] WARN  com.netflix.config.sources.URLConfigurationSource - No URLs will be polled as dynamic configuration sources.
 2023-04-21 14:34:05.301 [main] WARN  com.netflix.config.sources.URLConfigurationSource - No URLs will be polled as dynamic configuration sources.
 2023-04-21 14:37:34.487 [Thread-9] WARN  com.alibaba.nacos.common.notify.NotifyCenter - [NotifyCenter] Start destroying Publisher
 2023-04-21 14:37:34.488 [Thread-12] WARN  com.alibaba.nacos.common.http.HttpClientBeanHolder - [HttpClientBeanHolder] Start destroying common HttpClient
 2023-04-21 14:37:34.490 [Thread-9] WARN  com.alibaba.nacos.common.notify.NotifyCenter - [NotifyCenter] Destruction of the end
 2023-04-21 14:37:34.503 [Thread-12] WARN  com.alibaba.nacos.common.http.HttpClientBeanHolder - [HttpClientBeanHolder] Destruction of the end
 2023-04-21 14:37:52.239 [main] WARN  com.netflix.config.sources.URLConfigurationSource - No URLs will be polled as dynamic configuration sources.
 2023-04-21 14:37:52.248 [main] WARN  com.netflix.config.sources.URLConfigurationSource - No URLs will be polled as dynamic configuration sources.
 2023-04-21 14:38:44.203 [Thread-12] WARN  com.alibaba.nacos.common.http.HttpClientBeanHolder - [HttpClientBeanHolder] Start destroying common HttpClient
 2023-04-21 14:38:44.203 [Thread-9] WARN  com.alibaba.nacos.common.notify.NotifyCenter - [NotifyCenter] Start destroying Publisher
 2023-04-21 14:38:44.204 [Thread-9] WARN  com.alibaba.nacos.common.notify.NotifyCenter - [NotifyCenter] Destruction of the end
 2023-04-21 14:38:44.204 [Thread-12] WARN  com.alibaba.nacos.common.http.HttpClientBeanHolder - [HttpClientBeanHolder] Destruction of the end
 2023-04-21 14:39:20.703 [main] WARN  com.netflix.config.sources.URLConfigurationSource - No URLs will be polled as dynamic configuration sources.
 2023-04-21 14:39:20.714 [main] WARN  com.netflix.config.sources.URLConfigurationSource - No URLs will be polled as dynamic configuration sources.
 2023-04-21 14:42:06.500 [Thread-9] WARN  com.alibaba.nacos.common.notify.NotifyCenter - [NotifyCenter] Start destroying Publisher
 2023-04-21 14:42:06.500 [Thread-12] WARN  com.alibaba.nacos.common.http.HttpClientBeanHolder - [HttpClientBeanHolder] Start destroying common HttpClient
 2023-04-21 14:42:06.501 [Thread-9] WARN  com.alibaba.nacos.common.notify.NotifyCenter - [NotifyCenter] Destruction of the end
 2023-04-21 14:42:06.502 [Thread-12] WARN  com.alibaba.nacos.common.http.HttpClientBeanHolder - [HttpClientBeanHolder] Destruction of the end
 2023-04-21 14:42:20.882 [main] WARN  com.netflix.config.sources.URLConfigurationSource - No URLs will be polled as dynamic configuration sources.
 2023-04-21 14:42:20.890 [main] WARN  com.netflix.config.sources.URLConfigurationSource - No URLs will be polled as dynamic configuration sources.
 2023-04-21 14:45:18.539 [Thread-9] WARN  com.alibaba.nacos.common.notify.NotifyCenter - [NotifyCenter] Start destroying Publisher
 2023-04-21 14:45:18.539 [Thread-12] WARN  com.alibaba.nacos.common.http.HttpClientBeanHolder - [HttpClientBeanHolder] Start destroying common HttpClient
 2023-04-21 14:45:18.542 [Thread-9] WARN  com.alibaba.nacos.common.notify.NotifyCenter - [NotifyCenter] Destruction of the end
 2023-04-21 14:45:18.543 [Thread-12] WARN  com.alibaba.nacos.common.http.HttpClientBeanHolder - [HttpClientBeanHolder] Destruction of the end
 2023-04-21 14:45:34.153 [main] WARN  com.netflix.config.sources.URLConfigurationSource - No URLs will be polled as dynamic configuration sources.
 2023-04-21 14:45:34.161 [main] WARN  com.netflix.config.sources.URLConfigurationSource - No URLs will be polled as dynamic configuration sources.
 2023-04-21 14:48:51.630 [Thread-12] WARN  com.alibaba.nacos.common.http.HttpClientBeanHolder - [HttpClientBeanHolder] Start destroying common HttpClient
 2023-04-21 14:48:51.630 [Thread-9] WARN  com.alibaba.nacos.common.notify.NotifyCenter - [NotifyCenter] Start destroying Publisher
 2023-04-21 14:48:51.631 [Thread-9] WARN  com.alibaba.nacos.common.notify.NotifyCenter - [NotifyCenter] Destruction of the end
 2023-04-21 14:48:51.634 [Thread-12] WARN  com.alibaba.nacos.common.http.HttpClientBeanHolder - [HttpClientBeanHolder] Destruction of the end
 2023-04-21 14:49:06.718 [main] WARN  com.netflix.config.sources.URLConfigurationSource - No URLs will be polled as dynamic configuration sources.
 2023-04-21 14:49:06.726 [main] WARN  com.netflix.config.sources.URLConfigurationSource - No URLs will be polled as dynamic configuration sources.
 2023-04-21 14:51:28.388 [Thread-9] WARN  com.alibaba.nacos.common.notify.NotifyCenter - [NotifyCenter] Start destroying Publisher
 2023-04-21 14:51:28.388 [Thread-12] WARN  com.alibaba.nacos.common.http.HttpClientBeanHolder - [HttpClientBeanHolder] Start destroying common HttpClient
 2023-04-21 14:51:28.392 [Thread-9] WARN  com.alibaba.nacos.common.notify.NotifyCenter - [NotifyCenter] Destruction of the end
 2023-04-21 14:51:28.400 [Thread-12] WARN  com.alibaba.nacos.common.http.HttpClientBeanHolder - [HttpClientBeanHolder] Destruction of the end
 2023-04-21 14:51:48.469 [main] WARN  com.netflix.config.sources.URLConfigurationSource - No URLs will be polled as dynamic configuration sources.
 2023-04-21 14:51:48.480 [main] WARN  com.netflix.config.sources.URLConfigurationSource - No URLs will be polled as dynamic configuration sources.
 2023-04-21 20:18:32.991 [main] WARN  com.netflix.config.sources.URLConfigurationSource - No URLs will be polled as dynamic configuration sources.
 2023-04-21 20:18:33.003 [main] WARN  com.netflix.config.sources.URLConfigurationSource - No URLs will be polled as dynamic configuration sources.
 2023-04-21 22:44:51.992 [Thread-9] WARN  com.alibaba.nacos.common.notify.NotifyCenter - [NotifyCenter] Start destroying Publisher
 2023-04-21 22:44:51.993 [Thread-12] WARN  com.alibaba.nacos.common.http.HttpClientBeanHolder - [HttpClientBeanHolder] Start destroying common HttpClient
 2023-04-21 22:44:51.995 [Thread-9] WARN  com.alibaba.nacos.common.notify.NotifyCenter - [NotifyCenter] Destruction of the end
 2023-04-21 22:44:52.007 [Thread-12] WARN  com.alibaba.nacos.common.http.HttpClientBeanHolder - [HttpClientBeanHolder] Destruction of the end
 2023-04-21 23:21:50.390 [main] WARN  com.netflix.config.sources.URLConfigurationSource - No URLs will be polled as dynamic configuration sources.
 2023-04-21 23:21:50.402 [main] WARN  com.netflix.config.sources.URLConfigurationSource - No URLs will be polled as dynamic configuration sources.
