 2023-04-12 19:09:06.439 [main] WARN  com.netflix.config.sources.URLConfigurationSource - No URLs will be polled as dynamic configuration sources.
 2023-04-12 19:09:06.454 [main] WARN  com.netflix.config.sources.URLConfigurationSource - No URLs will be polled as dynamic configuration sources.
 2023-04-12 19:24:40.769 [Thread-9] WARN  com.alibaba.nacos.common.notify.NotifyCenter - [NotifyCenter] Start destroying Publisher
 2023-04-12 19:24:40.782 [Thread-12] WARN  com.alibaba.nacos.common.http.HttpClientBeanHolder - [HttpClientBeanHolder] Start destroying common HttpClient
 2023-04-12 19:24:40.800 [Thread-9] WARN  com.alibaba.nacos.common.notify.NotifyCenter - [NotifyCenter] Destruction of the end
 2023-04-12 19:24:40.880 [Thread-12] WARN  com.alibaba.nacos.common.http.HttpClientBeanHolder - [HttpClientBeanHolder] Destruction of the end
 2023-04-12 19:25:02.166 [main] WARN  com.netflix.config.sources.URLConfigurationSource - No URLs will be polled as dynamic configuration sources.
 2023-04-12 19:25:02.178 [main] WARN  com.netflix.config.sources.URLConfigurationSource - No URLs will be polled as dynamic configuration sources.
kd.f355caaaf0e84a1d 2023-04-12 19:27:08.932 [http-nio-8092-exec-1] WARN  org.elasticsearch.client.RestClient - request [POST http://127.0.0.1:9200/log_data_all/_search?typed_keys=true&ignore_unavailable=false&expand_wildcards=open&allow_no_indices=true&ignore_throttled=true&search_type=query_then_fetch&batched_reduce_size=512&ccs_minimize_roundtrips=true] returned 1 warnings: [299 Elasticsearch-8.6.2-2d58d0f136141f03239816a4e360a8d17b6d8f29 "[ignore_throttled] parameter is deprecated because frozen indices have been deprecated. Consider cold or frozen tiers in place of frozen indices."]
kd.e9b6a0e080d94cba 2023-04-12 19:27:09.514 [http-nio-8092-exec-2] WARN  org.elasticsearch.client.RestClient - request [POST http://127.0.0.1:9200/log_data_all/_search?typed_keys=true&ignore_unavailable=false&expand_wildcards=open&allow_no_indices=true&ignore_throttled=true&search_type=query_then_fetch&batched_reduce_size=512&ccs_minimize_roundtrips=true] returned 1 warnings: [299 Elasticsearch-8.6.2-2d58d0f136141f03239816a4e360a8d17b6d8f29 "[ignore_throttled] parameter is deprecated because frozen indices have been deprecated. Consider cold or frozen tiers in place of frozen indices."]
kd.ff510465822c4682 2023-04-12 19:33:15.759 [http-nio-8092-exec-10] WARN  org.elasticsearch.client.RestClient - request [POST http://127.0.0.1:9200/log_data_all/_search?typed_keys=true&ignore_unavailable=false&expand_wildcards=open&allow_no_indices=true&ignore_throttled=true&search_type=query_then_fetch&batched_reduce_size=512&ccs_minimize_roundtrips=true] returned 1 warnings: [299 Elasticsearch-8.6.2-2d58d0f136141f03239816a4e360a8d17b6d8f29 "[ignore_throttled] parameter is deprecated because frozen indices have been deprecated. Consider cold or frozen tiers in place of frozen indices."]
kd.afcb8c2e082042b0 2023-04-12 19:33:22.673 [http-nio-8092-exec-4] WARN  org.elasticsearch.client.RestClient - request [POST http://127.0.0.1:9200/log_data_all/_search?typed_keys=true&ignore_unavailable=false&expand_wildcards=open&allow_no_indices=true&ignore_throttled=true&search_type=query_then_fetch&batched_reduce_size=512&ccs_minimize_roundtrips=true] returned 1 warnings: [299 Elasticsearch-8.6.2-2d58d0f136141f03239816a4e360a8d17b6d8f29 "[ignore_throttled] parameter is deprecated because frozen indices have been deprecated. Consider cold or frozen tiers in place of frozen indices."]
kd.4188810a5b764537 2023-04-12 19:33:33.046 [http-nio-8092-exec-6] WARN  org.elasticsearch.client.RestClient - request [POST http://127.0.0.1:9200/log_data_all/_search?typed_keys=true&ignore_unavailable=false&expand_wildcards=open&allow_no_indices=true&ignore_throttled=true&search_type=query_then_fetch&batched_reduce_size=512&ccs_minimize_roundtrips=true] returned 1 warnings: [299 Elasticsearch-8.6.2-2d58d0f136141f03239816a4e360a8d17b6d8f29 "[ignore_throttled] parameter is deprecated because frozen indices have been deprecated. Consider cold or frozen tiers in place of frozen indices."]
kd.ad036182e4694f9c 2023-04-12 19:33:34.054 [http-nio-8092-exec-3] WARN  org.elasticsearch.client.RestClient - request [POST http://127.0.0.1:9200/log_data_all/_search?typed_keys=true&ignore_unavailable=false&expand_wildcards=open&allow_no_indices=true&ignore_throttled=true&search_type=query_then_fetch&batched_reduce_size=512&ccs_minimize_roundtrips=true] returned 1 warnings: [299 Elasticsearch-8.6.2-2d58d0f136141f03239816a4e360a8d17b6d8f29 "[ignore_throttled] parameter is deprecated because frozen indices have been deprecated. Consider cold or frozen tiers in place of frozen indices."]
kd.bd134e62ddf44de6 2023-04-12 19:33:35.147 [http-nio-8092-exec-7] WARN  org.elasticsearch.client.RestClient - request [POST http://127.0.0.1:9200/log_data_all/_search?typed_keys=true&ignore_unavailable=false&expand_wildcards=open&allow_no_indices=true&ignore_throttled=true&search_type=query_then_fetch&batched_reduce_size=512&ccs_minimize_roundtrips=true] returned 1 warnings: [299 Elasticsearch-8.6.2-2d58d0f136141f03239816a4e360a8d17b6d8f29 "[ignore_throttled] parameter is deprecated because frozen indices have been deprecated. Consider cold or frozen tiers in place of frozen indices."]
kd.605fe0dbf8124b58 2023-04-12 19:33:36.179 [http-nio-8092-exec-8] WARN  org.elasticsearch.client.RestClient - request [POST http://127.0.0.1:9200/log_data_all/_search?typed_keys=true&ignore_unavailable=false&expand_wildcards=open&allow_no_indices=true&ignore_throttled=true&search_type=query_then_fetch&batched_reduce_size=512&ccs_minimize_roundtrips=true] returned 1 warnings: [299 Elasticsearch-8.6.2-2d58d0f136141f03239816a4e360a8d17b6d8f29 "[ignore_throttled] parameter is deprecated because frozen indices have been deprecated. Consider cold or frozen tiers in place of frozen indices."]
kd.97bd8ac15a644331 2023-04-12 19:33:37.143 [http-nio-8092-exec-9] WARN  org.elasticsearch.client.RestClient - request [POST http://127.0.0.1:9200/log_data_all/_search?typed_keys=true&ignore_unavailable=false&expand_wildcards=open&allow_no_indices=true&ignore_throttled=true&search_type=query_then_fetch&batched_reduce_size=512&ccs_minimize_roundtrips=true] returned 1 warnings: [299 Elasticsearch-8.6.2-2d58d0f136141f03239816a4e360a8d17b6d8f29 "[ignore_throttled] parameter is deprecated because frozen indices have been deprecated. Consider cold or frozen tiers in place of frozen indices."]
kd.06ad5072230a44b0 2023-04-12 19:33:38.092 [http-nio-8092-exec-10] WARN  org.elasticsearch.client.RestClient - request [POST http://127.0.0.1:9200/log_data_all/_search?typed_keys=true&ignore_unavailable=false&expand_wildcards=open&allow_no_indices=true&ignore_throttled=true&search_type=query_then_fetch&batched_reduce_size=512&ccs_minimize_roundtrips=true] returned 1 warnings: [299 Elasticsearch-8.6.2-2d58d0f136141f03239816a4e360a8d17b6d8f29 "[ignore_throttled] parameter is deprecated because frozen indices have been deprecated. Consider cold or frozen tiers in place of frozen indices."]
kd.f49487934c49434c 2023-04-12 19:33:51.827 [http-nio-8092-exec-8] WARN  org.elasticsearch.client.RestClient - request [POST http://127.0.0.1:9200/log_data_all/_search?typed_keys=true&ignore_unavailable=false&expand_wildcards=open&allow_no_indices=true&ignore_throttled=true&search_type=query_then_fetch&batched_reduce_size=512&ccs_minimize_roundtrips=true] returned 1 warnings: [299 Elasticsearch-8.6.2-2d58d0f136141f03239816a4e360a8d17b6d8f29 "[ignore_throttled] parameter is deprecated because frozen indices have been deprecated. Consider cold or frozen tiers in place of frozen indices."]
kd.50ba54eedaf145cb 2023-04-12 19:35:38.457 [http-nio-8092-exec-2] WARN  org.elasticsearch.client.RestClient - request [POST http://127.0.0.1:9200/log_data_all/_search?typed_keys=true&ignore_unavailable=false&expand_wildcards=open&allow_no_indices=true&ignore_throttled=true&search_type=query_then_fetch&batched_reduce_size=512&ccs_minimize_roundtrips=true] returned 1 warnings: [299 Elasticsearch-8.6.2-2d58d0f136141f03239816a4e360a8d17b6d8f29 "[ignore_throttled] parameter is deprecated because frozen indices have been deprecated. Consider cold or frozen tiers in place of frozen indices."]
kd.6c9ce58b177f4f75 2023-04-12 19:36:59.093 [http-nio-8092-exec-3] WARN  org.elasticsearch.client.RestClient - request [POST http://127.0.0.1:9200/log_data_all/_search?typed_keys=true&ignore_unavailable=false&expand_wildcards=open&allow_no_indices=true&ignore_throttled=true&search_type=query_then_fetch&batched_reduce_size=512&ccs_minimize_roundtrips=true] returned 1 warnings: [299 Elasticsearch-8.6.2-2d58d0f136141f03239816a4e360a8d17b6d8f29 "[ignore_throttled] parameter is deprecated because frozen indices have been deprecated. Consider cold or frozen tiers in place of frozen indices."]
kd.fd251942a04f4b57 2023-04-12 19:39:20.453 [http-nio-8092-exec-8] WARN  org.elasticsearch.client.RestClient - request [POST http://127.0.0.1:9200/log_data_all/_search?typed_keys=true&ignore_unavailable=false&expand_wildcards=open&allow_no_indices=true&ignore_throttled=true&search_type=query_then_fetch&batched_reduce_size=512&ccs_minimize_roundtrips=true] returned 1 warnings: [299 Elasticsearch-8.6.2-2d58d0f136141f03239816a4e360a8d17b6d8f29 "[ignore_throttled] parameter is deprecated because frozen indices have been deprecated. Consider cold or frozen tiers in place of frozen indices."]
 2023-04-12 19:40:52.727 [Thread-9] WARN  com.alibaba.nacos.common.notify.NotifyCenter - [NotifyCenter] Start destroying Publisher
 2023-04-12 19:40:52.727 [Thread-12] WARN  com.alibaba.nacos.common.http.HttpClientBeanHolder - [HttpClientBeanHolder] Start destroying common HttpClient
 2023-04-12 19:40:52.761 [Thread-9] WARN  com.alibaba.nacos.common.notify.NotifyCenter - [NotifyCenter] Destruction of the end
 2023-04-12 19:40:52.794 [Thread-12] WARN  com.alibaba.nacos.common.http.HttpClientBeanHolder - [HttpClientBeanHolder] Destruction of the end
 2023-04-12 19:42:55.310 [main] WARN  com.netflix.config.sources.URLConfigurationSource - No URLs will be polled as dynamic configuration sources.
 2023-04-12 19:42:55.365 [main] WARN  com.netflix.config.sources.URLConfigurationSource - No URLs will be polled as dynamic configuration sources.
 2023-04-12 19:46:53.005 [Thread-9] WARN  com.alibaba.nacos.common.notify.NotifyCenter - [NotifyCenter] Start destroying Publisher
 2023-04-12 19:46:53.007 [Thread-12] WARN  com.alibaba.nacos.common.http.HttpClientBeanHolder - [HttpClientBeanHolder] Start destroying common HttpClient
 2023-04-12 19:46:53.009 [Thread-9] WARN  com.alibaba.nacos.common.notify.NotifyCenter - [NotifyCenter] Destruction of the end
 2023-04-12 19:46:53.015 [Thread-12] WARN  com.alibaba.nacos.common.http.HttpClientBeanHolder - [HttpClientBeanHolder] Destruction of the end
 2023-04-12 19:48:07.867 [main] WARN  com.netflix.config.sources.URLConfigurationSource - No URLs will be polled as dynamic configuration sources.
 2023-04-12 19:48:07.887 [main] WARN  com.netflix.config.sources.URLConfigurationSource - No URLs will be polled as dynamic configuration sources.
kd.4ce0539d2c89429f 2023-04-12 19:54:00.717 [http-nio-8092-exec-1] WARN  org.elasticsearch.client.RestClient - request [POST http://127.0.0.1:9200/log_data_all/_search?typed_keys=true&ignore_unavailable=false&expand_wildcards=open&allow_no_indices=true&ignore_throttled=true&search_type=query_then_fetch&batched_reduce_size=512&ccs_minimize_roundtrips=true] returned 1 warnings: [299 Elasticsearch-8.6.2-2d58d0f136141f03239816a4e360a8d17b6d8f29 "[ignore_throttled] parameter is deprecated because frozen indices have been deprecated. Consider cold or frozen tiers in place of frozen indices."]
kd.7a74ac285379497d 2023-04-12 19:55:55.942 [http-nio-8092-exec-9] WARN  org.elasticsearch.client.RestClient - request [POST http://127.0.0.1:9200/log_data_all/_search?typed_keys=true&ignore_unavailable=false&expand_wildcards=open&allow_no_indices=true&ignore_throttled=true&search_type=query_then_fetch&batched_reduce_size=512&ccs_minimize_roundtrips=true] returned 1 warnings: [299 Elasticsearch-8.6.2-2d58d0f136141f03239816a4e360a8d17b6d8f29 "[ignore_throttled] parameter is deprecated because frozen indices have been deprecated. Consider cold or frozen tiers in place of frozen indices."]
 2023-04-12 23:42:40.217 [main] WARN  com.netflix.config.sources.URLConfigurationSource - No URLs will be polled as dynamic configuration sources.
 2023-04-12 23:42:40.233 [main] WARN  com.netflix.config.sources.URLConfigurationSource - No URLs will be polled as dynamic configuration sources.
kd.1239689cb867408e 2023-04-12 23:43:33.769 [http-nio-8092-exec-9] WARN  org.elasticsearch.client.RestClient - request [POST http://127.0.0.1:9200/log_data_all/_search?typed_keys=true&ignore_unavailable=false&expand_wildcards=open&allow_no_indices=true&ignore_throttled=true&search_type=query_then_fetch&batched_reduce_size=512&ccs_minimize_roundtrips=true] returned 1 warnings: [299 Elasticsearch-8.6.2-2d58d0f136141f03239816a4e360a8d17b6d8f29 "[ignore_throttled] parameter is deprecated because frozen indices have been deprecated. Consider cold or frozen tiers in place of frozen indices."]
 2023-04-12 23:45:07.585 [Thread-9] WARN  com.alibaba.nacos.common.notify.NotifyCenter - [NotifyCenter] Start destroying Publisher
 2023-04-12 23:45:07.585 [Thread-12] WARN  com.alibaba.nacos.common.http.HttpClientBeanHolder - [HttpClientBeanHolder] Start destroying common HttpClient
 2023-04-12 23:45:07.586 [Thread-9] WARN  com.alibaba.nacos.common.notify.NotifyCenter - [NotifyCenter] Destruction of the end
 2023-04-12 23:45:07.592 [Thread-12] WARN  com.alibaba.nacos.common.http.HttpClientBeanHolder - [HttpClientBeanHolder] Destruction of the end
 2023-04-12 23:45:34.723 [main] WARN  com.netflix.config.sources.URLConfigurationSource - No URLs will be polled as dynamic configuration sources.
 2023-04-12 23:45:34.735 [main] WARN  com.netflix.config.sources.URLConfigurationSource - No URLs will be polled as dynamic configuration sources.
 2023-04-12 23:48:43.621 [Thread-9] WARN  com.alibaba.nacos.common.notify.NotifyCenter - [NotifyCenter] Start destroying Publisher
 2023-04-12 23:48:43.626 [Thread-12] WARN  com.alibaba.nacos.common.http.HttpClientBeanHolder - [HttpClientBeanHolder] Start destroying common HttpClient
 2023-04-12 23:48:43.662 [Thread-9] WARN  com.alibaba.nacos.common.notify.NotifyCenter - [NotifyCenter] Destruction of the end
 2023-04-12 23:48:43.710 [Thread-12] WARN  com.alibaba.nacos.common.http.HttpClientBeanHolder - [HttpClientBeanHolder] Destruction of the end
 2023-04-12 23:49:03.706 [main] WARN  com.netflix.config.sources.URLConfigurationSource - No URLs will be polled as dynamic configuration sources.
 2023-04-12 23:49:03.720 [main] WARN  com.netflix.config.sources.URLConfigurationSource - No URLs will be polled as dynamic configuration sources.
kd.95acb46bc95c45d4 2023-04-12 23:49:45.686 [http-nio-8092-exec-9] WARN  o.s.w.s.m.m.a.ExceptionHandlerExceptionResolver - Failure in @ExceptionHandler com.gzw.kd.common.exception.GlobalExceptionHandler#error(HttpServletRequest, Exception)
com.gzw.kd.common.exception.GlobalException: Mail server connection failed; nested exception is com.sun.mail.util.MailConnectException: Couldn't connect to host, port: smtp.qq.com, 25; timeout -1;
  nested exception is:
	java.net.SocketException: Can't connect to SOCKS proxy:Connection refused (Connection refused). Failed messages: com.sun.mail.util.MailConnectException: Couldn't connect to host, port: smtp.qq.com, 25; timeout -1;
  nested exception is:
	java.net.SocketException: Can't connect to SOCKS proxy:Connection refused (Connection refused)
	at com.gzw.kd.mail.MailSend.sendEmail(MailSend.java:45)
	at com.gzw.kd.common.exception.GlobalExceptionHandler.error(GlobalExceptionHandler.java:46)
	at sun.reflect.NativeMethodAccessorImpl.invoke0(Native Method)
	at sun.reflect.NativeMethodAccessorImpl.invoke(NativeMethodAccessorImpl.java:62)
	at sun.reflect.DelegatingMethodAccessorImpl.invoke(DelegatingMethodAccessorImpl.java:43)
	at java.lang.reflect.Method.invoke(Method.java:498)
	at org.springframework.web.method.support.InvocableHandlerMethod.doInvoke(InvocableHandlerMethod.java:205)
	at org.springframework.web.method.support.InvocableHandlerMethod.invokeForRequest(InvocableHandlerMethod.java:150)
	at org.springframework.web.servlet.mvc.method.annotation.ServletInvocableHandlerMethod.invokeAndHandle(ServletInvocableHandlerMethod.java:117)
	at org.springframework.web.servlet.mvc.method.annotation.ExceptionHandlerExceptionResolver.doResolveHandlerMethodException(ExceptionHandlerExceptionResolver.java:428)
	at org.springframework.web.servlet.handler.AbstractHandlerMethodExceptionResolver.doResolveException(AbstractHandlerMethodExceptionResolver.java:75)
	at org.springframework.web.servlet.handler.AbstractHandlerExceptionResolver.resolveException(AbstractHandlerExceptionResolver.java:142)
	at org.springframework.web.servlet.handler.HandlerExceptionResolverComposite.resolveException(HandlerExceptionResolverComposite.java:80)
	at org.springframework.web.servlet.DispatcherServlet.processHandlerException(DispatcherServlet.java:1331)
	at org.springframework.web.servlet.DispatcherServlet.processDispatchResult(DispatcherServlet.java:1142)
	at org.springframework.web.servlet.DispatcherServlet.doDispatch(DispatcherServlet.java:1088)
	at org.springframework.web.servlet.DispatcherServlet.doService(DispatcherServlet.java:964)
	at org.springframework.web.servlet.FrameworkServlet.processRequest(FrameworkServlet.java:1006)
	at org.springframework.web.servlet.FrameworkServlet.doPost(FrameworkServlet.java:909)
	at javax.servlet.http.HttpServlet.service(HttpServlet.java:681)
	at org.springframework.web.servlet.FrameworkServlet.service(FrameworkServlet.java:883)
	at javax.servlet.http.HttpServlet.service(HttpServlet.java:764)
	at org.apache.catalina.core.ApplicationFilterChain.internalDoFilter(ApplicationFilterChain.java:227)
	at org.apache.catalina.core.ApplicationFilterChain.doFilter(ApplicationFilterChain.java:162)
	at org.apache.tomcat.websocket.server.WsFilter.doFilter(WsFilter.java:53)
	at org.apache.catalina.core.ApplicationFilterChain.internalDoFilter(ApplicationFilterChain.java:189)
	at org.apache.catalina.core.ApplicationFilterChain.doFilter(ApplicationFilterChain.java:162)
	at org.springframework.web.filter.CorsFilter.doFilterInternal(CorsFilter.java:91)
	at org.springframework.web.filter.OncePerRequestFilter.doFilter(OncePerRequestFilter.java:117)
	at org.apache.catalina.core.ApplicationFilterChain.internalDoFilter(ApplicationFilterChain.java:189)
	at org.apache.catalina.core.ApplicationFilterChain.doFilter(ApplicationFilterChain.java:162)
	at com.gzw.kd.common.xss.XssFilter.doFilter(XssFilter.java:21)
	at org.apache.catalina.core.ApplicationFilterChain.internalDoFilter(ApplicationFilterChain.java:189)
	at org.apache.catalina.core.ApplicationFilterChain.doFilter(ApplicationFilterChain.java:162)
	at org.springframework.web.filter.RequestContextFilter.doFilterInternal(RequestContextFilter.java:100)
	at org.springframework.web.filter.OncePerRequestFilter.doFilter(OncePerRequestFilter.java:117)
	at org.apache.catalina.core.ApplicationFilterChain.internalDoFilter(ApplicationFilterChain.java:189)
	at org.apache.catalina.core.ApplicationFilterChain.doFilter(ApplicationFilterChain.java:162)
	at org.springframework.web.filter.FormContentFilter.doFilterInternal(FormContentFilter.java:93)
	at org.springframework.web.filter.OncePerRequestFilter.doFilter(OncePerRequestFilter.java:117)
	at org.apache.catalina.core.ApplicationFilterChain.internalDoFilter(ApplicationFilterChain.java:189)
	at org.apache.catalina.core.ApplicationFilterChain.doFilter(ApplicationFilterChain.java:162)
	at org.springframework.web.filter.CharacterEncodingFilter.doFilterInternal(CharacterEncodingFilter.java:201)
	at org.springframework.web.filter.OncePerRequestFilter.doFilter(OncePerRequestFilter.java:117)
	at org.apache.catalina.core.ApplicationFilterChain.internalDoFilter(ApplicationFilterChain.java:189)
	at org.apache.catalina.core.ApplicationFilterChain.doFilter(ApplicationFilterChain.java:162)
	at org.apache.catalina.core.StandardWrapperValve.invoke(StandardWrapperValve.java:197)
	at org.apache.catalina.core.StandardContextValve.invoke(StandardContextValve.java:97)
	at org.apache.catalina.authenticator.AuthenticatorBase.invoke(AuthenticatorBase.java:541)
	at org.apache.catalina.core.StandardHostValve.invoke(StandardHostValve.java:135)
	at org.apache.catalina.valves.ErrorReportValve.invoke(ErrorReportValve.java:92)
	at org.apache.catalina.core.StandardEngineValve.invoke(StandardEngineValve.java:78)
	at org.apache.catalina.connector.CoyoteAdapter.service(CoyoteAdapter.java:360)
	at org.apache.coyote.http11.Http11Processor.service(Http11Processor.java:399)
	at org.apache.coyote.AbstractProcessorLight.process(AbstractProcessorLight.java:65)
	at org.apache.coyote.AbstractProtocol$ConnectionHandler.process(AbstractProtocol.java:890)
	at org.apache.tomcat.util.net.NioEndpoint$SocketProcessor.doRun(NioEndpoint.java:1789)
	at org.apache.tomcat.util.net.SocketProcessorBase.run(SocketProcessorBase.java:49)
	at org.apache.tomcat.util.threads.ThreadPoolExecutor.runWorker(ThreadPoolExecutor.java:1191)
	at org.apache.tomcat.util.threads.ThreadPoolExecutor$Worker.run(ThreadPoolExecutor.java:659)
	at org.apache.tomcat.util.threads.TaskThread$WrappingRunnable.run(TaskThread.java:61)
	at java.lang.Thread.run(Thread.java:748)
Caused by: org.springframework.mail.MailSendException: Mail server connection failed; nested exception is com.sun.mail.util.MailConnectException: Couldn't connect to host, port: smtp.qq.com, 25; timeout -1;
  nested exception is:
	java.net.SocketException: Can't connect to SOCKS proxy:Connection refused (Connection refused). Failed messages: com.sun.mail.util.MailConnectException: Couldn't connect to host, port: smtp.qq.com, 25; timeout -1;
  nested exception is:
	java.net.SocketException: Can't connect to SOCKS proxy:Connection refused (Connection refused)
	at org.springframework.mail.javamail.JavaMailSenderImpl.doSend(JavaMailSenderImpl.java:448)
	at org.springframework.mail.javamail.JavaMailSenderImpl.send(JavaMailSenderImpl.java:361)
	at org.springframework.mail.javamail.JavaMailSenderImpl.send(JavaMailSenderImpl.java:356)
	at com.gzw.kd.mail.MailSend.sendEmail(MailSend.java:42)
	... 61 common frames omitted
Caused by: com.sun.mail.util.MailConnectException: Couldn't connect to host, port: smtp.qq.com, 25; timeout -1
	at com.sun.mail.smtp.SMTPTransport.openServer(SMTPTransport.java:2210)
	at com.sun.mail.smtp.SMTPTransport.protocolConnect(SMTPTransport.java:722)
	at javax.mail.Service.connect(Service.java:342)
	at org.springframework.mail.javamail.JavaMailSenderImpl.connectTransport(JavaMailSenderImpl.java:518)
	at org.springframework.mail.javamail.JavaMailSenderImpl.doSend(JavaMailSenderImpl.java:437)
	... 64 common frames omitted
Caused by: java.net.SocketException: Can't connect to SOCKS proxy:Connection refused (Connection refused)
	at java.net.SocksSocketImpl.connect(SocksSocketImpl.java:428)
	at java.net.Socket.connect(Socket.java:589)
	at java.net.Socket.connect(Socket.java:538)
	at com.sun.mail.util.SocketFetcher.createSocket(SocketFetcher.java:335)
	at com.sun.mail.util.SocketFetcher.getSocket(SocketFetcher.java:214)
	at com.sun.mail.smtp.SMTPTransport.openServer(SMTPTransport.java:2160)
	... 68 common frames omitted
 2023-04-12 23:52:21.176 [Thread-12] WARN  com.alibaba.nacos.common.http.HttpClientBeanHolder - [HttpClientBeanHolder] Start destroying common HttpClient
 2023-04-12 23:52:21.180 [Thread-9] WARN  com.alibaba.nacos.common.notify.NotifyCenter - [NotifyCenter] Start destroying Publisher
 2023-04-12 23:52:21.184 [Thread-9] WARN  com.alibaba.nacos.common.notify.NotifyCenter - [NotifyCenter] Destruction of the end
 2023-04-12 23:52:21.210 [Thread-12] WARN  com.alibaba.nacos.common.http.HttpClientBeanHolder - [HttpClientBeanHolder] Destruction of the end
 2023-04-12 23:52:50.338 [main] WARN  com.netflix.config.sources.URLConfigurationSource - No URLs will be polled as dynamic configuration sources.
 2023-04-12 23:52:50.350 [main] WARN  com.netflix.config.sources.URLConfigurationSource - No URLs will be polled as dynamic configuration sources.
 2023-04-12 23:54:32.819 [Thread-12] WARN  com.alibaba.nacos.common.http.HttpClientBeanHolder - [HttpClientBeanHolder] Start destroying common HttpClient
 2023-04-12 23:54:32.819 [Thread-9] WARN  com.alibaba.nacos.common.notify.NotifyCenter - [NotifyCenter] Start destroying Publisher
 2023-04-12 23:54:32.823 [Thread-9] WARN  com.alibaba.nacos.common.notify.NotifyCenter - [NotifyCenter] Destruction of the end
 2023-04-12 23:54:32.825 [Thread-12] WARN  com.alibaba.nacos.common.http.HttpClientBeanHolder - [HttpClientBeanHolder] Destruction of the end
 2023-04-12 23:56:01.541 [main] WARN  com.netflix.config.sources.URLConfigurationSource - No URLs will be polled as dynamic configuration sources.
 2023-04-12 23:56:01.553 [main] WARN  com.netflix.config.sources.URLConfigurationSource - No URLs will be polled as dynamic configuration sources.
