 2023-05-17 13:43:38.182 [main] WARN  com.gzw.kd.common.utils.TimeCostBeanPostProcessor - bean....:tomcatServletWebServerFactory time...211 :
 2023-05-17 13:43:39.880 [main] WARN  com.gzw.kd.common.utils.TimeCostBeanPostProcessor - bean....:oneDatasource time...551 :
 2023-05-17 13:43:42.662 [main] WARN  com.gzw.kd.common.utils.TimeCostBeanPostProcessor - bean....:flywayInitializer time...446 :
 2023-05-17 13:43:43.535 [main] WARN  com.gzw.kd.common.utils.TimeCostBeanPostProcessor - bean....:AESCrypt time...770 :
 2023-05-17 13:43:58.855 [main] WARN  com.gzw.kd.common.utils.TimeCostBeanPostProcessor - bean....:flowableAppEngine time...14462 :
 2023-05-17 13:44:01.195 [main] WARN  com.netflix.config.sources.URLConfigurationSource - No URLs will be polled as dynamic configuration sources.
 2023-05-17 13:44:01.205 [main] WARN  com.netflix.config.sources.URLConfigurationSource - No URLs will be polled as dynamic configuration sources.
 2023-05-17 18:25:06.811 [Thread-12] WARN  com.alibaba.nacos.common.http.HttpClientBeanHolder - [HttpClientBeanHolder] Start destroying common HttpClient
 2023-05-17 18:25:06.817 [Thread-9] WARN  com.alibaba.nacos.common.notify.NotifyCenter - [NotifyCenter] Start destroying Publisher
 2023-05-17 18:25:06.822 [Thread-9] WARN  com.alibaba.nacos.common.notify.NotifyCenter - [NotifyCenter] Destruction of the end
 2023-05-17 18:25:06.861 [Thread-12] WARN  com.alibaba.nacos.common.http.HttpClientBeanHolder - [HttpClientBeanHolder] Destruction of the end
 2023-05-17 19:06:34.535 [main] WARN  com.gzw.kd.common.utils.TimeCostBeanPostProcessor - bean....:tomcatServletWebServerFactory time...210 :
 2023-05-17 19:06:36.303 [main] WARN  com.gzw.kd.common.utils.TimeCostBeanPostProcessor - bean....:oneDatasource time...720 :
 2023-05-17 19:06:36.502 [main] WARN  com.gzw.kd.common.utils.TimeCostBeanPostProcessor - bean....:twoDatasource time...171 :
 2023-05-17 19:06:36.700 [main] WARN  com.gzw.kd.common.utils.TimeCostBeanPostProcessor - bean....:threeDatasource time...179 :
 2023-05-17 19:06:39.149 [main] WARN  com.gzw.kd.common.utils.TimeCostBeanPostProcessor - bean....:flywayInitializer time...318 :
 2023-05-17 19:06:40.037 [main] WARN  com.gzw.kd.common.utils.TimeCostBeanPostProcessor - bean....:AESCrypt time...807 :
 2023-05-17 19:06:56.058 [main] WARN  com.gzw.kd.common.utils.TimeCostBeanPostProcessor - bean....:flowableAppEngine time...15152 :
 2023-05-17 19:06:57.298 [main] WARN  com.gzw.kd.common.utils.TimeCostBeanPostProcessor - bean....:schedulerFactoryBean time...996 :
 2023-05-17 19:06:58.637 [main] WARN  com.netflix.config.sources.URLConfigurationSource - No URLs will be polled as dynamic configuration sources.
 2023-05-17 19:06:58.647 [main] WARN  com.netflix.config.sources.URLConfigurationSource - No URLs will be polled as dynamic configuration sources.
 2023-05-17 19:06:59.975 [main] WARN  com.gzw.kd.common.utils.TimeCostBeanPostProcessor - bean....:freeMarkerConfigurer time...108 :
 2023-05-17 19:07:06.505 [Thread-9] WARN  com.alibaba.nacos.common.notify.NotifyCenter - [NotifyCenter] Start destroying Publisher
 2023-05-17 19:07:06.504 [Thread-12] WARN  com.alibaba.nacos.common.http.HttpClientBeanHolder - [HttpClientBeanHolder] Start destroying common HttpClient
 2023-05-17 19:07:06.506 [Thread-9] WARN  com.alibaba.nacos.common.notify.NotifyCenter - [NotifyCenter] Destruction of the end
 2023-05-17 19:07:06.506 [Thread-12] WARN  com.alibaba.nacos.common.http.HttpClientBeanHolder - [HttpClientBeanHolder] Destruction of the end
 2023-05-17 22:09:42.730 [main] WARN  com.gzw.kd.common.utils.TimeCostBeanPostProcessor - bean....:tomcatServletWebServerFactory time...200 :
 2023-05-17 22:09:44.459 [main] WARN  com.gzw.kd.common.utils.TimeCostBeanPostProcessor - bean....:oneDatasource time...607 :
 2023-05-17 22:09:47.383 [main] WARN  com.gzw.kd.common.utils.TimeCostBeanPostProcessor - bean....:flywayInitializer time...307 :
 2023-05-17 22:09:48.249 [main] WARN  com.gzw.kd.common.utils.TimeCostBeanPostProcessor - bean....:AESCrypt time...770 :
 2023-05-17 22:09:53.957 [main] WARN  com.gzw.kd.common.utils.TimeCostBeanPostProcessor - bean....:flowableAppEngine time...4668 :
 2023-05-17 22:09:55.359 [main] WARN  com.gzw.kd.common.utils.TimeCostBeanPostProcessor - bean....:springfox.documentation.swagger2.configuration.Swagger2DocumentationConfiguration time...620 :
 2023-05-17 22:09:56.100 [main] WARN  com.netflix.config.sources.URLConfigurationSource - No URLs will be polled as dynamic configuration sources.
 2023-05-17 22:09:56.112 [main] WARN  com.netflix.config.sources.URLConfigurationSource - No URLs will be polled as dynamic configuration sources.
 2023-05-17 22:09:57.410 [main] WARN  com.gzw.kd.common.utils.TimeCostBeanPostProcessor - bean....:freeMarkerConfigurer time...108 :
 2023-05-17 22:10:03.841 [Thread-9] WARN  com.alibaba.nacos.common.notify.NotifyCenter - [NotifyCenter] Start destroying Publisher
 2023-05-17 22:10:03.841 [Thread-12] WARN  com.alibaba.nacos.common.http.HttpClientBeanHolder - [HttpClientBeanHolder] Start destroying common HttpClient
 2023-05-17 22:10:03.842 [Thread-9] WARN  com.alibaba.nacos.common.notify.NotifyCenter - [NotifyCenter] Destruction of the end
 2023-05-17 22:10:03.842 [Thread-12] WARN  com.alibaba.nacos.common.http.HttpClientBeanHolder - [HttpClientBeanHolder] Destruction of the end
 2023-05-17 22:11:17.044 [main] WARN  com.gzw.kd.common.utils.TimeCostBeanPostProcessor - bean....:tomcatServletWebServerFactory time...181 :
 2023-05-17 22:11:18.093 [main] WARN  com.gzw.kd.common.utils.TimeCostBeanPostProcessor - bean....:oneDatasource time...392 :
 2023-05-17 22:11:20.365 [main] WARN  com.gzw.kd.common.utils.TimeCostBeanPostProcessor - bean....:flywayInitializer time...231 :
 2023-05-17 22:11:21.136 [main] WARN  com.gzw.kd.common.utils.TimeCostBeanPostProcessor - bean....:AESCrypt time...694 :
 2023-05-17 22:11:26.678 [main] WARN  com.gzw.kd.common.utils.TimeCostBeanPostProcessor - bean....:flowableAppEngine time...4557 :
 2023-05-17 22:11:28.308 [main] WARN  com.netflix.config.sources.URLConfigurationSource - No URLs will be polled as dynamic configuration sources.
 2023-05-17 22:11:28.320 [main] WARN  com.netflix.config.sources.URLConfigurationSource - No URLs will be polled as dynamic configuration sources.
