 2023-05-09 21:46:27.881 [main] WARN  com.gzw.kd.common.utils.TimeCostBeanPostProcessor - bean....:tomcatServletWebServerFactory time...183 :
 2023-05-09 21:46:29.556 [main] WARN  com.gzw.kd.common.utils.TimeCostBeanPostProcessor - bean....:oneDatasource time...637 :
 2023-05-09 21:46:32.489 [main] WARN  com.gzw.kd.common.utils.TimeCostBeanPostProcessor - bean....:flywayInitializer time...358 :
 2023-05-09 21:46:33.375 [main] WARN  com.gzw.kd.common.utils.TimeCostBeanPostProcessor - bean....:AESCrypt time...784 :
 2023-05-09 21:46:40.289 [main] WARN  com.gzw.kd.common.utils.TimeCostBeanPostProcessor - bean....:flowableAppEngine time...4787 :
 2023-05-09 21:46:40.666 [main] WARN  com.netflix.config.sources.URLConfigurationSource - No URLs will be polled as dynamic configuration sources.
 2023-05-09 21:46:40.676 [main] WARN  com.netflix.config.sources.URLConfigurationSource - No URLs will be polled as dynamic configuration sources.
 2023-05-09 21:46:43.006 [main] WARN  com.gzw.kd.common.utils.TimeCostBeanPostProcessor - bean....:freeMarkerConfigurer time...101 :
 2023-05-09 22:04:29.585 [Thread-12] WARN  com.alibaba.nacos.common.http.HttpClientBeanHolder - [HttpClientBeanHolder] Start destroying common HttpClient
 2023-05-09 22:04:29.586 [Thread-9] WARN  com.alibaba.nacos.common.notify.NotifyCenter - [NotifyCenter] Start destroying Publisher
 2023-05-09 22:04:29.592 [Thread-9] WARN  com.alibaba.nacos.common.notify.NotifyCenter - [NotifyCenter] Destruction of the end
 2023-05-09 22:04:29.598 [Thread-12] WARN  com.alibaba.nacos.common.http.HttpClientBeanHolder - [HttpClientBeanHolder] Destruction of the end
 2023-05-09 22:23:46.379 [main] WARN  com.gzw.kd.common.utils.TimeCostBeanPostProcessor - bean....:tomcatServletWebServerFactory time...227 :
 2023-05-09 22:23:48.088 [main] WARN  com.gzw.kd.common.utils.TimeCostBeanPostProcessor - bean....:oneDatasource time...630 :
 2023-05-09 22:23:48.288 [main] WARN  com.gzw.kd.common.utils.TimeCostBeanPostProcessor - bean....:twoDatasource time...126 :
 2023-05-09 22:23:48.436 [main] WARN  com.gzw.kd.common.utils.TimeCostBeanPostProcessor - bean....:threeDatasource time...120 :
 2023-05-09 22:23:50.810 [main] WARN  com.gzw.kd.common.utils.TimeCostBeanPostProcessor - bean....:applicationConfigMonitor time...157 :
 2023-05-09 22:23:52.300 [main] WARN  com.gzw.kd.common.utils.TimeCostBeanPostProcessor - bean....:flywayInitializer time...428 :
 2023-05-09 22:23:53.689 [main] WARN  com.gzw.kd.common.utils.TimeCostBeanPostProcessor - bean....:AESCrypt time...1255 :
 2023-05-09 22:23:54.100 [main] WARN  com.gzw.kd.common.utils.TimeCostBeanPostProcessor - bean....:schedulerFactoryBean time...103 :
 2023-05-09 22:24:01.151 [main] WARN  com.gzw.kd.common.utils.TimeCostBeanPostProcessor - bean....:flowableAppEngine time...4982 :
 2023-05-09 22:24:01.522 [main] WARN  com.netflix.config.sources.URLConfigurationSource - No URLs will be polled as dynamic configuration sources.
 2023-05-09 22:24:01.533 [main] WARN  com.netflix.config.sources.URLConfigurationSource - No URLs will be polled as dynamic configuration sources.
 2023-05-09 22:24:02.729 [main] WARN  com.gzw.kd.common.utils.TimeCostBeanPostProcessor - bean....:freeMarkerConfigurer time...101 :
 2023-05-09 22:25:38.208 [http-nio-8092-exec-5] WARN  com.gzw.kd.config.FilterConfig$UnifiedTokenFilter - kd tokenFiler validate token: [null] failed 
 2023-05-09 22:25:38.209 [http-nio-8092-exec-5] WARN  com.gzw.kd.common.utils.MessageUtils - locale zh
 2023-05-09 22:38:47.906 [Thread-12] WARN  com.alibaba.nacos.common.http.HttpClientBeanHolder - [HttpClientBeanHolder] Start destroying common HttpClient
 2023-05-09 22:38:47.911 [Thread-9] WARN  com.alibaba.nacos.common.notify.NotifyCenter - [NotifyCenter] Start destroying Publisher
 2023-05-09 22:38:47.915 [Thread-9] WARN  com.alibaba.nacos.common.notify.NotifyCenter - [NotifyCenter] Destruction of the end
 2023-05-09 22:38:47.920 [Thread-12] WARN  com.alibaba.nacos.common.http.HttpClientBeanHolder - [HttpClientBeanHolder] Destruction of the end
 2023-05-09 22:39:02.583 [main] WARN  com.gzw.kd.common.utils.TimeCostBeanPostProcessor - bean....:tomcatServletWebServerFactory time...406 :
 2023-05-09 22:39:04.084 [main] WARN  com.gzw.kd.common.utils.TimeCostBeanPostProcessor - bean....:oneDatasource time...500 :
 2023-05-09 22:39:06.524 [main] WARN  com.gzw.kd.common.utils.TimeCostBeanPostProcessor - bean....:flywayInitializer time...245 :
 2023-05-09 22:39:07.530 [main] WARN  com.gzw.kd.common.utils.TimeCostBeanPostProcessor - bean....:AESCrypt time...921 :
 2023-05-09 22:39:09.181 [main] WARN  com.gzw.kd.common.utils.TimeCostBeanPostProcessor - bean....:springProcessEngineConfiguration time...106 :
 2023-05-09 22:39:16.287 [main] WARN  com.gzw.kd.common.utils.TimeCostBeanPostProcessor - bean....:flowableAppEngine time...6384 :
 2023-05-09 22:39:16.771 [main] WARN  com.netflix.config.sources.URLConfigurationSource - No URLs will be polled as dynamic configuration sources.
 2023-05-09 22:39:16.783 [main] WARN  com.netflix.config.sources.URLConfigurationSource - No URLs will be polled as dynamic configuration sources.
 2023-05-09 22:39:19.365 [main] WARN  com.gzw.kd.common.utils.TimeCostBeanPostProcessor - bean....:freeMarkerConfigurer time...129 :
 2023-05-09 22:41:16.907 [Thread-9] WARN  com.alibaba.nacos.common.notify.NotifyCenter - [NotifyCenter] Start destroying Publisher
 2023-05-09 22:41:16.907 [Thread-12] WARN  com.alibaba.nacos.common.http.HttpClientBeanHolder - [HttpClientBeanHolder] Start destroying common HttpClient
 2023-05-09 22:41:16.907 [Thread-9] WARN  com.alibaba.nacos.common.notify.NotifyCenter - [NotifyCenter] Destruction of the end
 2023-05-09 22:41:16.909 [Thread-12] WARN  com.alibaba.nacos.common.http.HttpClientBeanHolder - [HttpClientBeanHolder] Destruction of the end
 2023-05-09 23:22:16.071 [main] WARN  com.gzw.kd.common.utils.TimeCostBeanPostProcessor - bean....:tomcatServletWebServerFactory time...258 :
 2023-05-09 23:22:17.891 [main] WARN  com.gzw.kd.common.utils.TimeCostBeanPostProcessor - bean....:oneDatasource time...653 :
 2023-05-09 23:22:20.705 [main] WARN  com.gzw.kd.common.utils.TimeCostBeanPostProcessor - bean....:flywayInitializer time...359 :
 2023-05-09 23:22:21.630 [main] WARN  com.gzw.kd.common.utils.TimeCostBeanPostProcessor - bean....:AESCrypt time...832 :
 2023-05-09 23:22:22.016 [main] WARN  com.gzw.kd.common.utils.TimeCostBeanPostProcessor - bean....:schedulerFactoryBean time...101 :
 2023-05-09 23:22:30.689 [main] WARN  com.gzw.kd.common.utils.TimeCostBeanPostProcessor - bean....:flowableAppEngine time...6260 :
 2023-05-09 23:22:31.171 [main] WARN  com.netflix.config.sources.URLConfigurationSource - No URLs will be polled as dynamic configuration sources.
 2023-05-09 23:22:31.186 [main] WARN  com.netflix.config.sources.URLConfigurationSource - No URLs will be polled as dynamic configuration sources.
 2023-05-09 23:22:33.144 [main] WARN  com.gzw.kd.common.utils.TimeCostBeanPostProcessor - bean....:contentService time...1028 :
 2023-05-09 23:22:33.788 [main] WARN  com.gzw.kd.common.utils.TimeCostBeanPostProcessor - bean....:freeMarkerConfigurer time...116 :
 2023-05-09 23:26:34.994 [Thread-12] WARN  com.alibaba.nacos.common.http.HttpClientBeanHolder - [HttpClientBeanHolder] Start destroying common HttpClient
 2023-05-09 23:26:34.994 [Thread-9] WARN  com.alibaba.nacos.common.notify.NotifyCenter - [NotifyCenter] Start destroying Publisher
 2023-05-09 23:26:34.995 [Thread-9] WARN  com.alibaba.nacos.common.notify.NotifyCenter - [NotifyCenter] Destruction of the end
 2023-05-09 23:26:34.998 [Thread-12] WARN  com.alibaba.nacos.common.http.HttpClientBeanHolder - [HttpClientBeanHolder] Destruction of the end
 2023-05-09 23:26:45.581 [main] WARN  com.gzw.kd.common.utils.TimeCostBeanPostProcessor - bean....:tomcatServletWebServerFactory time...217 :
 2023-05-09 23:26:47.176 [main] WARN  com.gzw.kd.common.utils.TimeCostBeanPostProcessor - bean....:oneDatasource time...591 :
 2023-05-09 23:26:49.824 [main] WARN  com.gzw.kd.common.utils.TimeCostBeanPostProcessor - bean....:flywayInitializer time...212 :
 2023-05-09 23:26:50.748 [main] WARN  com.gzw.kd.common.utils.TimeCostBeanPostProcessor - bean....:AESCrypt time...844 :
 2023-05-09 23:26:51.113 [main] WARN  com.gzw.kd.common.utils.TimeCostBeanPostProcessor - bean....:schedulerFactoryBean time...113 :
 2023-05-09 23:26:58.425 [main] WARN  com.gzw.kd.common.utils.TimeCostBeanPostProcessor - bean....:flowableAppEngine time...5169 :
 2023-05-09 23:26:58.844 [main] WARN  com.netflix.config.sources.URLConfigurationSource - No URLs will be polled as dynamic configuration sources.
 2023-05-09 23:26:58.854 [main] WARN  com.netflix.config.sources.URLConfigurationSource - No URLs will be polled as dynamic configuration sources.
 2023-05-09 23:27:00.547 [main] WARN  com.gzw.kd.common.utils.TimeCostBeanPostProcessor - bean....:spring.freemarker-org.springframework.boot.autoconfigure.freemarker.FreeMarkerProperties time...1199 :
 2023-05-09 23:54:34.330 [Thread-9] WARN  com.alibaba.nacos.common.notify.NotifyCenter - [NotifyCenter] Start destroying Publisher
 2023-05-09 23:54:34.329 [Thread-12] WARN  com.alibaba.nacos.common.http.HttpClientBeanHolder - [HttpClientBeanHolder] Start destroying common HttpClient
 2023-05-09 23:54:34.341 [Thread-9] WARN  com.alibaba.nacos.common.notify.NotifyCenter - [NotifyCenter] Destruction of the end
 2023-05-09 23:54:34.364 [Thread-12] WARN  com.alibaba.nacos.common.http.HttpClientBeanHolder - [HttpClientBeanHolder] Destruction of the end
 2023-05-09 23:58:22.332 [main] WARN  com.gzw.kd.common.utils.TimeCostBeanPostProcessor - bean....:tomcatServletWebServerFactory time...211 :
 2023-05-09 23:58:23.797 [main] WARN  com.gzw.kd.common.utils.TimeCostBeanPostProcessor - bean....:oneDatasource time...547 :
 2023-05-09 23:58:25.943 [main] WARN  com.gzw.kd.common.utils.TimeCostBeanPostProcessor - bean....:redisConnectionFactory time...129 :
 2023-05-09 23:58:26.351 [main] WARN  com.gzw.kd.common.utils.TimeCostBeanPostProcessor - bean....:applicationConfigMonitor time...139 :
 2023-05-09 23:58:27.778 [main] WARN  com.gzw.kd.common.utils.TimeCostBeanPostProcessor - bean....:flywayInitializer time...475 :
 2023-05-09 23:58:29.355 [main] WARN  com.gzw.kd.common.utils.TimeCostBeanPostProcessor - bean....:AESCrypt time...1428 :
 2023-05-09 23:58:29.903 [main] WARN  com.gzw.kd.common.utils.TimeCostBeanPostProcessor - bean....:schedulerFactoryBean time...151 :
 2023-05-09 23:58:38.379 [main] WARN  com.gzw.kd.common.utils.TimeCostBeanPostProcessor - bean....:flowableAppEngine time...6171 :
 2023-05-09 23:58:38.845 [main] WARN  com.netflix.config.sources.URLConfigurationSource - No URLs will be polled as dynamic configuration sources.
 2023-05-09 23:58:38.857 [main] WARN  com.netflix.config.sources.URLConfigurationSource - No URLs will be polled as dynamic configuration sources.
 2023-05-09 23:58:40.261 [main] WARN  com.gzw.kd.common.utils.TimeCostBeanPostProcessor - bean....:freeMarkerConfigurer time...113 :
 2023-05-09 23:58:40.884 [main] WARN  com.gzw.kd.common.utils.TimeCostBeanPostProcessor - bean....:loadBalancedRestTemplateInitializerDeprecated time...524 :
