 2023-05-10 00:01:14.463 [Thread-12] WARN  com.alibaba.nacos.common.http.HttpClientBeanHolder - [HttpClientBeanHolder] Start destroying common HttpClient
 2023-05-10 00:01:14.461 [Thread-9] WARN  com.alibaba.nacos.common.notify.NotifyCenter - [NotifyCenter] Start destroying Publisher
 2023-05-10 00:01:14.513 [Thread-9] WARN  com.alibaba.nacos.common.notify.NotifyCenter - [NotifyCenter] Destruction of the end
 2023-05-10 00:01:14.546 [Thread-12] WARN  com.alibaba.nacos.common.http.HttpClientBeanHolder - [HttpClientBeanHolder] Destruction of the end
 2023-05-10 00:02:27.365 [main] WARN  com.gzw.kd.common.utils.TimeCostBeanPostProcessor - bean....:tomcatServletWebServerFactory time...165 :
 2023-05-10 00:02:28.467 [main] WARN  com.gzw.kd.common.utils.TimeCostBeanPostProcessor - bean....:oneDatasource time...419 :
 2023-05-10 00:02:30.787 [main] WARN  com.gzw.kd.common.utils.TimeCostBeanPostProcessor - bean....:flywayInitializer time...258 :
 2023-05-10 00:02:31.595 [main] WARN  com.gzw.kd.common.utils.TimeCostBeanPostProcessor - bean....:AESCrypt time...735 :
 2023-05-10 00:02:38.785 [main] WARN  com.gzw.kd.common.utils.TimeCostBeanPostProcessor - bean....:flowableAppEngine time...4844 :
 2023-05-10 00:02:39.198 [main] WARN  com.netflix.config.sources.URLConfigurationSource - No URLs will be polled as dynamic configuration sources.
 2023-05-10 00:02:39.212 [main] WARN  com.netflix.config.sources.URLConfigurationSource - No URLs will be polled as dynamic configuration sources.
 2023-05-10 00:02:40.430 [main] WARN  com.gzw.kd.common.utils.TimeCostBeanPostProcessor - bean....:freeMarkerConfigurer time...107 :
 2023-05-10 08:52:56.047 [Thread-9] WARN  com.alibaba.nacos.common.notify.NotifyCenter - [NotifyCenter] Start destroying Publisher
 2023-05-10 08:52:56.047 [Thread-12] WARN  com.alibaba.nacos.common.http.HttpClientBeanHolder - [HttpClientBeanHolder] Start destroying common HttpClient
 2023-05-10 08:52:56.051 [Thread-9] WARN  com.alibaba.nacos.common.notify.NotifyCenter - [NotifyCenter] Destruction of the end
 2023-05-10 08:52:56.062 [Thread-12] WARN  com.alibaba.nacos.common.http.HttpClientBeanHolder - [HttpClientBeanHolder] Destruction of the end
 2023-05-10 11:11:12.268 [main] WARN  com.gzw.kd.common.utils.TimeCostBeanPostProcessor - bean....:tomcatServletWebServerFactory time...190 :
 2023-05-10 11:11:13.723 [main] WARN  com.gzw.kd.common.utils.TimeCostBeanPostProcessor - bean....:oneDatasource time...588 :
 2023-05-10 11:11:15.421 [main] WARN  com.gzw.kd.common.utils.TimeCostBeanPostProcessor - bean....:applicationConfigMonitor time...135 :
 2023-05-10 11:11:16.699 [main] WARN  com.gzw.kd.common.utils.TimeCostBeanPostProcessor - bean....:flywayInitializer time...424 :
 2023-05-10 11:11:17.962 [main] WARN  com.gzw.kd.common.utils.TimeCostBeanPostProcessor - bean....:AESCrypt time...1144 :
 2023-05-10 11:11:18.450 [main] WARN  com.gzw.kd.common.utils.TimeCostBeanPostProcessor - bean....:schedulerFactoryBean time...125 :
 2023-05-10 11:11:36.570 [main] WARN  com.gzw.kd.common.utils.TimeCostBeanPostProcessor - bean....:flowableAppEngine time...15977 :
 2023-05-10 11:11:36.982 [main] WARN  com.netflix.config.sources.URLConfigurationSource - No URLs will be polled as dynamic configuration sources.
 2023-05-10 11:11:36.994 [main] WARN  com.netflix.config.sources.URLConfigurationSource - No URLs will be polled as dynamic configuration sources.
 2023-05-10 11:22:55.725 [Thread-9] WARN  com.alibaba.nacos.common.http.HttpClientBeanHolder - [HttpClientBeanHolder] Start destroying common HttpClient
 2023-05-10 11:22:55.726 [Thread-6] WARN  com.alibaba.nacos.common.notify.NotifyCenter - [NotifyCenter] Start destroying Publisher
 2023-05-10 11:22:55.726 [Thread-6] WARN  com.alibaba.nacos.common.notify.NotifyCenter - [NotifyCenter] Destruction of the end
 2023-05-10 11:22:55.731 [Thread-9] WARN  com.alibaba.nacos.common.http.HttpClientBeanHolder - [HttpClientBeanHolder] Destruction of the end
 2023-05-10 13:59:18.820 [main] WARN  com.gzw.kd.common.utils.TimeCostBeanPostProcessor - bean....:tomcatServletWebServerFactory time...183 :
 2023-05-10 13:59:20.250 [main] WARN  com.gzw.kd.common.utils.TimeCostBeanPostProcessor - bean....:oneDatasource time...544 :
 2023-05-10 13:59:20.374 [main] WARN  com.gzw.kd.common.utils.TimeCostBeanPostProcessor - bean....:twoDatasource time...102 :
 2023-05-10 13:59:22.877 [main] WARN  com.gzw.kd.common.utils.TimeCostBeanPostProcessor - bean....:flywayInitializer time...252 :
 2023-05-10 13:59:23.710 [main] WARN  com.gzw.kd.common.utils.TimeCostBeanPostProcessor - bean....:AESCrypt time...752 :
 2023-05-10 13:59:43.063 [main] WARN  liquibase.changelog - modifyDataType will lose primary key/autoincrement/not null settings for mysql.  Use <sql> and re-specify all configuration if this is the case
 2023-05-10 13:59:43.064 [main] WARN  liquibase.changelog - modifyDataType will lose primary key/autoincrement/not null settings for mysql.  Use <sql> and re-specify all configuration if this is the case
 2023-05-10 13:59:43.064 [main] WARN  liquibase.changelog - modifyDataType will lose primary key/autoincrement/not null settings for mysql.  Use <sql> and re-specify all configuration if this is the case
 2023-05-10 13:59:43.524 [main] WARN  liquibase.changelog - modifyDataType will lose primary key/autoincrement/not null settings for mysql.  Use <sql> and re-specify all configuration if this is the case
 2023-05-10 13:59:43.524 [main] WARN  liquibase.changelog - modifyDataType will lose primary key/autoincrement/not null settings for mysql.  Use <sql> and re-specify all configuration if this is the case
 2023-05-10 13:59:44.910 [main] WARN  liquibase.changelog - modifyDataType will lose primary key/autoincrement/not null settings for mysql.  Use <sql> and re-specify all configuration if this is the case
 2023-05-10 13:59:44.911 [main] WARN  liquibase.changelog - modifyDataType will lose primary key/autoincrement/not null settings for mysql.  Use <sql> and re-specify all configuration if this is the case
 2023-05-10 13:59:44.911 [main] WARN  liquibase.changelog - modifyDataType will lose primary key/autoincrement/not null settings for mysql.  Use <sql> and re-specify all configuration if this is the case
 2023-05-10 13:59:44.911 [main] WARN  liquibase.changelog - modifyDataType will lose primary key/autoincrement/not null settings for mysql.  Use <sql> and re-specify all configuration if this is the case
 2023-05-10 13:59:44.911 [main] WARN  liquibase.changelog - modifyDataType will lose primary key/autoincrement/not null settings for mysql.  Use <sql> and re-specify all configuration if this is the case
 2023-05-10 13:59:44.911 [main] WARN  liquibase.changelog - modifyDataType will lose primary key/autoincrement/not null settings for mysql.  Use <sql> and re-specify all configuration if this is the case
 2023-05-10 13:59:44.911 [main] WARN  liquibase.changelog - modifyDataType will lose primary key/autoincrement/not null settings for mysql.  Use <sql> and re-specify all configuration if this is the case
 2023-05-10 13:59:44.911 [main] WARN  liquibase.changelog - modifyDataType will lose primary key/autoincrement/not null settings for mysql.  Use <sql> and re-specify all configuration if this is the case
 2023-05-10 13:59:44.911 [main] WARN  liquibase.changelog - modifyDataType will lose primary key/autoincrement/not null settings for mysql.  Use <sql> and re-specify all configuration if this is the case
 2023-05-10 13:59:44.911 [main] WARN  liquibase.changelog - modifyDataType will lose primary key/autoincrement/not null settings for mysql.  Use <sql> and re-specify all configuration if this is the case
 2023-05-10 13:59:44.911 [main] WARN  liquibase.changelog - modifyDataType will lose primary key/autoincrement/not null settings for mysql.  Use <sql> and re-specify all configuration if this is the case
 2023-05-10 13:59:44.912 [main] WARN  liquibase.changelog - modifyDataType will lose primary key/autoincrement/not null settings for mysql.  Use <sql> and re-specify all configuration if this is the case
 2023-05-10 13:59:44.912 [main] WARN  liquibase.changelog - modifyDataType will lose primary key/autoincrement/not null settings for mysql.  Use <sql> and re-specify all configuration if this is the case
 2023-05-10 13:59:44.912 [main] WARN  liquibase.changelog - modifyDataType will lose primary key/autoincrement/not null settings for mysql.  Use <sql> and re-specify all configuration if this is the case
 2023-05-10 13:59:44.912 [main] WARN  liquibase.changelog - modifyDataType will lose primary key/autoincrement/not null settings for mysql.  Use <sql> and re-specify all configuration if this is the case
 2023-05-10 13:59:44.912 [main] WARN  liquibase.changelog - modifyDataType will lose primary key/autoincrement/not null settings for mysql.  Use <sql> and re-specify all configuration if this is the case
 2023-05-10 13:59:44.912 [main] WARN  liquibase.changelog - modifyDataType will lose primary key/autoincrement/not null settings for mysql.  Use <sql> and re-specify all configuration if this is the case
 2023-05-10 13:59:44.912 [main] WARN  liquibase.changelog - modifyDataType will lose primary key/autoincrement/not null settings for mysql.  Use <sql> and re-specify all configuration if this is the case
 2023-05-10 13:59:44.912 [main] WARN  liquibase.changelog - modifyDataType will lose primary key/autoincrement/not null settings for mysql.  Use <sql> and re-specify all configuration if this is the case
 2023-05-10 13:59:44.912 [main] WARN  liquibase.changelog - modifyDataType will lose primary key/autoincrement/not null settings for mysql.  Use <sql> and re-specify all configuration if this is the case
 2023-05-10 13:59:44.912 [main] WARN  liquibase.changelog - modifyDataType will lose primary key/autoincrement/not null settings for mysql.  Use <sql> and re-specify all configuration if this is the case
 2023-05-10 13:59:46.129 [main] WARN  liquibase.changelog - modifyDataType will lose primary key/autoincrement/not null settings for mysql.  Use <sql> and re-specify all configuration if this is the case
 2023-05-10 13:59:46.243 [main] WARN  com.gzw.kd.common.utils.TimeCostBeanPostProcessor - bean....:flowableAppEngine time...20492 :
 2023-05-10 13:59:46.670 [main] WARN  com.netflix.config.sources.URLConfigurationSource - No URLs will be polled as dynamic configuration sources.
 2023-05-10 13:59:46.681 [main] WARN  com.netflix.config.sources.URLConfigurationSource - No URLs will be polled as dynamic configuration sources.
 2023-05-10 14:18:59.018 [Thread-9] WARN  com.alibaba.nacos.common.http.HttpClientBeanHolder - [HttpClientBeanHolder] Start destroying common HttpClient
 2023-05-10 14:18:59.020 [Thread-6] WARN  com.alibaba.nacos.common.notify.NotifyCenter - [NotifyCenter] Start destroying Publisher
 2023-05-10 14:18:59.022 [Thread-6] WARN  com.alibaba.nacos.common.notify.NotifyCenter - [NotifyCenter] Destruction of the end
 2023-05-10 14:18:59.045 [Thread-9] WARN  com.alibaba.nacos.common.http.HttpClientBeanHolder - [HttpClientBeanHolder] Destruction of the end
 2023-05-10 14:48:50.248 [main] WARN  com.gzw.kd.common.utils.TimeCostBeanPostProcessor - bean....:tomcatServletWebServerFactory time...234 :
 2023-05-10 14:48:51.707 [main] WARN  com.gzw.kd.common.utils.TimeCostBeanPostProcessor - bean....:oneDatasource time...520 :
 2023-05-10 14:48:53.596 [main] WARN  com.gzw.kd.common.utils.TimeCostBeanPostProcessor - bean....:redisConnectionFactory time...104 :
 2023-05-10 14:48:54.906 [main] WARN  com.gzw.kd.common.utils.TimeCostBeanPostProcessor - bean....:flywayInitializer time...335 :
 2023-05-10 14:48:55.943 [main] WARN  com.gzw.kd.common.utils.TimeCostBeanPostProcessor - bean....:AESCrypt time...936 :
 2023-05-10 14:48:56.402 [main] WARN  com.gzw.kd.common.utils.TimeCostBeanPostProcessor - bean....:schedulerFactoryBean time...126 :
 2023-05-10 14:49:04.273 [main] WARN  com.gzw.kd.common.utils.TimeCostBeanPostProcessor - bean....:flowableAppEngine time...5405 :
 2023-05-10 14:49:04.759 [main] WARN  com.netflix.config.sources.URLConfigurationSource - No URLs will be polled as dynamic configuration sources.
 2023-05-10 14:49:04.776 [main] WARN  com.netflix.config.sources.URLConfigurationSource - No URLs will be polled as dynamic configuration sources.
 2023-05-10 14:49:05.512 [main] WARN  com.gzw.kd.common.utils.TimeCostBeanPostProcessor - bean....:requestMappingHandlerAdapter time...127 :
 2023-05-10 14:49:07.299 [main] WARN  com.gzw.kd.common.utils.TimeCostBeanPostProcessor - bean....:formRepositoryService time...1097 :
 2023-05-10 14:49:07.908 [main] WARN  com.gzw.kd.common.utils.TimeCostBeanPostProcessor - bean....:freeMarkerConfigurer time...120 :
 2023-05-10 14:51:38.345 [Thread-9] WARN  com.alibaba.nacos.common.http.HttpClientBeanHolder - [HttpClientBeanHolder] Start destroying common HttpClient
 2023-05-10 14:51:38.349 [Thread-6] WARN  com.alibaba.nacos.common.notify.NotifyCenter - [NotifyCenter] Start destroying Publisher
 2023-05-10 14:51:38.353 [Thread-6] WARN  com.alibaba.nacos.common.notify.NotifyCenter - [NotifyCenter] Destruction of the end
 2023-05-10 14:51:38.373 [Thread-9] WARN  com.alibaba.nacos.common.http.HttpClientBeanHolder - [HttpClientBeanHolder] Destruction of the end
 2023-05-10 14:54:14.661 [main] WARN  com.gzw.kd.common.utils.TimeCostBeanPostProcessor - bean....:tomcatServletWebServerFactory time...262 :
 2023-05-10 14:54:16.568 [main] WARN  com.gzw.kd.common.utils.TimeCostBeanPostProcessor - bean....:oneDatasource time...649 :
 2023-05-10 14:54:19.626 [main] WARN  com.gzw.kd.common.utils.TimeCostBeanPostProcessor - bean....:flywayInitializer time...503 :
 2023-05-10 14:54:22.304 [main] WARN  com.gzw.kd.common.utils.TimeCostBeanPostProcessor - bean....:AESCrypt time...2398 :
 2023-05-10 14:54:23.119 [main] WARN  com.gzw.kd.common.utils.TimeCostBeanPostProcessor - bean....:schedulerFactoryBean time...250 :
 2023-05-10 14:54:26.073 [main] WARN  com.gzw.kd.common.utils.TimeCostBeanPostProcessor - bean....:springProcessEngineConfiguration time...479 :
 2023-05-10 14:54:26.494 [main] WARN  com.gzw.kd.common.utils.TimeCostBeanPostProcessor - bean....:idmEngineConfiguration time...126 :
 2023-05-10 14:54:28.670 [main] WARN  com.gzw.kd.common.utils.TimeCostBeanPostProcessor - bean....:cmmnEngineConfiguration time...849 :
 2023-05-10 14:54:29.797 [main] WARN  com.gzw.kd.common.utils.TimeCostBeanPostProcessor - bean....:formEngineConfiguration time...115 :
 2023-05-10 14:54:30.079 [main] WARN  com.gzw.kd.common.utils.TimeCostBeanPostProcessor - bean....:org.flowable.spring.boot.app.AppEngineAutoConfiguration time...138 :
 2023-05-10 14:54:47.288 [main] WARN  com.gzw.kd.common.utils.TimeCostBeanPostProcessor - bean....:flowableAppEngine time...16507 :
 2023-05-10 14:54:48.241 [main] WARN  com.netflix.config.sources.URLConfigurationSource - No URLs will be polled as dynamic configuration sources.
 2023-05-10 14:54:48.263 [main] WARN  com.netflix.config.sources.URLConfigurationSource - No URLs will be polled as dynamic configuration sources.
 2023-05-10 14:54:49.217 [main] WARN  com.gzw.kd.common.utils.TimeCostBeanPostProcessor - bean....:requestMappingHandlerAdapter time...134 :
 2023-05-10 14:54:50.649 [main] WARN  com.gzw.kd.common.utils.TimeCostBeanPostProcessor - bean....:freeMarkerConfigurer time...116 :
 2023-05-10 14:58:34.197 [Thread-6] WARN  com.alibaba.nacos.common.notify.NotifyCenter - [NotifyCenter] Start destroying Publisher
 2023-05-10 14:58:34.203 [Thread-9] WARN  com.alibaba.nacos.common.http.HttpClientBeanHolder - [HttpClientBeanHolder] Start destroying common HttpClient
 2023-05-10 14:58:34.205 [Thread-6] WARN  com.alibaba.nacos.common.notify.NotifyCenter - [NotifyCenter] Destruction of the end
 2023-05-10 14:58:34.220 [Thread-9] WARN  com.alibaba.nacos.common.http.HttpClientBeanHolder - [HttpClientBeanHolder] Destruction of the end
 2023-05-10 16:09:47.181 [main] WARN  com.gzw.kd.common.utils.TimeCostBeanPostProcessor - bean....:messageSource time...112 :
 2023-05-10 16:09:47.925 [main] WARN  com.gzw.kd.common.utils.TimeCostBeanPostProcessor - bean....:tomcatServletWebServerFactory time...617 :
 2023-05-10 16:09:51.726 [main] WARN  com.gzw.kd.common.utils.TimeCostBeanPostProcessor - bean....:oneDatasource time...1322 :
 2023-05-10 16:09:52.032 [main] WARN  com.gzw.kd.common.utils.TimeCostBeanPostProcessor - bean....:twoDatasource time...194 :
 2023-05-10 16:09:52.284 [main] WARN  com.gzw.kd.common.utils.TimeCostBeanPostProcessor - bean....:threeDatasource time...213 :
 2023-05-10 16:09:54.351 [main] WARN  com.gzw.kd.common.utils.TimeCostBeanPostProcessor - bean....:redisConnectionFactory time...110 :
 2023-05-10 16:09:54.686 [main] WARN  com.gzw.kd.common.utils.TimeCostBeanPostProcessor - bean....:applicationConfigMonitor time...113 :
 2023-05-10 16:09:56.262 [main] WARN  com.gzw.kd.common.utils.TimeCostBeanPostProcessor - bean....:flywayInitializer time...717 :
 2023-05-10 16:09:57.379 [main] WARN  com.gzw.kd.common.utils.TimeCostBeanPostProcessor - bean....:AESCrypt time...968 :
 2023-05-10 16:10:04.332 [main] WARN  com.gzw.kd.common.utils.TimeCostBeanPostProcessor - bean....:flowableAppEngine time...5849 :
 2023-05-10 16:10:06.163 [main] WARN  com.gzw.kd.common.utils.TimeCostBeanPostProcessor - bean....:schedulerFactoryBean time...229 :
 2023-05-10 16:10:08.466 [main] WARN  com.netflix.config.sources.URLConfigurationSource - No URLs will be polled as dynamic configuration sources.
 2023-05-10 16:10:08.480 [main] WARN  com.netflix.config.sources.URLConfigurationSource - No URLs will be polled as dynamic configuration sources.
 2023-05-10 16:10:10.241 [main] WARN  com.gzw.kd.common.utils.TimeCostBeanPostProcessor - bean....:freeMarkerConfigurer time...155 :
 2023-05-10 16:12:07.692 [Thread-9] WARN  com.alibaba.nacos.common.http.HttpClientBeanHolder - [HttpClientBeanHolder] Start destroying common HttpClient
 2023-05-10 16:12:07.694 [Thread-6] WARN  com.alibaba.nacos.common.notify.NotifyCenter - [NotifyCenter] Start destroying Publisher
 2023-05-10 16:12:07.696 [Thread-6] WARN  com.alibaba.nacos.common.notify.NotifyCenter - [NotifyCenter] Destruction of the end
 2023-05-10 16:12:07.699 [Thread-9] WARN  com.alibaba.nacos.common.http.HttpClientBeanHolder - [HttpClientBeanHolder] Destruction of the end
 2023-05-10 16:23:18.974 [main] WARN  com.gzw.kd.common.utils.TimeCostBeanPostProcessor - bean....:tomcatServletWebServerFactory time...198 :
 2023-05-10 16:23:20.400 [main] WARN  com.gzw.kd.common.utils.TimeCostBeanPostProcessor - bean....:oneDatasource time...572 :
 2023-05-10 16:23:23.526 [main] WARN  com.gzw.kd.common.utils.TimeCostBeanPostProcessor - bean....:flywayInitializer time...386 :
 2023-05-10 16:23:24.466 [main] WARN  com.gzw.kd.common.utils.TimeCostBeanPostProcessor - bean....:AESCrypt time...829 :
 2023-05-10 16:23:41.804 [main] WARN  com.gzw.kd.common.utils.TimeCostBeanPostProcessor - bean....:flowableAppEngine time...16374 :
 2023-05-10 16:23:44.439 [main] WARN  com.netflix.config.sources.URLConfigurationSource - No URLs will be polled as dynamic configuration sources.
 2023-05-10 16:23:44.452 [main] WARN  com.netflix.config.sources.URLConfigurationSource - No URLs will be polled as dynamic configuration sources.
 2023-05-10 16:31:39.421 [Thread-9] WARN  com.alibaba.nacos.common.http.HttpClientBeanHolder - [HttpClientBeanHolder] Start destroying common HttpClient
 2023-05-10 16:31:39.423 [Thread-6] WARN  com.alibaba.nacos.common.notify.NotifyCenter - [NotifyCenter] Start destroying Publisher
 2023-05-10 16:31:39.426 [Thread-6] WARN  com.alibaba.nacos.common.notify.NotifyCenter - [NotifyCenter] Destruction of the end
 2023-05-10 16:31:39.441 [Thread-9] WARN  com.alibaba.nacos.common.http.HttpClientBeanHolder - [HttpClientBeanHolder] Destruction of the end
 2023-05-10 16:36:55.560 [main] WARN  com.gzw.kd.common.utils.TimeCostBeanPostProcessor - bean....:tomcatServletWebServerFactory time...221 :
 2023-05-10 16:36:56.995 [main] WARN  com.gzw.kd.common.utils.TimeCostBeanPostProcessor - bean....:oneDatasource time...529 :
 2023-05-10 16:36:59.451 [main] WARN  com.gzw.kd.common.utils.TimeCostBeanPostProcessor - bean....:flywayInitializer time...388 :
 2023-05-10 16:37:00.295 [main] WARN  com.gzw.kd.common.utils.TimeCostBeanPostProcessor - bean....:AESCrypt time...768 :
 2023-05-10 16:37:15.476 [main] WARN  com.gzw.kd.common.utils.TimeCostBeanPostProcessor - bean....:flowableAppEngine time...14380 :
 2023-05-10 16:37:17.935 [main] WARN  com.netflix.config.sources.URLConfigurationSource - No URLs will be polled as dynamic configuration sources.
 2023-05-10 16:37:17.947 [main] WARN  com.netflix.config.sources.URLConfigurationSource - No URLs will be polled as dynamic configuration sources.
 2023-05-10 16:40:25.354 [Thread-9] WARN  com.alibaba.nacos.common.http.HttpClientBeanHolder - [HttpClientBeanHolder] Start destroying common HttpClient
 2023-05-10 16:40:25.362 [Thread-6] WARN  com.alibaba.nacos.common.notify.NotifyCenter - [NotifyCenter] Start destroying Publisher
 2023-05-10 16:40:25.368 [Thread-6] WARN  com.alibaba.nacos.common.notify.NotifyCenter - [NotifyCenter] Destruction of the end
 2023-05-10 16:40:25.378 [Thread-9] WARN  com.alibaba.nacos.common.http.HttpClientBeanHolder - [HttpClientBeanHolder] Destruction of the end
 2023-05-10 16:43:29.901 [main] WARN  com.gzw.kd.common.utils.TimeCostBeanPostProcessor - bean....:tomcatServletWebServerFactory time...167 :
 2023-05-10 16:43:31.226 [main] WARN  com.gzw.kd.common.utils.TimeCostBeanPostProcessor - bean....:oneDatasource time...505 :
 2023-05-10 16:43:33.699 [main] WARN  com.gzw.kd.common.utils.TimeCostBeanPostProcessor - bean....:flywayInitializer time...249 :
 2023-05-10 16:43:34.592 [main] WARN  com.gzw.kd.common.utils.TimeCostBeanPostProcessor - bean....:AESCrypt time...810 :
 2023-05-10 16:43:40.680 [main] WARN  com.gzw.kd.common.utils.TimeCostBeanPostProcessor - bean....:flowableAppEngine time...5228 :
 2023-05-10 16:43:42.320 [main] WARN  com.netflix.config.sources.URLConfigurationSource - No URLs will be polled as dynamic configuration sources.
 2023-05-10 16:43:42.332 [main] WARN  com.netflix.config.sources.URLConfigurationSource - No URLs will be polled as dynamic configuration sources.
 2023-05-10 16:43:43.660 [main] WARN  com.gzw.kd.common.utils.TimeCostBeanPostProcessor - bean....:freeMarkerConfigurer time...105 :
 2023-05-10 16:50:30.198 [Thread-6] WARN  com.alibaba.nacos.common.notify.NotifyCenter - [NotifyCenter] Start destroying Publisher
 2023-05-10 16:50:30.198 [Thread-9] WARN  com.alibaba.nacos.common.http.HttpClientBeanHolder - [HttpClientBeanHolder] Start destroying common HttpClient
 2023-05-10 16:50:30.201 [Thread-6] WARN  com.alibaba.nacos.common.notify.NotifyCenter - [NotifyCenter] Destruction of the end
 2023-05-10 16:50:30.214 [Thread-9] WARN  com.alibaba.nacos.common.http.HttpClientBeanHolder - [HttpClientBeanHolder] Destruction of the end
 2023-05-10 16:50:57.043 [main] WARN  com.gzw.kd.common.utils.TimeCostBeanPostProcessor - bean....:tomcatServletWebServerFactory time...189 :
 2023-05-10 16:50:58.291 [main] WARN  com.gzw.kd.common.utils.TimeCostBeanPostProcessor - bean....:oneDatasource time...446 :
 2023-05-10 16:51:00.557 [main] WARN  com.gzw.kd.common.utils.TimeCostBeanPostProcessor - bean....:flywayInitializer time...249 :
 2023-05-10 16:51:01.385 [main] WARN  com.gzw.kd.common.utils.TimeCostBeanPostProcessor - bean....:AESCrypt time...760 :
 2023-05-10 16:51:07.315 [main] WARN  com.gzw.kd.common.utils.TimeCostBeanPostProcessor - bean....:flowableAppEngine time...5063 :
 2023-05-10 16:51:08.775 [main] WARN  com.netflix.config.sources.URLConfigurationSource - No URLs will be polled as dynamic configuration sources.
 2023-05-10 16:51:08.786 [main] WARN  com.netflix.config.sources.URLConfigurationSource - No URLs will be polled as dynamic configuration sources.
 2023-05-10 16:51:36.102 [Thread-6] WARN  com.alibaba.nacos.common.notify.NotifyCenter - [NotifyCenter] Start destroying Publisher
 2023-05-10 16:51:36.102 [Thread-9] WARN  com.alibaba.nacos.common.http.HttpClientBeanHolder - [HttpClientBeanHolder] Start destroying common HttpClient
 2023-05-10 16:51:36.103 [Thread-6] WARN  com.alibaba.nacos.common.notify.NotifyCenter - [NotifyCenter] Destruction of the end
 2023-05-10 16:51:36.103 [Thread-9] WARN  com.alibaba.nacos.common.http.HttpClientBeanHolder - [HttpClientBeanHolder] Destruction of the end
 2023-05-10 16:51:45.416 [main] WARN  com.gzw.kd.common.utils.TimeCostBeanPostProcessor - bean....:tomcatServletWebServerFactory time...256 :
 2023-05-10 16:51:46.944 [main] WARN  com.gzw.kd.common.utils.TimeCostBeanPostProcessor - bean....:oneDatasource time...541 :
 2023-05-10 16:51:49.748 [main] WARN  com.gzw.kd.common.utils.TimeCostBeanPostProcessor - bean....:flywayInitializer time...234 :
 2023-05-10 16:51:50.812 [main] WARN  com.gzw.kd.common.utils.TimeCostBeanPostProcessor - bean....:AESCrypt time...963 :
 2023-05-10 16:51:56.565 [main] WARN  com.gzw.kd.common.utils.TimeCostBeanPostProcessor - bean....:flowableAppEngine time...4790 :
 2023-05-10 16:51:57.047 [main] WARN  com.gzw.kd.common.utils.TimeCostBeanPostProcessor - bean....:schedulerFactoryBean time...118 :
 2023-05-10 16:51:59.834 [main] WARN  com.netflix.config.sources.URLConfigurationSource - No URLs will be polled as dynamic configuration sources.
 2023-05-10 16:51:59.845 [main] WARN  com.netflix.config.sources.URLConfigurationSource - No URLs will be polled as dynamic configuration sources.
 2023-05-10 16:59:31.665 [Thread-9] WARN  com.alibaba.nacos.common.http.HttpClientBeanHolder - [HttpClientBeanHolder] Start destroying common HttpClient
 2023-05-10 16:59:31.667 [Thread-6] WARN  com.alibaba.nacos.common.notify.NotifyCenter - [NotifyCenter] Start destroying Publisher
 2023-05-10 16:59:31.671 [Thread-6] WARN  com.alibaba.nacos.common.notify.NotifyCenter - [NotifyCenter] Destruction of the end
 2023-05-10 16:59:31.678 [Thread-9] WARN  com.alibaba.nacos.common.http.HttpClientBeanHolder - [HttpClientBeanHolder] Destruction of the end
 2023-05-10 16:59:42.273 [main] WARN  com.gzw.kd.common.utils.TimeCostBeanPostProcessor - bean....:tomcatServletWebServerFactory time...470 :
 2023-05-10 16:59:43.861 [main] WARN  com.gzw.kd.common.utils.TimeCostBeanPostProcessor - bean....:oneDatasource time...523 :
 2023-05-10 16:59:46.474 [main] WARN  com.gzw.kd.common.utils.TimeCostBeanPostProcessor - bean....:flywayInitializer time...239 :
 2023-05-10 16:59:47.929 [main] WARN  com.gzw.kd.common.utils.TimeCostBeanPostProcessor - bean....:AESCrypt time...1362 :
 2023-05-10 16:59:54.401 [main] WARN  com.gzw.kd.common.utils.TimeCostBeanPostProcessor - bean....:flowableAppEngine time...5488 :
 2023-05-10 16:59:56.114 [main] WARN  com.netflix.config.sources.URLConfigurationSource - No URLs will be polled as dynamic configuration sources.
 2023-05-10 16:59:56.124 [main] WARN  com.netflix.config.sources.URLConfigurationSource - No URLs will be polled as dynamic configuration sources.
 2023-05-10 16:59:56.656 [main] WARN  com.gzw.kd.common.utils.TimeCostBeanPostProcessor - bean....:requestMappingHandlerAdapter time...110 :
 2023-05-10 16:59:58.418 [main] WARN  com.gzw.kd.common.utils.TimeCostBeanPostProcessor - bean....:freeMarkerConfigurer time...111 :
 2023-05-10 17:02:14.209 [Thread-6] WARN  com.alibaba.nacos.common.notify.NotifyCenter - [NotifyCenter] Start destroying Publisher
 2023-05-10 17:02:14.210 [Thread-9] WARN  com.alibaba.nacos.common.http.HttpClientBeanHolder - [HttpClientBeanHolder] Start destroying common HttpClient
 2023-05-10 17:02:14.211 [Thread-6] WARN  com.alibaba.nacos.common.notify.NotifyCenter - [NotifyCenter] Destruction of the end
 2023-05-10 17:02:14.216 [Thread-9] WARN  com.alibaba.nacos.common.http.HttpClientBeanHolder - [HttpClientBeanHolder] Destruction of the end
 2023-05-10 17:03:50.713 [main] WARN  com.gzw.kd.common.utils.TimeCostBeanPostProcessor - bean....:tomcatServletWebServerFactory time...174 :
 2023-05-10 17:03:51.869 [main] WARN  com.gzw.kd.common.utils.TimeCostBeanPostProcessor - bean....:oneDatasource time...400 :
 2023-05-10 17:03:53.639 [main] WARN  com.gzw.kd.common.utils.TimeCostBeanPostProcessor - bean....:redisConnectionFactory time...127 :
 2023-05-10 17:03:55.079 [main] WARN  com.gzw.kd.common.utils.TimeCostBeanPostProcessor - bean....:flywayInitializer time...467 :
 2023-05-10 17:03:56.685 [main] WARN  com.gzw.kd.common.utils.TimeCostBeanPostProcessor - bean....:AESCrypt time...1475 :
 2023-05-10 17:04:07.940 [main] WARN  com.gzw.kd.common.utils.TimeCostBeanPostProcessor - bean....:flowableAppEngine time...9554 :
 2023-05-10 17:04:09.610 [main] WARN  com.netflix.config.sources.URLConfigurationSource - No URLs will be polled as dynamic configuration sources.
 2023-05-10 17:04:09.621 [main] WARN  com.netflix.config.sources.URLConfigurationSource - No URLs will be polled as dynamic configuration sources.
 2023-05-10 17:04:10.448 [main] WARN  com.gzw.kd.common.utils.TimeCostBeanPostProcessor - bean....:com.alibaba.druid.spring.boot.autoconfigure.stat.DruidFilterConfiguration time...228 :
 2023-05-10 17:04:11.343 [main] WARN  com.gzw.kd.common.utils.TimeCostBeanPostProcessor - bean....:freeMarkerConfigurer time...179 :
 2023-05-10 17:09:22.410 [main] WARN  com.gzw.kd.common.utils.TimeCostBeanPostProcessor - bean....:tomcatServletWebServerFactory time...418 :
 2023-05-10 17:09:25.048 [main] WARN  com.gzw.kd.common.utils.TimeCostBeanPostProcessor - bean....:oneDatasource time...1089 :
 2023-05-10 17:09:25.775 [main] WARN  com.gzw.kd.common.utils.TimeCostBeanPostProcessor - bean....:twoDatasource time...435 :
 2023-05-10 17:09:26.094 [main] WARN  com.gzw.kd.common.utils.TimeCostBeanPostProcessor - bean....:threeDatasource time...161 :
 2023-05-10 17:09:28.375 [main] WARN  com.gzw.kd.common.utils.TimeCostBeanPostProcessor - bean....:redisConnectionFactory time...133 :
 2023-05-10 17:09:28.771 [main] WARN  com.gzw.kd.common.utils.TimeCostBeanPostProcessor - bean....:applicationConfigMonitor time...131 :
 2023-05-10 17:09:30.192 [main] WARN  com.gzw.kd.common.utils.TimeCostBeanPostProcessor - bean....:flywayInitializer time...576 :
 2023-05-10 17:09:31.402 [main] WARN  com.gzw.kd.common.utils.TimeCostBeanPostProcessor - bean....:AESCrypt time...1053 :
 2023-05-10 17:09:37.229 [main] WARN  com.gzw.kd.common.utils.TimeCostBeanPostProcessor - bean....:flowableAppEngine time...4881 :
 2023-05-10 17:09:38.907 [main] WARN  com.gzw.kd.common.utils.TimeCostBeanPostProcessor - bean....:configJdbcTemplate time...190 :
 2023-05-10 17:09:38.977 [main] WARN  com.netflix.config.sources.URLConfigurationSource - No URLs will be polled as dynamic configuration sources.
 2023-05-10 17:09:38.989 [main] WARN  com.netflix.config.sources.URLConfigurationSource - No URLs will be polled as dynamic configuration sources.
 2023-05-10 17:09:39.594 [main] WARN  com.gzw.kd.common.utils.TimeCostBeanPostProcessor - bean....:requestMappingHandlerAdapter time...159 :
 2023-05-10 17:09:41.342 [main] WARN  com.gzw.kd.common.utils.TimeCostBeanPostProcessor - bean....:freeMarkerConfigurer time...161 :
 2023-05-10 17:18:08.726 [Thread-6] WARN  com.alibaba.nacos.common.notify.NotifyCenter - [NotifyCenter] Start destroying Publisher
 2023-05-10 17:18:08.726 [Thread-9] WARN  com.alibaba.nacos.common.http.HttpClientBeanHolder - [HttpClientBeanHolder] Start destroying common HttpClient
 2023-05-10 17:18:08.733 [Thread-6] WARN  com.alibaba.nacos.common.notify.NotifyCenter - [NotifyCenter] Destruction of the end
 2023-05-10 17:18:08.747 [Thread-9] WARN  com.alibaba.nacos.common.http.HttpClientBeanHolder - [HttpClientBeanHolder] Destruction of the end
 2023-05-10 17:22:43.347 [main] WARN  com.gzw.kd.common.utils.TimeCostBeanPostProcessor - bean....:tomcatServletWebServerFactory time...253 :
 2023-05-10 17:22:44.793 [main] WARN  com.gzw.kd.common.utils.TimeCostBeanPostProcessor - bean....:oneDatasource time...517 :
 2023-05-10 17:22:47.405 [main] WARN  com.gzw.kd.common.utils.TimeCostBeanPostProcessor - bean....:flywayInitializer time...274 :
 2023-05-10 17:22:48.333 [main] WARN  com.gzw.kd.common.utils.TimeCostBeanPostProcessor - bean....:AESCrypt time...855 :
 2023-05-10 17:22:54.916 [main] WARN  com.gzw.kd.common.utils.TimeCostBeanPostProcessor - bean....:flowableAppEngine time...5745 :
 2023-05-10 17:22:55.325 [main] WARN  com.gzw.kd.common.utils.TimeCostBeanPostProcessor - bean....:schedulerFactoryBean time...118 :
 2023-05-10 17:22:56.640 [main] WARN  com.netflix.config.sources.URLConfigurationSource - No URLs will be polled as dynamic configuration sources.
 2023-05-10 17:22:56.657 [main] WARN  com.netflix.config.sources.URLConfigurationSource - No URLs will be polled as dynamic configuration sources.
 2023-05-10 17:22:57.422 [main] WARN  com.gzw.kd.common.utils.TimeCostBeanPostProcessor - bean....:com.github.pagehelper.autoconfigure.PageHelperAutoConfiguration time...211 :
 2023-05-10 17:22:58.054 [main] WARN  com.gzw.kd.common.utils.TimeCostBeanPostProcessor - bean....:freeMarkerConfigurer time...116 :
 2023-05-10 17:34:00.350 [Thread-6] WARN  com.alibaba.nacos.common.notify.NotifyCenter - [NotifyCenter] Start destroying Publisher
 2023-05-10 17:34:00.350 [Thread-9] WARN  com.alibaba.nacos.common.http.HttpClientBeanHolder - [HttpClientBeanHolder] Start destroying common HttpClient
 2023-05-10 17:34:00.358 [Thread-6] WARN  com.alibaba.nacos.common.notify.NotifyCenter - [NotifyCenter] Destruction of the end
 2023-05-10 17:34:00.383 [Thread-9] WARN  com.alibaba.nacos.common.http.HttpClientBeanHolder - [HttpClientBeanHolder] Destruction of the end
 2023-05-10 18:02:56.376 [main] WARN  com.gzw.kd.common.utils.TimeCostBeanPostProcessor - bean....:tomcatServletWebServerFactory time...225 :
 2023-05-10 18:02:57.774 [main] WARN  com.gzw.kd.common.utils.TimeCostBeanPostProcessor - bean....:oneDatasource time...508 :
 2023-05-10 18:03:00.441 [main] WARN  com.gzw.kd.common.utils.TimeCostBeanPostProcessor - bean....:flywayInitializer time...272 :
 2023-05-10 18:03:01.373 [main] WARN  com.gzw.kd.common.utils.TimeCostBeanPostProcessor - bean....:AESCrypt time...850 :
 2023-05-10 18:03:07.758 [main] WARN  liquibase.changelog - modifyDataType will lose primary key/autoincrement/not null settings for mysql.  Use <sql> and re-specify all configuration if this is the case
 2023-05-10 18:03:07.758 [main] WARN  liquibase.changelog - modifyDataType will lose primary key/autoincrement/not null settings for mysql.  Use <sql> and re-specify all configuration if this is the case
 2023-05-10 18:03:07.759 [main] WARN  liquibase.changelog - modifyDataType will lose primary key/autoincrement/not null settings for mysql.  Use <sql> and re-specify all configuration if this is the case
 2023-05-10 18:03:08.263 [main] WARN  liquibase.changelog - modifyDataType will lose primary key/autoincrement/not null settings for mysql.  Use <sql> and re-specify all configuration if this is the case
 2023-05-10 18:03:08.263 [main] WARN  liquibase.changelog - modifyDataType will lose primary key/autoincrement/not null settings for mysql.  Use <sql> and re-specify all configuration if this is the case
 2023-05-10 18:03:09.629 [main] WARN  liquibase.changelog - modifyDataType will lose primary key/autoincrement/not null settings for mysql.  Use <sql> and re-specify all configuration if this is the case
 2023-05-10 18:03:09.629 [main] WARN  liquibase.changelog - modifyDataType will lose primary key/autoincrement/not null settings for mysql.  Use <sql> and re-specify all configuration if this is the case
 2023-05-10 18:03:09.629 [main] WARN  liquibase.changelog - modifyDataType will lose primary key/autoincrement/not null settings for mysql.  Use <sql> and re-specify all configuration if this is the case
 2023-05-10 18:03:09.629 [main] WARN  liquibase.changelog - modifyDataType will lose primary key/autoincrement/not null settings for mysql.  Use <sql> and re-specify all configuration if this is the case
 2023-05-10 18:03:09.629 [main] WARN  liquibase.changelog - modifyDataType will lose primary key/autoincrement/not null settings for mysql.  Use <sql> and re-specify all configuration if this is the case
 2023-05-10 18:03:09.629 [main] WARN  liquibase.changelog - modifyDataType will lose primary key/autoincrement/not null settings for mysql.  Use <sql> and re-specify all configuration if this is the case
 2023-05-10 18:03:09.630 [main] WARN  liquibase.changelog - modifyDataType will lose primary key/autoincrement/not null settings for mysql.  Use <sql> and re-specify all configuration if this is the case
 2023-05-10 18:03:09.630 [main] WARN  liquibase.changelog - modifyDataType will lose primary key/autoincrement/not null settings for mysql.  Use <sql> and re-specify all configuration if this is the case
 2023-05-10 18:03:09.630 [main] WARN  liquibase.changelog - modifyDataType will lose primary key/autoincrement/not null settings for mysql.  Use <sql> and re-specify all configuration if this is the case
 2023-05-10 18:03:09.630 [main] WARN  liquibase.changelog - modifyDataType will lose primary key/autoincrement/not null settings for mysql.  Use <sql> and re-specify all configuration if this is the case
 2023-05-10 18:03:09.630 [main] WARN  liquibase.changelog - modifyDataType will lose primary key/autoincrement/not null settings for mysql.  Use <sql> and re-specify all configuration if this is the case
 2023-05-10 18:03:09.630 [main] WARN  liquibase.changelog - modifyDataType will lose primary key/autoincrement/not null settings for mysql.  Use <sql> and re-specify all configuration if this is the case
 2023-05-10 18:03:09.630 [main] WARN  liquibase.changelog - modifyDataType will lose primary key/autoincrement/not null settings for mysql.  Use <sql> and re-specify all configuration if this is the case
 2023-05-10 18:03:09.630 [main] WARN  liquibase.changelog - modifyDataType will lose primary key/autoincrement/not null settings for mysql.  Use <sql> and re-specify all configuration if this is the case
 2023-05-10 18:03:09.630 [main] WARN  liquibase.changelog - modifyDataType will lose primary key/autoincrement/not null settings for mysql.  Use <sql> and re-specify all configuration if this is the case
 2023-05-10 18:03:09.631 [main] WARN  liquibase.changelog - modifyDataType will lose primary key/autoincrement/not null settings for mysql.  Use <sql> and re-specify all configuration if this is the case
 2023-05-10 18:03:09.631 [main] WARN  liquibase.changelog - modifyDataType will lose primary key/autoincrement/not null settings for mysql.  Use <sql> and re-specify all configuration if this is the case
 2023-05-10 18:03:09.631 [main] WARN  liquibase.changelog - modifyDataType will lose primary key/autoincrement/not null settings for mysql.  Use <sql> and re-specify all configuration if this is the case
 2023-05-10 18:03:09.631 [main] WARN  liquibase.changelog - modifyDataType will lose primary key/autoincrement/not null settings for mysql.  Use <sql> and re-specify all configuration if this is the case
 2023-05-10 18:03:09.631 [main] WARN  liquibase.changelog - modifyDataType will lose primary key/autoincrement/not null settings for mysql.  Use <sql> and re-specify all configuration if this is the case
 2023-05-10 18:03:09.631 [main] WARN  liquibase.changelog - modifyDataType will lose primary key/autoincrement/not null settings for mysql.  Use <sql> and re-specify all configuration if this is the case
 2023-05-10 18:03:10.803 [main] WARN  liquibase.changelog - modifyDataType will lose primary key/autoincrement/not null settings for mysql.  Use <sql> and re-specify all configuration if this is the case
 2023-05-10 18:03:10.896 [main] WARN  com.gzw.kd.common.utils.TimeCostBeanPostProcessor - bean....:flowableAppEngine time...8622 :
 2023-05-10 18:03:12.475 [main] WARN  com.netflix.config.sources.URLConfigurationSource - No URLs will be polled as dynamic configuration sources.
 2023-05-10 18:03:12.486 [main] WARN  com.netflix.config.sources.URLConfigurationSource - No URLs will be polled as dynamic configuration sources.
 2023-05-10 18:03:14.498 [main] WARN  com.gzw.kd.common.utils.TimeCostBeanPostProcessor - bean....:freeMarkerConfigurer time...102 :
 2023-05-10 18:04:20.422 [Thread-6] WARN  com.alibaba.nacos.common.notify.NotifyCenter - [NotifyCenter] Start destroying Publisher
 2023-05-10 18:04:20.422 [Thread-9] WARN  com.alibaba.nacos.common.http.HttpClientBeanHolder - [HttpClientBeanHolder] Start destroying common HttpClient
 2023-05-10 18:04:20.426 [Thread-6] WARN  com.alibaba.nacos.common.notify.NotifyCenter - [NotifyCenter] Destruction of the end
 2023-05-10 18:04:20.427 [Thread-9] WARN  com.alibaba.nacos.common.http.HttpClientBeanHolder - [HttpClientBeanHolder] Destruction of the end
 2023-05-10 18:21:42.456 [main] WARN  com.gzw.kd.common.utils.TimeCostBeanPostProcessor - bean....:tomcatServletWebServerFactory time...184 :
 2023-05-10 18:21:43.855 [main] WARN  com.gzw.kd.common.utils.TimeCostBeanPostProcessor - bean....:oneDatasource time...492 :
 2023-05-10 18:21:46.417 [main] WARN  com.gzw.kd.common.utils.TimeCostBeanPostProcessor - bean....:flywayInitializer time...278 :
 2023-05-10 18:21:47.205 [main] WARN  com.gzw.kd.common.utils.TimeCostBeanPostProcessor - bean....:AESCrypt time...711 :
 2023-05-10 18:21:53.125 [main] WARN  com.gzw.kd.common.utils.TimeCostBeanPostProcessor - bean....:flowableAppEngine time...5077 :
 2023-05-10 18:21:54.656 [main] WARN  com.netflix.config.sources.URLConfigurationSource - No URLs will be polled as dynamic configuration sources.
 2023-05-10 18:21:54.667 [main] WARN  com.netflix.config.sources.URLConfigurationSource - No URLs will be polled as dynamic configuration sources.
 2023-05-10 18:21:56.008 [main] WARN  com.gzw.kd.common.utils.TimeCostBeanPostProcessor - bean....:freeMarkerConfigurer time...110 :
 2023-05-10 18:29:51.441 [Thread-6] WARN  com.alibaba.nacos.common.notify.NotifyCenter - [NotifyCenter] Start destroying Publisher
 2023-05-10 18:29:51.441 [Thread-9] WARN  com.alibaba.nacos.common.http.HttpClientBeanHolder - [HttpClientBeanHolder] Start destroying common HttpClient
 2023-05-10 18:29:51.444 [Thread-6] WARN  com.alibaba.nacos.common.notify.NotifyCenter - [NotifyCenter] Destruction of the end
 2023-05-10 18:29:51.450 [Thread-9] WARN  com.alibaba.nacos.common.http.HttpClientBeanHolder - [HttpClientBeanHolder] Destruction of the end
