 2023-05-03 11:58:16.840 [main] WARN  com.netflix.config.sources.URLConfigurationSource - No URLs will be polled as dynamic configuration sources.
 2023-05-03 11:58:16.853 [main] WARN  com.netflix.config.sources.URLConfigurationSource - No URLs will be polled as dynamic configuration sources.
kd.06f9fb39b59e46ee 2023-05-03 15:30:43.432 [http-nio-8092-exec-9] WARN  org.elasticsearch.client.RestClient - request [POST http://127.0.0.1:9200/log_data_all/_search?typed_keys=true&ignore_unavailable=false&expand_wildcards=open&allow_no_indices=true&ignore_throttled=true&search_type=query_then_fetch&batched_reduce_size=512&ccs_minimize_roundtrips=true] returned 1 warnings: [299 Elasticsearch-8.6.2-2d58d0f136141f03239816a4e360a8d17b6d8f29 "[ignore_throttled] parameter is deprecated because frozen indices have been deprecated. Consider cold or frozen tiers in place of frozen indices."]
kd.46d5f5d49a6d4404 2023-05-03 15:30:43.435 [http-nio-8092-exec-10] WARN  org.elasticsearch.client.RestClient - request [POST http://127.0.0.1:9200/log_data_all/_search?typed_keys=true&ignore_unavailable=false&expand_wildcards=open&allow_no_indices=true&ignore_throttled=true&search_type=query_then_fetch&batched_reduce_size=512&ccs_minimize_roundtrips=true] returned 1 warnings: [299 Elasticsearch-8.6.2-2d58d0f136141f03239816a4e360a8d17b6d8f29 "[ignore_throttled] parameter is deprecated because frozen indices have been deprecated. Consider cold or frozen tiers in place of frozen indices."]
kd.86dec53cb50641b2 2023-05-03 15:30:55.912 [http-nio-8092-exec-4] WARN  org.elasticsearch.client.RestClient - request [POST http://127.0.0.1:9200/log_data_all/_search?typed_keys=true&ignore_unavailable=false&expand_wildcards=open&allow_no_indices=true&ignore_throttled=true&search_type=query_then_fetch&batched_reduce_size=512&ccs_minimize_roundtrips=true] returned 1 warnings: [299 Elasticsearch-8.6.2-2d58d0f136141f03239816a4e360a8d17b6d8f29 "[ignore_throttled] parameter is deprecated because frozen indices have been deprecated. Consider cold or frozen tiers in place of frozen indices."]
 2023-05-03 15:31:29.417 [Thread-9] WARN  com.alibaba.nacos.common.notify.NotifyCenter - [NotifyCenter] Start destroying Publisher
 2023-05-03 15:31:29.419 [Thread-12] WARN  com.alibaba.nacos.common.http.HttpClientBeanHolder - [HttpClientBeanHolder] Start destroying common HttpClient
 2023-05-03 15:31:29.420 [Thread-9] WARN  com.alibaba.nacos.common.notify.NotifyCenter - [NotifyCenter] Destruction of the end
 2023-05-03 15:31:29.423 [Thread-12] WARN  com.alibaba.nacos.common.http.HttpClientBeanHolder - [HttpClientBeanHolder] Destruction of the end
 2023-05-03 15:31:54.532 [main] WARN  com.netflix.config.sources.URLConfigurationSource - No URLs will be polled as dynamic configuration sources.
 2023-05-03 15:31:54.547 [main] WARN  com.netflix.config.sources.URLConfigurationSource - No URLs will be polled as dynamic configuration sources.
kd.4e8fa840257d43d9 2023-05-03 15:33:40.022 [http-nio-8092-exec-7] WARN  org.elasticsearch.client.RestClient - request [POST http://127.0.0.1:9200/log_data_all/_search?typed_keys=true&ignore_unavailable=false&expand_wildcards=open&allow_no_indices=true&ignore_throttled=true&search_type=query_then_fetch&batched_reduce_size=512&ccs_minimize_roundtrips=true] returned 1 warnings: [299 Elasticsearch-8.6.2-2d58d0f136141f03239816a4e360a8d17b6d8f29 "[ignore_throttled] parameter is deprecated because frozen indices have been deprecated. Consider cold or frozen tiers in place of frozen indices."]
kd.4f763b145fef461b 2023-05-03 15:34:56.580 [http-nio-8092-exec-2] WARN  org.elasticsearch.client.RestClient - request [POST http://127.0.0.1:9200/log_data_all/_search?typed_keys=true&ignore_unavailable=false&expand_wildcards=open&allow_no_indices=true&ignore_throttled=true&search_type=query_then_fetch&batched_reduce_size=512&ccs_minimize_roundtrips=true] returned 1 warnings: [299 Elasticsearch-8.6.2-2d58d0f136141f03239816a4e360a8d17b6d8f29 "[ignore_throttled] parameter is deprecated because frozen indices have been deprecated. Consider cold or frozen tiers in place of frozen indices."]
 2023-05-03 15:36:44.101 [Thread-9] WARN  com.alibaba.nacos.common.notify.NotifyCenter - [NotifyCenter] Start destroying Publisher
 2023-05-03 15:36:44.101 [Thread-12] WARN  com.alibaba.nacos.common.http.HttpClientBeanHolder - [HttpClientBeanHolder] Start destroying common HttpClient
 2023-05-03 15:36:44.102 [Thread-9] WARN  com.alibaba.nacos.common.notify.NotifyCenter - [NotifyCenter] Destruction of the end
 2023-05-03 15:36:44.105 [Thread-12] WARN  com.alibaba.nacos.common.http.HttpClientBeanHolder - [HttpClientBeanHolder] Destruction of the end
 2023-05-03 15:50:09.753 [main] WARN  com.netflix.config.sources.URLConfigurationSource - No URLs will be polled as dynamic configuration sources.
 2023-05-03 15:50:09.765 [main] WARN  com.netflix.config.sources.URLConfigurationSource - No URLs will be polled as dynamic configuration sources.
kd.a642a6e8062c46f0 2023-05-03 15:56:54.015 [http-nio-8092-exec-3] WARN  org.elasticsearch.client.RestClient - request [POST http://127.0.0.1:9200/log_data_all/_search?typed_keys=true&ignore_unavailable=false&expand_wildcards=open&allow_no_indices=true&ignore_throttled=true&search_type=query_then_fetch&batched_reduce_size=512&ccs_minimize_roundtrips=true] returned 1 warnings: [299 Elasticsearch-8.6.2-2d58d0f136141f03239816a4e360a8d17b6d8f29 "[ignore_throttled] parameter is deprecated because frozen indices have been deprecated. Consider cold or frozen tiers in place of frozen indices."]
kd.4592c3d84d964496 2023-05-03 16:00:49.777 [http-nio-8092-exec-4] WARN  org.elasticsearch.client.RestClient - request [POST http://127.0.0.1:9200/log_data_all/_search?typed_keys=true&ignore_unavailable=false&expand_wildcards=open&allow_no_indices=true&ignore_throttled=true&search_type=query_then_fetch&batched_reduce_size=512&ccs_minimize_roundtrips=true] returned 1 warnings: [299 Elasticsearch-8.6.2-2d58d0f136141f03239816a4e360a8d17b6d8f29 "[ignore_throttled] parameter is deprecated because frozen indices have been deprecated. Consider cold or frozen tiers in place of frozen indices."]
kd.ef092603aef54e70 2023-05-03 16:02:02.381 [http-nio-8092-exec-3] WARN  org.elasticsearch.client.RestClient - request [POST http://127.0.0.1:9200/log_data_all/_search?typed_keys=true&ignore_unavailable=false&expand_wildcards=open&allow_no_indices=true&ignore_throttled=true&search_type=query_then_fetch&batched_reduce_size=512&ccs_minimize_roundtrips=true] returned 1 warnings: [299 Elasticsearch-8.6.2-2d58d0f136141f03239816a4e360a8d17b6d8f29 "[ignore_throttled] parameter is deprecated because frozen indices have been deprecated. Consider cold or frozen tiers in place of frozen indices."]
kd.d3058dca2c234c17 2023-05-03 16:02:42.790 [http-nio-8092-exec-7] WARN  org.elasticsearch.client.RestClient - request [POST http://127.0.0.1:9200/log_data_all/_search?typed_keys=true&ignore_unavailable=false&expand_wildcards=open&allow_no_indices=true&ignore_throttled=true&search_type=query_then_fetch&batched_reduce_size=512&ccs_minimize_roundtrips=true] returned 1 warnings: [299 Elasticsearch-8.6.2-2d58d0f136141f03239816a4e360a8d17b6d8f29 "[ignore_throttled] parameter is deprecated because frozen indices have been deprecated. Consider cold or frozen tiers in place of frozen indices."]
 2023-05-03 18:19:29.153 [Thread-9] WARN  com.alibaba.nacos.common.notify.NotifyCenter - [NotifyCenter] Start destroying Publisher
 2023-05-03 18:19:29.156 [Thread-12] WARN  com.alibaba.nacos.common.http.HttpClientBeanHolder - [HttpClientBeanHolder] Start destroying common HttpClient
 2023-05-03 18:19:29.156 [Thread-9] WARN  com.alibaba.nacos.common.notify.NotifyCenter - [NotifyCenter] Destruction of the end
 2023-05-03 18:19:29.162 [Thread-12] WARN  com.alibaba.nacos.common.http.HttpClientBeanHolder - [HttpClientBeanHolder] Destruction of the end
 2023-05-03 18:41:43.607 [main] WARN  com.netflix.config.sources.URLConfigurationSource - No URLs will be polled as dynamic configuration sources.
 2023-05-03 18:41:43.619 [main] WARN  com.netflix.config.sources.URLConfigurationSource - No URLs will be polled as dynamic configuration sources.
 2023-05-03 19:35:01.239 [Thread-9] WARN  com.alibaba.nacos.common.notify.NotifyCenter - [NotifyCenter] Start destroying Publisher
 2023-05-03 19:35:01.240 [Thread-12] WARN  com.alibaba.nacos.common.http.HttpClientBeanHolder - [HttpClientBeanHolder] Start destroying common HttpClient
 2023-05-03 19:35:01.245 [Thread-9] WARN  com.alibaba.nacos.common.notify.NotifyCenter - [NotifyCenter] Destruction of the end
 2023-05-03 19:35:01.264 [Thread-12] WARN  com.alibaba.nacos.common.http.HttpClientBeanHolder - [HttpClientBeanHolder] Destruction of the end
 2023-05-03 22:50:49.546 [main] WARN  com.netflix.config.sources.URLConfigurationSource - No URLs will be polled as dynamic configuration sources.
 2023-05-03 22:50:49.558 [main] WARN  com.netflix.config.sources.URLConfigurationSource - No URLs will be polled as dynamic configuration sources.
 2023-05-03 22:54:20.724 [Thread-9] WARN  com.alibaba.nacos.common.notify.NotifyCenter - [NotifyCenter] Start destroying Publisher
 2023-05-03 22:54:20.726 [Thread-12] WARN  com.alibaba.nacos.common.http.HttpClientBeanHolder - [HttpClientBeanHolder] Start destroying common HttpClient
 2023-05-03 22:54:20.726 [Thread-9] WARN  com.alibaba.nacos.common.notify.NotifyCenter - [NotifyCenter] Destruction of the end
 2023-05-03 22:54:20.730 [Thread-12] WARN  com.alibaba.nacos.common.http.HttpClientBeanHolder - [HttpClientBeanHolder] Destruction of the end
 2023-05-03 23:01:58.548 [main] WARN  com.netflix.config.sources.URLConfigurationSource - No URLs will be polled as dynamic configuration sources.
 2023-05-03 23:01:58.560 [main] WARN  com.netflix.config.sources.URLConfigurationSource - No URLs will be polled as dynamic configuration sources.
 2023-05-03 23:03:27.686 [Thread-12] WARN  com.alibaba.nacos.common.http.HttpClientBeanHolder - [HttpClientBeanHolder] Start destroying common HttpClient
 2023-05-03 23:03:27.686 [Thread-9] WARN  com.alibaba.nacos.common.notify.NotifyCenter - [NotifyCenter] Start destroying Publisher
 2023-05-03 23:03:27.687 [Thread-9] WARN  com.alibaba.nacos.common.notify.NotifyCenter - [NotifyCenter] Destruction of the end
 2023-05-03 23:03:27.688 [Thread-12] WARN  com.alibaba.nacos.common.http.HttpClientBeanHolder - [HttpClientBeanHolder] Destruction of the end
 2023-05-03 23:04:36.397 [main] WARN  com.netflix.config.sources.URLConfigurationSource - No URLs will be polled as dynamic configuration sources.
 2023-05-03 23:04:36.409 [main] WARN  com.netflix.config.sources.URLConfigurationSource - No URLs will be polled as dynamic configuration sources.
 2023-05-03 23:06:22.877 [Thread-9] WARN  com.alibaba.nacos.common.notify.NotifyCenter - [NotifyCenter] Start destroying Publisher
 2023-05-03 23:06:22.877 [Thread-12] WARN  com.alibaba.nacos.common.http.HttpClientBeanHolder - [HttpClientBeanHolder] Start destroying common HttpClient
 2023-05-03 23:06:22.879 [Thread-9] WARN  com.alibaba.nacos.common.notify.NotifyCenter - [NotifyCenter] Destruction of the end
 2023-05-03 23:06:22.881 [Thread-12] WARN  com.alibaba.nacos.common.http.HttpClientBeanHolder - [HttpClientBeanHolder] Destruction of the end
 2023-05-03 23:06:47.390 [main] WARN  com.netflix.config.sources.URLConfigurationSource - No URLs will be polled as dynamic configuration sources.
 2023-05-03 23:06:47.402 [main] WARN  com.netflix.config.sources.URLConfigurationSource - No URLs will be polled as dynamic configuration sources.
 2023-05-03 23:09:16.743 [Thread-9] WARN  com.alibaba.nacos.common.notify.NotifyCenter - [NotifyCenter] Start destroying Publisher
 2023-05-03 23:09:16.744 [Thread-12] WARN  com.alibaba.nacos.common.http.HttpClientBeanHolder - [HttpClientBeanHolder] Start destroying common HttpClient
 2023-05-03 23:09:16.748 [Thread-9] WARN  com.alibaba.nacos.common.notify.NotifyCenter - [NotifyCenter] Destruction of the end
 2023-05-03 23:09:16.749 [Thread-12] WARN  com.alibaba.nacos.common.http.HttpClientBeanHolder - [HttpClientBeanHolder] Destruction of the end
 2023-05-03 23:09:32.327 [main] WARN  com.netflix.config.sources.URLConfigurationSource - No URLs will be polled as dynamic configuration sources.
 2023-05-03 23:09:32.338 [main] WARN  com.netflix.config.sources.URLConfigurationSource - No URLs will be polled as dynamic configuration sources.
 2023-05-03 23:11:25.393 [Thread-9] WARN  com.alibaba.nacos.common.notify.NotifyCenter - [NotifyCenter] Start destroying Publisher
 2023-05-03 23:11:25.393 [Thread-12] WARN  com.alibaba.nacos.common.http.HttpClientBeanHolder - [HttpClientBeanHolder] Start destroying common HttpClient
 2023-05-03 23:11:25.398 [Thread-9] WARN  com.alibaba.nacos.common.notify.NotifyCenter - [NotifyCenter] Destruction of the end
 2023-05-03 23:11:25.403 [Thread-12] WARN  com.alibaba.nacos.common.http.HttpClientBeanHolder - [HttpClientBeanHolder] Destruction of the end
 2023-05-03 23:13:01.345 [main] WARN  com.netflix.config.sources.URLConfigurationSource - No URLs will be polled as dynamic configuration sources.
 2023-05-03 23:13:01.358 [main] WARN  com.netflix.config.sources.URLConfigurationSource - No URLs will be polled as dynamic configuration sources.
 2023-05-03 23:15:12.009 [Thread-12] WARN  com.alibaba.nacos.common.http.HttpClientBeanHolder - [HttpClientBeanHolder] Start destroying common HttpClient
 2023-05-03 23:15:12.009 [Thread-9] WARN  com.alibaba.nacos.common.notify.NotifyCenter - [NotifyCenter] Start destroying Publisher
 2023-05-03 23:15:12.011 [Thread-9] WARN  com.alibaba.nacos.common.notify.NotifyCenter - [NotifyCenter] Destruction of the end
 2023-05-03 23:15:12.013 [Thread-12] WARN  com.alibaba.nacos.common.http.HttpClientBeanHolder - [HttpClientBeanHolder] Destruction of the end
 2023-05-03 23:17:14.221 [main] WARN  com.netflix.config.sources.URLConfigurationSource - No URLs will be polled as dynamic configuration sources.
 2023-05-03 23:17:14.232 [main] WARN  com.netflix.config.sources.URLConfigurationSource - No URLs will be polled as dynamic configuration sources.
 2023-05-03 23:18:11.686 [Thread-12] WARN  com.alibaba.nacos.common.http.HttpClientBeanHolder - [HttpClientBeanHolder] Start destroying common HttpClient
 2023-05-03 23:18:11.686 [Thread-9] WARN  com.alibaba.nacos.common.notify.NotifyCenter - [NotifyCenter] Start destroying Publisher
 2023-05-03 23:18:11.687 [Thread-9] WARN  com.alibaba.nacos.common.notify.NotifyCenter - [NotifyCenter] Destruction of the end
 2023-05-03 23:18:11.688 [Thread-12] WARN  com.alibaba.nacos.common.http.HttpClientBeanHolder - [HttpClientBeanHolder] Destruction of the end
 2023-05-03 23:18:30.268 [main] WARN  com.netflix.config.sources.URLConfigurationSource - No URLs will be polled as dynamic configuration sources.
 2023-05-03 23:18:30.295 [main] WARN  com.netflix.config.sources.URLConfigurationSource - No URLs will be polled as dynamic configuration sources.
kd.1764079325fe40e9 2023-05-03 23:18:52.096 [http-nio-8092-exec-1] WARN  org.apache.catalina.util.SessionIdGeneratorBase - Creation of SecureRandom instance for session ID generation using [SHA1PRNG] took [177] milliseconds.
 2023-05-03 23:20:00.956 [Thread-12] WARN  com.alibaba.nacos.common.http.HttpClientBeanHolder - [HttpClientBeanHolder] Start destroying common HttpClient
 2023-05-03 23:20:00.956 [Thread-9] WARN  com.alibaba.nacos.common.notify.NotifyCenter - [NotifyCenter] Start destroying Publisher
 2023-05-03 23:20:00.957 [Thread-9] WARN  com.alibaba.nacos.common.notify.NotifyCenter - [NotifyCenter] Destruction of the end
 2023-05-03 23:20:00.958 [Thread-12] WARN  com.alibaba.nacos.common.http.HttpClientBeanHolder - [HttpClientBeanHolder] Destruction of the end
 2023-05-03 23:52:40.921 [main] WARN  com.netflix.config.sources.URLConfigurationSource - No URLs will be polled as dynamic configuration sources.
 2023-05-03 23:52:40.933 [main] WARN  com.netflix.config.sources.URLConfigurationSource - No URLs will be polled as dynamic configuration sources.
 2023-05-03 23:56:51.172 [Thread-9] WARN  com.alibaba.nacos.common.notify.NotifyCenter - [NotifyCenter] Start destroying Publisher
 2023-05-03 23:56:51.173 [Thread-12] WARN  com.alibaba.nacos.common.http.HttpClientBeanHolder - [HttpClientBeanHolder] Start destroying common HttpClient
 2023-05-03 23:56:51.178 [Thread-9] WARN  com.alibaba.nacos.common.notify.NotifyCenter - [NotifyCenter] Destruction of the end
 2023-05-03 23:56:51.188 [Thread-12] WARN  com.alibaba.nacos.common.http.HttpClientBeanHolder - [HttpClientBeanHolder] Destruction of the end
 2023-05-03 23:57:22.935 [main] WARN  com.netflix.config.sources.URLConfigurationSource - No URLs will be polled as dynamic configuration sources.
 2023-05-03 23:57:22.947 [main] WARN  com.netflix.config.sources.URLConfigurationSource - No URLs will be polled as dynamic configuration sources.
 2023-05-03 23:57:51.506 [Thread-9] WARN  com.alibaba.nacos.common.notify.NotifyCenter - [NotifyCenter] Start destroying Publisher
 2023-05-03 23:57:51.506 [Thread-12] WARN  com.alibaba.nacos.common.http.HttpClientBeanHolder - [HttpClientBeanHolder] Start destroying common HttpClient
 2023-05-03 23:57:51.507 [Thread-9] WARN  com.alibaba.nacos.common.notify.NotifyCenter - [NotifyCenter] Destruction of the end
 2023-05-03 23:57:51.508 [Thread-12] WARN  com.alibaba.nacos.common.http.HttpClientBeanHolder - [HttpClientBeanHolder] Destruction of the end
