 2023-04-19 00:01:10.347 [main] WARN  com.netflix.config.sources.URLConfigurationSource - No URLs will be polled as dynamic configuration sources.
 2023-04-19 00:01:10.361 [main] WARN  com.netflix.config.sources.URLConfigurationSource - No URLs will be polled as dynamic configuration sources.
kd.cf8742dc8a144ec9 2023-04-19 00:24:12.777 [http-nio-8092-exec-7] WARN  org.elasticsearch.client.RestClient - request [POST http://127.0.0.1:9200/log_data_all/_search?typed_keys=true&ignore_unavailable=false&expand_wildcards=open&allow_no_indices=true&ignore_throttled=true&search_type=query_then_fetch&batched_reduce_size=512&ccs_minimize_roundtrips=true] returned 1 warnings: [299 Elasticsearch-8.6.2-2d58d0f136141f03239816a4e360a8d17b6d8f29 "[ignore_throttled] parameter is deprecated because frozen indices have been deprecated. Consider cold or frozen tiers in place of frozen indices."]
 2023-04-19 00:48:38.083 [Thread-9] WARN  com.alibaba.nacos.common.notify.NotifyCenter - [NotifyCenter] Start destroying Publisher
 2023-04-19 00:48:38.083 [Thread-12] WARN  com.alibaba.nacos.common.http.HttpClientBeanHolder - [HttpClientBeanHolder] Start destroying common HttpClient
 2023-04-19 00:48:38.084 [Thread-9] WARN  com.alibaba.nacos.common.notify.NotifyCenter - [NotifyCenter] Destruction of the end
 2023-04-19 00:48:38.088 [Thread-12] WARN  com.alibaba.nacos.common.http.HttpClientBeanHolder - [HttpClientBeanHolder] Destruction of the end
 2023-04-19 00:48:53.533 [main] WARN  com.netflix.config.sources.URLConfigurationSource - No URLs will be polled as dynamic configuration sources.
 2023-04-19 00:48:53.550 [main] WARN  com.netflix.config.sources.URLConfigurationSource - No URLs will be polled as dynamic configuration sources.
kd.aa06d85a90c747f5 2023-04-19 00:53:13.146 [http-nio-8092-exec-6] WARN  org.elasticsearch.client.RestClient - request [POST http://127.0.0.1:9200/log_data_all/_search?typed_keys=true&ignore_unavailable=false&expand_wildcards=open&allow_no_indices=true&ignore_throttled=true&search_type=query_then_fetch&batched_reduce_size=512&ccs_minimize_roundtrips=true] returned 1 warnings: [299 Elasticsearch-8.6.2-2d58d0f136141f03239816a4e360a8d17b6d8f29 "[ignore_throttled] parameter is deprecated because frozen indices have been deprecated. Consider cold or frozen tiers in place of frozen indices."]
kd.f4133408075c4a3c 2023-04-19 17:55:06.754 [http-nio-8092-exec-10] WARN  org.elasticsearch.client.RestClient - request [POST http://127.0.0.1:9200/log_data_all/_search?typed_keys=true&ignore_unavailable=false&expand_wildcards=open&allow_no_indices=true&ignore_throttled=true&search_type=query_then_fetch&batched_reduce_size=512&ccs_minimize_roundtrips=true] returned 1 warnings: [299 Elasticsearch-8.6.2-2d58d0f136141f03239816a4e360a8d17b6d8f29 "[ignore_throttled] parameter is deprecated because frozen indices have been deprecated. Consider cold or frozen tiers in place of frozen indices."]
 2023-04-19 18:02:30.336 [Thread-12] WARN  com.alibaba.nacos.common.http.HttpClientBeanHolder - [HttpClientBeanHolder] Start destroying common HttpClient
 2023-04-19 18:02:30.336 [Thread-9] WARN  com.alibaba.nacos.common.notify.NotifyCenter - [NotifyCenter] Start destroying Publisher
 2023-04-19 18:02:30.336 [Thread-9] WARN  com.alibaba.nacos.common.notify.NotifyCenter - [NotifyCenter] Destruction of the end
 2023-04-19 18:02:30.342 [Thread-12] WARN  com.alibaba.nacos.common.http.HttpClientBeanHolder - [HttpClientBeanHolder] Destruction of the end
 2023-04-19 18:02:45.791 [main] WARN  com.netflix.config.sources.URLConfigurationSource - No URLs will be polled as dynamic configuration sources.
 2023-04-19 18:02:45.802 [main] WARN  com.netflix.config.sources.URLConfigurationSource - No URLs will be polled as dynamic configuration sources.
 2023-04-19 18:17:14.970 [main] WARN  com.netflix.config.sources.URLConfigurationSource - No URLs will be polled as dynamic configuration sources.
 2023-04-19 18:17:14.980 [main] WARN  com.netflix.config.sources.URLConfigurationSource - No URLs will be polled as dynamic configuration sources.
kd.f2790a3a36aa4e1c 2023-04-19 18:22:00.967 [http-nio-8092-exec-2] WARN  org.elasticsearch.client.RestClient - request [POST http://127.0.0.1:9200/log_data_all/_search?typed_keys=true&ignore_unavailable=false&expand_wildcards=open&allow_no_indices=true&ignore_throttled=true&search_type=query_then_fetch&batched_reduce_size=512&ccs_minimize_roundtrips=true] returned 1 warnings: [299 Elasticsearch-8.6.2-2d58d0f136141f03239816a4e360a8d17b6d8f29 "[ignore_throttled] parameter is deprecated because frozen indices have been deprecated. Consider cold or frozen tiers in place of frozen indices."]
kd.8e9d9f7f95fb4a8c 2023-04-19 18:26:02.112 [http-nio-8092-exec-8] WARN  org.elasticsearch.client.RestClient - request [POST http://127.0.0.1:9200/log_data_all/_search?typed_keys=true&ignore_unavailable=false&expand_wildcards=open&allow_no_indices=true&ignore_throttled=true&search_type=query_then_fetch&batched_reduce_size=512&ccs_minimize_roundtrips=true] returned 1 warnings: [299 Elasticsearch-8.6.2-2d58d0f136141f03239816a4e360a8d17b6d8f29 "[ignore_throttled] parameter is deprecated because frozen indices have been deprecated. Consider cold or frozen tiers in place of frozen indices."]
 2023-04-19 18:26:59.288 [Thread-9] WARN  com.alibaba.nacos.common.notify.NotifyCenter - [NotifyCenter] Start destroying Publisher
 2023-04-19 18:26:59.290 [Thread-12] WARN  com.alibaba.nacos.common.http.HttpClientBeanHolder - [HttpClientBeanHolder] Start destroying common HttpClient
 2023-04-19 18:26:59.290 [Thread-9] WARN  com.alibaba.nacos.common.notify.NotifyCenter - [NotifyCenter] Destruction of the end
 2023-04-19 18:26:59.300 [Thread-12] WARN  com.alibaba.nacos.common.http.HttpClientBeanHolder - [HttpClientBeanHolder] Destruction of the end
 2023-04-19 18:27:14.515 [main] WARN  com.netflix.config.sources.URLConfigurationSource - No URLs will be polled as dynamic configuration sources.
 2023-04-19 18:27:14.523 [main] WARN  com.netflix.config.sources.URLConfigurationSource - No URLs will be polled as dynamic configuration sources.
